<?xml version="1.0" encoding="utf-8"?><testsuite errors="0" failures="2" name="pytest" skips="164" tests="764" time="379.230"><testcase classname="awx.main.tests.functional.test_auth_token_limit" file="../../VirtualEnvs/Test_Tower_Unittest/venv/tower/lib/python2.7/site-packages/django/test/utils.py" line="192" name="test_get_tokens_over_limit" time="1.13955616951"></testcase><testcase classname="awx.main.tests.functional.test_db_credential" file="awx/main/tests/functional/test_db_credential.py" line="5" name="test_cred_unique_org_name_kind" time="0.127402067184"></testcase><testcase classname="awx.main.tests.functional.test_fixture_factories" file="awx/main/tests/functional/test_fixture_factories.py" line="4" name="test_roles_exc_not_persisted" time="0.00225830078125"></testcase><testcase classname="awx.main.tests.functional.test_fixture_factories" file="awx/main/tests/functional/test_fixture_factories.py" line="10" name="test_roles_exc_bad_object" time="0.0566551685333"></testcase><testcase classname="awx.main.tests.functional.test_fixture_factories" file="awx/main/tests/functional/test_fixture_factories.py" line="16" name="test_roles_exc_not_unique" time="0.137600898743"></testcase><testcase classname="awx.main.tests.functional.test_fixture_factories" file="awx/main/tests/functional/test_fixture_factories.py" line="23" name="test_roles_exc_not_assignment" time="0.104825258255"></testcase><testcase classname="awx.main.tests.functional.test_fixture_factories" file="awx/main/tests/functional/test_fixture_factories.py" line="30" name="test_roles_exc_not_found" time="0.153136014938"></testcase><testcase classname="awx.main.tests.functional.test_fixture_factories" file="awx/main/tests/functional/test_fixture_factories.py" line="37" name="test_roles_exc_not_user" time="0.105532169342"></testcase><testcase classname="awx.main.tests.functional.test_fixture_factories" file="awx/main/tests/functional/test_fixture_factories.py" line="44" name="test_org_factory_roles" time="0.343599081039"></testcase><testcase classname="awx.main.tests.functional.test_fixture_factories" file="awx/main/tests/functional/test_fixture_factories.py" line="61" name="test_org_factory" time="0.278643131256"></testcase><testcase classname="awx.main.tests.functional.test_fixture_factories" file="awx/main/tests/functional/test_fixture_factories.py" line="75" name="test_job_template_factory" time="0.613352775574"></testcase><testcase classname="awx.main.tests.functional.test_fixture_factories" file="awx/main/tests/functional/test_fixture_factories.py" line="94" name="test_survey_spec_generator_simple" time="0.00141382217407"></testcase><testcase classname="awx.main.tests.functional.test_fixture_factories" file="awx/main/tests/functional/test_fixture_factories.py" line="102" name="test_survey_spec_generator_mixed" time="0.00139689445496"></testcase><testcase classname="awx.main.tests.functional.test_jobs" file="awx/main/tests/functional/test_jobs.py" line="4" name="test_job_blocking" time="0.326079845428"></testcase><testcase classname="awx.main.tests.functional.test_jobs" file="awx/main/tests/functional/test_jobs.py" line="25" name="test_job_blocking_allow_simul" time="0.208909273148"></testcase><testcase classname="awx.main.tests.functional.test_jobs" file="awx/main/tests/functional/test_jobs.py" line="38" name="test_orphan_unified_job_creation" time="0.228013277054"></testcase><testcase classname="awx.main.tests.functional.test_notifications" file="awx/main/tests/functional/test_notifications.py" line="9" name="test_get_notification_template_list" time="0.361384868622"></testcase><testcase classname="awx.main.tests.functional.test_notifications" file="awx/main/tests/functional/test_notifications.py" line="16" name="test_basic_parameterization" time="0.127277135849"></testcase><testcase classname="awx.main.tests.functional.test_notifications" file="awx/main/tests/functional/test_notifications.py" line="40" name="test_encrypted_subfields" time="0.100378990173"></testcase><testcase classname="awx.main.tests.functional.test_notifications" file="awx/main/tests/functional/test_notifications.py" line="65" name="test_inherited_notification_templates" time="0.560702085495"></testcase><testcase classname="awx.main.tests.functional.test_notifications" file="awx/main/tests/functional/test_notifications.py" line="100" name="test_notification_template_merging" time="0.152523756027"></testcase><testcase classname="awx.main.tests.functional.test_notifications" file="awx/main/tests/functional/test_notifications.py" line="107" name="test_notification_template_simple_patch" time="0.104196071625"></testcase><testcase classname="awx.main.tests.functional.test_notifications" file="awx/main/tests/functional/test_notifications.py" line="111" name="test_notification_template_invalid_notification_type" time="0.0868580341339"></testcase><testcase classname="awx.main.tests.functional.test_notifications" file="awx/main/tests/functional/test_notifications.py" line="115" name="test_disallow_delete_when_notifications_pending" time="0.0914921760559"></testcase><testcase classname="awx.main.tests.functional.test_projects" file="awx/main/tests/functional/test_projects.py" line="24" name="test_user_project_list" time="0.706859111786"></testcase><testcase classname="awx.main.tests.functional.test_projects" file="awx/main/tests/functional/test_projects.py" line="53" name="test_team_project_list" time="1.10643601418"></testcase><testcase classname="awx.main.tests.functional.test_projects" file="awx/main/tests/functional/test_projects.py" line="85" name="test_team_project_list_fail1" time="0.477792024612"></testcase><testcase classname="awx.main.tests.functional.test_projects" file="awx/main/tests/functional/test_projects.py" line="91" name="test_create_project[rando-403]" time="0.165900945663"><system-out>{u&apos;detail&apos;: u&apos;You do not have permission to perform this action.&apos;}
</system-out></testcase><testcase classname="awx.main.tests.functional.test_projects" file="awx/main/tests/functional/test_projects.py" line="91" name="test_create_project[org_member-403]" time="0.165886878967"><system-out>{u&apos;detail&apos;: u&apos;You do not have permission to perform this action.&apos;}
</system-out></testcase><testcase classname="awx.main.tests.functional.test_projects" file="awx/main/tests/functional/test_projects.py" line="91" name="test_create_project[org_admin-201]" time="0.238087892532"><system-out>{&apos;scm_branch&apos;: u&apos;&apos;, &apos;scm_update_cache_timeout&apos;: 0, &apos;scm_clean&apos;: False, &apos;related&apos;: OrderedDict([(&apos;notification_templates_error&apos;, u&apos;/api/v1/projects/1/notification_templates_error/&apos;), (&apos;notification_templates_success&apos;, u&apos;/api/v1/projects/1/notification_templates_success/&apos;), (&apos;object_roles&apos;, u&apos;/api/v1/projects/1/object_roles/&apos;), (&apos;notification_templates_any&apos;, u&apos;/api/v1/projects/1/notification_templates_any/&apos;), (&apos;project_updates&apos;, u&apos;/api/v1/projects/1/project_updates/&apos;), (&apos;update&apos;, u&apos;/api/v1/projects/1/update/&apos;), (&apos;access_list&apos;, u&apos;/api/v1/projects/1/access_list/&apos;), (&apos;playbooks&apos;, u&apos;/api/v1/projects/1/playbooks/&apos;), (&apos;schedules&apos;, u&apos;/api/v1/projects/1/schedules/&apos;), (&apos;teams&apos;, u&apos;/api/v1/projects/1/teams/&apos;), (&apos;activity_stream&apos;, u&apos;/api/v1/projects/1/activity_stream/&apos;), (&apos;organization&apos;, u&apos;/api/v1/organizations/1/&apos;)]), &apos;scm_delete_on_update&apos;: False, &apos;last_updated&apos;: None, &apos;id&apos;: 1, &apos;last_job_failed&apos;: False, &apos;summary_fields&apos;: OrderedDict([(&apos;organization&apos;, OrderedDict([(&apos;id&apos;, 1), (&apos;name&apos;, u&apos;test-org&apos;), (&apos;description&apos;, u&apos;test-org-desc&apos;)])), (&apos;object_roles&apos;, {&apos;admin_role&apos;: {&apos;description&apos;: &apos;Can manage all aspects of the project&apos;, &apos;id&apos;: 11, &apos;name&apos;: &apos;Admin&apos;}, &apos;use_role&apos;: {&apos;description&apos;: &apos;Can use the project in a job template&apos;, &apos;id&apos;: 13, &apos;name&apos;: &apos;Use&apos;}, &apos;update_role&apos;: {&apos;description&apos;: &apos;May update project or inventory or group using the configured source update system&apos;, &apos;id&apos;: 14, &apos;name&apos;: &apos;Update&apos;}, &apos;read_role&apos;: {&apos;description&apos;: &apos;May view settings for the project&apos;, &apos;id&apos;: 12, &apos;name&apos;: &apos;Read&apos;}})]), &apos;has_schedules&apos;: False, &apos;local_path&apos;: u&apos;&apos;, &apos;scm_delete_on_next_update&apos;: False, &apos;type&apos;: &apos;project&apos;, &apos;status&apos;: &apos;missing&apos;, &apos;credential&apos;: None, &apos;description&apos;: u&apos;&apos;, &apos;last_job_run&apos;: None, &apos;scm_type&apos;: &apos;&apos;, &apos;scm_update_on_launch&apos;: False, &apos;next_job_run&apos;: None, &apos;name&apos;: u&apos;Project&apos;, &apos;created&apos;: datetime.datetime(2016, 7, 15, 17, 0, 4, 770465, tzinfo=&lt;UTC&gt;), &apos;url&apos;: u&apos;/api/v1/projects/1/&apos;, &apos;modified&apos;: datetime.datetime(2016, 7, 15, 17, 0, 4, 770478, tzinfo=&lt;UTC&gt;), &apos;scm_url&apos;: u&apos;&apos;, &apos;organization&apos;: 1, &apos;last_update_failed&apos;: False}
</system-out></testcase><testcase classname="awx.main.tests.functional.test_projects" file="awx/main/tests/functional/test_projects.py" line="91" name="test_create_project[admin-201]" time="0.2294049263"><system-out>{&apos;scm_branch&apos;: u&apos;&apos;, &apos;scm_update_cache_timeout&apos;: 0, &apos;scm_clean&apos;: False, &apos;related&apos;: OrderedDict([(&apos;notification_templates_error&apos;, u&apos;/api/v1/projects/1/notification_templates_error/&apos;), (&apos;notification_templates_success&apos;, u&apos;/api/v1/projects/1/notification_templates_success/&apos;), (&apos;object_roles&apos;, u&apos;/api/v1/projects/1/object_roles/&apos;), (&apos;notification_templates_any&apos;, u&apos;/api/v1/projects/1/notification_templates_any/&apos;), (&apos;project_updates&apos;, u&apos;/api/v1/projects/1/project_updates/&apos;), (&apos;update&apos;, u&apos;/api/v1/projects/1/update/&apos;), (&apos;access_list&apos;, u&apos;/api/v1/projects/1/access_list/&apos;), (&apos;playbooks&apos;, u&apos;/api/v1/projects/1/playbooks/&apos;), (&apos;schedules&apos;, u&apos;/api/v1/projects/1/schedules/&apos;), (&apos;teams&apos;, u&apos;/api/v1/projects/1/teams/&apos;), (&apos;activity_stream&apos;, u&apos;/api/v1/projects/1/activity_stream/&apos;), (&apos;organization&apos;, u&apos;/api/v1/organizations/1/&apos;)]), &apos;scm_delete_on_update&apos;: False, &apos;last_updated&apos;: None, &apos;id&apos;: 1, &apos;last_job_failed&apos;: False, &apos;summary_fields&apos;: OrderedDict([(&apos;organization&apos;, OrderedDict([(&apos;id&apos;, 1), (&apos;name&apos;, u&apos;test-org&apos;), (&apos;description&apos;, u&apos;test-org-desc&apos;)])), (&apos;object_roles&apos;, {&apos;admin_role&apos;: {&apos;description&apos;: &apos;Can manage all aspects of the project&apos;, &apos;id&apos;: 11, &apos;name&apos;: &apos;Admin&apos;}, &apos;use_role&apos;: {&apos;description&apos;: &apos;Can use the project in a job template&apos;, &apos;id&apos;: 13, &apos;name&apos;: &apos;Use&apos;}, &apos;update_role&apos;: {&apos;description&apos;: &apos;May update project or inventory or group using the configured source update system&apos;, &apos;id&apos;: 14, &apos;name&apos;: &apos;Update&apos;}, &apos;read_role&apos;: {&apos;description&apos;: &apos;May view settings for the project&apos;, &apos;id&apos;: 12, &apos;name&apos;: &apos;Read&apos;}})]), &apos;has_schedules&apos;: False, &apos;local_path&apos;: u&apos;&apos;, &apos;scm_delete_on_next_update&apos;: False, &apos;type&apos;: &apos;project&apos;, &apos;status&apos;: &apos;missing&apos;, &apos;credential&apos;: None, &apos;description&apos;: u&apos;&apos;, &apos;last_job_run&apos;: None, &apos;scm_type&apos;: &apos;&apos;, &apos;scm_update_on_launch&apos;: False, &apos;next_job_run&apos;: None, &apos;name&apos;: u&apos;Project&apos;, &apos;created&apos;: datetime.datetime(2016, 7, 15, 17, 0, 5, 1983, tzinfo=&lt;UTC&gt;), &apos;url&apos;: u&apos;/api/v1/projects/1/&apos;, &apos;modified&apos;: datetime.datetime(2016, 7, 15, 17, 0, 5, 1996, tzinfo=&lt;UTC&gt;), &apos;scm_url&apos;: u&apos;&apos;, &apos;organization&apos;: 1, &apos;last_update_failed&apos;: False}
</system-out></testcase><testcase classname="awx.main.tests.functional.test_projects" file="awx/main/tests/functional/test_projects.py" line="117" name="test_create_project_null_organization" time="0.166032075882"></testcase><testcase classname="awx.main.tests.functional.test_projects" file="awx/main/tests/functional/test_projects.py" line="121" name="test_create_project_null_organization_xfail" time="0.106310129166"></testcase><testcase classname="awx.main.tests.functional.test_projects" file="awx/main/tests/functional/test_projects.py" line="125" name="test_patch_project_null_organization" time="0.164103746414"></testcase><testcase classname="awx.main.tests.functional.test_projects" file="awx/main/tests/functional/test_projects.py" line="129" name="test_patch_project_null_organization_xfail" time="0.166342020035"></testcase><testcase classname="awx.main.tests.functional.test_rbac_api" file="awx/main/tests/functional/test_rbac_api.py" line="21" name="test_get_roles_list_admin" time="0.0936760902405"></testcase><testcase classname="awx.main.tests.functional.test_rbac_api" file="awx/main/tests/functional/test_rbac_api.py" line="30" name="test_get_roles_list_user" time="0.219631910324"></testcase><testcase classname="awx.main.tests.functional.test_rbac_api" file="awx/main/tests/functional/test_rbac_api.py" line="59" name="test_roles_visibility" time="0.202044963837"></testcase><testcase classname="awx.main.tests.functional.test_rbac_api" file="awx/main/tests/functional/test_rbac_api.py" line="68" name="test_roles_filter_visibility" time="0.292157173157"></testcase><testcase classname="awx.main.tests.functional.test_rbac_api" file="awx/main/tests/functional/test_rbac_api.py" line="82" name="test_cant_create_role" time="0.0170016288757"></testcase><testcase classname="awx.main.tests.functional.test_rbac_api" file="awx/main/tests/functional/test_rbac_api.py" line="92" name="test_cant_delete_role" time="0.0209641456604"></testcase><testcase classname="awx.main.tests.functional.test_rbac_api" file="awx/main/tests/functional/test_rbac_api.py" line="107" name="test_get_user_roles_list" time="0.0282850265503"></testcase><testcase classname="awx.main.tests.functional.test_rbac_api" file="awx/main/tests/functional/test_rbac_api.py" line="115" name="test_user_view_other_user_roles" time="0.316165685654"></testcase><testcase classname="awx.main.tests.functional.test_rbac_api" file="awx/main/tests/functional/test_rbac_api.py" line="163" name="test_add_role_to_user" time="0.0521330833435"></testcase><testcase classname="awx.main.tests.functional.test_rbac_api" file="awx/main/tests/functional/test_rbac_api.py" line="180" name="test_remove_role_from_user" time="0.057296037674"></testcase><testcase classname="awx.main.tests.functional.test_rbac_api" file="awx/main/tests/functional/test_rbac_api.py" line="199" name="test_get_teams_roles_list" time="0.134342193604"></testcase><testcase classname="awx.main.tests.functional.test_rbac_api" file="awx/main/tests/functional/test_rbac_api.py" line="211" name="test_add_role_to_teams" time="0.133434057236"></testcase><testcase classname="awx.main.tests.functional.test_rbac_api" file="awx/main/tests/functional/test_rbac_api.py" line="228" name="test_remove_role_from_teams" time="0.138099193573"></testcase><testcase classname="awx.main.tests.functional.test_rbac_api" file="awx/main/tests/functional/test_rbac_api.py" line="246" name="test_get_role" time="0.0208277702332"></testcase><testcase classname="awx.main.tests.functional.test_rbac_api" file="awx/main/tests/functional/test_rbac_api.py" line="253" name="test_put_role_405" time="0.0176951885223"></testcase><testcase classname="awx.main.tests.functional.test_rbac_api" file="awx/main/tests/functional/test_rbac_api.py" line="261" name="test_put_role_access_denied" time="0.016921043396"></testcase><testcase classname="awx.main.tests.functional.test_rbac_api" file="awx/main/tests/functional/test_rbac_api.py" line="272" name="test_get_role_users" time="0.0387089252472"></testcase><testcase classname="awx.main.tests.functional.test_rbac_api" file="awx/main/tests/functional/test_rbac_api.py" line="281" name="test_add_user_to_role" time="0.0260670185089"></testcase><testcase classname="awx.main.tests.functional.test_rbac_api" file="awx/main/tests/functional/test_rbac_api.py" line="288" name="test_remove_user_to_role" time="0.0266442298889"></testcase><testcase classname="awx.main.tests.functional.test_rbac_api" file="awx/main/tests/functional/test_rbac_api.py" line="296" name="test_org_admin_add_user_to_job_template" time="0.391309976578"></testcase><testcase classname="awx.main.tests.functional.test_rbac_api" file="awx/main/tests/functional/test_rbac_api.py" line="310" name="test_org_admin_remove_user_from_job_template" time="0.397822141647"></testcase><testcase classname="awx.main.tests.functional.test_rbac_api" file="awx/main/tests/functional/test_rbac_api.py" line="325" name="test_user_fail_to_add_user_to_job_template" time="0.351922750473"></testcase><testcase classname="awx.main.tests.functional.test_rbac_api" file="awx/main/tests/functional/test_rbac_api.py" line="341" name="test_user_fail_to_remove_user_to_job_template" time="0.36584687233"></testcase><testcase classname="awx.main.tests.functional.test_rbac_api" file="awx/main/tests/functional/test_rbac_api.py" line="361" name="test_get_role_teams" time="0.187963962555"></testcase><testcase classname="awx.main.tests.functional.test_rbac_api" file="awx/main/tests/functional/test_rbac_api.py" line="371" name="test_add_team_to_role" time="0.115761041641"></testcase><testcase classname="awx.main.tests.functional.test_rbac_api" file="awx/main/tests/functional/test_rbac_api.py" line="379" name="test_remove_team_from_role" time="0.119860887527"></testcase><testcase classname="awx.main.tests.functional.test_rbac_api" file="awx/main/tests/functional/test_rbac_api.py" line="393" name="test_role_parents" time="0.113780021667"></testcase><testcase classname="awx.main.tests.functional.test_rbac_api" file="awx/main/tests/functional/test_rbac_api.py" line="407" name="test_role_children" time="0.120100021362"></testcase><testcase classname="awx.main.tests.functional.test_rbac_api" file="awx/main/tests/functional/test_rbac_api.py" line="422" name="test_ensure_rbac_fields_are_present" time="0.116982936859"></testcase><testcase classname="awx.main.tests.functional.test_rbac_api" file="awx/main/tests/functional/test_rbac_api.py" line="440" name="test_ensure_role_summary_is_present" time="0.10097193718"></testcase><testcase classname="awx.main.tests.functional.test_rbac_core" file="awx/main/tests/functional/test_rbac_core.py" line="9" name="test_auto_inheritance_by_children" time="0.107910394669"></testcase><testcase classname="awx.main.tests.functional.test_rbac_core" file="awx/main/tests/functional/test_rbac_core.py" line="36" name="test_auto_inheritance_by_parents" time="0.131314277649"></testcase><testcase classname="awx.main.tests.functional.test_rbac_core" file="awx/main/tests/functional/test_rbac_core.py" line="56" name="test_accessible_objects" time="0.0971212387085"></testcase><testcase classname="awx.main.tests.functional.test_rbac_core" file="awx/main/tests/functional/test_rbac_core.py" line="70" name="test_team_symantics" time="0.136603832245"></testcase><testcase classname="awx.main.tests.functional.test_rbac_core" file="awx/main/tests/functional/test_rbac_core.py" line="81" name="test_auto_field_adjustments" time="0.269581079483"></testcase><testcase classname="awx.main.tests.functional.test_rbac_core" file="awx/main/tests/functional/test_rbac_core.py" line="95" name="test_implicit_deletes" time="0.169443845749"></testcase><testcase classname="awx.main.tests.functional.test_rbac_core" file="awx/main/tests/functional/test_rbac_core.py" line="122" name="test_content_object" time="0.0539479255676"></testcase><testcase classname="awx.main.tests.functional.test_rbac_core" file="awx/main/tests/functional/test_rbac_core.py" line="129" name="test_hierarchy_rebuilding_multi_path" time="0.0290400981903"></testcase><testcase classname="awx.main.tests.functional.test_rbac_core" file="awx/main/tests/functional/test_rbac_core.py" line="158" name="test_auto_parenting" time="0.426885843277"></testcase><testcase classname="awx.main.tests.functional.test_rbac_credential" file="awx/main/tests/functional/test_rbac_credential.py" line="10" name="test_credential_migration_user" time="0.136726140976"></testcase><testcase classname="awx.main.tests.functional.test_rbac_credential" file="awx/main/tests/functional/test_rbac_credential.py" line="20" name="test_two_teams_same_cred_name" time="0.425585031509"></testcase><testcase classname="awx.main.tests.functional.test_rbac_credential" file="awx/main/tests/functional/test_rbac_credential.py" line="35" name="test_credential_use_role" time="0.0877168178558"></testcase><testcase classname="awx.main.tests.functional.test_rbac_credential" file="awx/main/tests/functional/test_rbac_credential.py" line="41" name="test_credential_migration_team_member" time="0.287176847458"></testcase><testcase classname="awx.main.tests.functional.test_rbac_credential" file="awx/main/tests/functional/test_rbac_credential.py" line="59" name="test_credential_migration_team_admin" time="0.25501203537"></testcase><testcase classname="awx.main.tests.functional.test_rbac_credential" file="awx/main/tests/functional/test_rbac_credential.py" line="72" name="test_credential_access_superuser" time="0.00151681900024"></testcase><testcase classname="awx.main.tests.functional.test_rbac_credential" file="awx/main/tests/functional/test_rbac_credential.py" line="81" name="test_credential_access_auditor" time="0.194082975388"></testcase><testcase classname="awx.main.tests.functional.test_rbac_credential" file="awx/main/tests/functional/test_rbac_credential.py" line="92" name="test_credential_access_admin" time="0.332948446274"></testcase><testcase classname="awx.main.tests.functional.test_rbac_credential" file="awx/main/tests/functional/test_rbac_credential.py" line="118" name="test_org_credential_access_member" time="0.241781234741"></testcase><testcase classname="awx.main.tests.functional.test_rbac_credential" file="awx/main/tests/functional/test_rbac_credential.py" line="135" name="test_credential_access_org_permissions" time="0.331436157227"></testcase><testcase classname="awx.main.tests.functional.test_rbac_credential" file="awx/main/tests/functional/test_rbac_credential.py" line="158" name="test_cred_job_template_xfail" time="0.422877073288"></testcase><testcase classname="awx.main.tests.functional.test_rbac_credential" file="awx/main/tests/functional/test_rbac_credential.py" line="173" name="test_cred_job_template" time="0.529173135757"></testcase><testcase classname="awx.main.tests.functional.test_rbac_credential" file="awx/main/tests/functional/test_rbac_credential.py" line="194" name="test_cred_multi_job_template_single_org_xfail" time="0.427992105484"></testcase><testcase classname="awx.main.tests.functional.test_rbac_credential" file="awx/main/tests/functional/test_rbac_credential.py" line="210" name="test_cred_multi_job_template_single_org" time="0.515735864639"></testcase><testcase classname="awx.main.tests.functional.test_rbac_credential" file="awx/main/tests/functional/test_rbac_credential.py" line="229" name="test_single_cred_multi_job_template_multi_org" time="0.820486068726"></testcase><testcase classname="awx.main.tests.functional.test_rbac_credential" file="awx/main/tests/functional/test_rbac_credential.py" line="264" name="test_cred_inventory_source" time="0.260730981827"></testcase><testcase classname="awx.main.tests.functional.test_rbac_credential" file="awx/main/tests/functional/test_rbac_credential.py" line="280" name="test_cred_project" time="0.286260843277"></testcase><testcase classname="awx.main.tests.functional.test_rbac_credential" file="awx/main/tests/functional/test_rbac_credential.py" line="292" name="test_cred_no_org" time="0.0763692855835"></testcase><testcase classname="awx.main.tests.functional.test_rbac_credential" file="awx/main/tests/functional/test_rbac_credential.py" line="298" name="test_cred_team" time="0.283309936523"></testcase><testcase classname="awx.main.tests.functional.test_rbac_inventory" file="awx/main/tests/functional/test_rbac_inventory.py" line="15" name="test_custom_inv_script_access" time="0.15570473671"></testcase><testcase classname="awx.main.tests.functional.test_rbac_inventory" file="awx/main/tests/functional/test_rbac_inventory.py" line="31" name="test_inventory_admin_user" time="0.140009880066"></testcase><testcase classname="awx.main.tests.functional.test_rbac_inventory" file="awx/main/tests/functional/test_rbac_inventory.py" line="45" name="test_inventory_auditor_user" time="0.141496181488"></testcase><testcase classname="awx.main.tests.functional.test_rbac_inventory" file="awx/main/tests/functional/test_rbac_inventory.py" line="61" name="test_inventory_updater_user" time="0.138630867004"></testcase><testcase classname="awx.main.tests.functional.test_rbac_inventory" file="awx/main/tests/functional/test_rbac_inventory.py" line="76" name="test_inventory_executor_user" time="0.154615879059"></testcase><testcase classname="awx.main.tests.functional.test_rbac_inventory" file="awx/main/tests/functional/test_rbac_inventory.py" line="94" name="test_inventory_admin_team" time="0.204812049866"></testcase><testcase classname="awx.main.tests.functional.test_rbac_inventory" file="awx/main/tests/functional/test_rbac_inventory.py" line="115" name="test_inventory_auditor" time="0.20441198349"></testcase><testcase classname="awx.main.tests.functional.test_rbac_inventory" file="awx/main/tests/functional/test_rbac_inventory.py" line="137" name="test_inventory_updater" time="0.2038667202"></testcase><testcase classname="awx.main.tests.functional.test_rbac_inventory" file="awx/main/tests/functional/test_rbac_inventory.py" line="159" name="test_inventory_executor" time="0.220492839813"></testcase><testcase classname="awx.main.tests.functional.test_rbac_inventory" file="awx/main/tests/functional/test_rbac_inventory.py" line="181" name="test_access_admin" time="0.144086837769"></testcase><testcase classname="awx.main.tests.functional.test_rbac_inventory" file="awx/main/tests/functional/test_rbac_inventory.py" line="199" name="test_access_auditor" time="0.139775037766"></testcase><testcase classname="awx.main.tests.functional.test_rbac_inventory" file="awx/main/tests/functional/test_rbac_inventory.py" line="216" name="test_inventory_update_org_admin" time="0.195955991745"></testcase><testcase classname="awx.main.tests.functional.test_rbac_inventory" file="awx/main/tests/functional/test_rbac_inventory.py" line="222" name="test_host_access" time="0.220427036285"></testcase><testcase classname="awx.main.tests.functional.test_rbac_job" file="awx/main/tests/functional/test_rbac_job.py" line="48" name="test_superuser_sees_orphans" time="0.37312412262"></testcase><testcase classname="awx.main.tests.functional.test_rbac_job" file="awx/main/tests/functional/test_rbac_job.py" line="54" name="test_org_member_does_not_see_orphans" time="0.417203903198"></testcase><testcase classname="awx.main.tests.functional.test_rbac_job" file="awx/main/tests/functional/test_rbac_job.py" line="62" name="test_org_admin_sees_orphans" time="0.419844150543"></testcase><testcase classname="awx.main.tests.functional.test_rbac_job" file="awx/main/tests/functional/test_rbac_job.py" line="68" name="test_org_auditor_sees_orphans" time="0.424661159515"></testcase><testcase classname="awx.main.tests.functional.test_rbac_job" file="awx/main/tests/functional/test_rbac_job.py" line="75" name="test_JT_admin_delete_denied" time="0.375496149063"></testcase><testcase classname="awx.main.tests.functional.test_rbac_job" file="awx/main/tests/functional/test_rbac_job.py" line="81" name="test_inventory_admin_delete_denied" time="0.384519100189"></testcase><testcase classname="awx.main.tests.functional.test_rbac_job" file="awx/main/tests/functional/test_rbac_job.py" line="87" name="test_null_related_delete_denied" time="0.368590116501"></testcase><testcase classname="awx.main.tests.functional.test_rbac_job" file="awx/main/tests/functional/test_rbac_job.py" line="94" name="test_inventory_org_admin_delete_allowed" time="0.406962871552"></testcase><testcase classname="awx.main.tests.functional.test_rbac_job" file="awx/main/tests/functional/test_rbac_job.py" line="100" name="test_project_org_admin_delete_allowed" time="0.402980089188"></testcase><testcase classname="awx.main.tests.functional.test_rbac_job.TestJobAndUpdateCancels" file="awx/main/tests/functional/test_rbac_job.py" line="110" name="test_jt_self_cancel" time="0.347962856293"></testcase><testcase classname="awx.main.tests.functional.test_rbac_job.TestJobAndUpdateCancels" file="awx/main/tests/functional/test_rbac_job.py" line="115" name="test_jt_friend_cancel" time="0.365822792053"></testcase><testcase classname="awx.main.tests.functional.test_rbac_job.TestJobAndUpdateCancels" file="awx/main/tests/functional/test_rbac_job.py" line="120" name="test_jt_org_admin_cancel" time="0.411022186279"></testcase><testcase classname="awx.main.tests.functional.test_rbac_job.TestJobAndUpdateCancels" file="awx/main/tests/functional/test_rbac_job.py" line="126" name="test_host_self_cancel" time="0.258320808411"></testcase><testcase classname="awx.main.tests.functional.test_rbac_job.TestJobAndUpdateCancels" file="awx/main/tests/functional/test_rbac_job.py" line="131" name="test_host_friend_cancel" time="0.270864963531"></testcase><testcase classname="awx.main.tests.functional.test_rbac_job.TestJobAndUpdateCancels" file="awx/main/tests/functional/test_rbac_job.py" line="137" name="test_inventory_self_cancel" time="0.124752998352"></testcase><testcase classname="awx.main.tests.functional.test_rbac_job.TestJobAndUpdateCancels" file="awx/main/tests/functional/test_rbac_job.py" line="144" name="test_inventory_friend_cancel" time="0.135717391968"></testcase><testcase classname="awx.main.tests.functional.test_rbac_job.TestJobAndUpdateCancels" file="awx/main/tests/functional/test_rbac_job.py" line="152" name="test_project_self_cancel" time="0.124220132828"></testcase><testcase classname="awx.main.tests.functional.test_rbac_job.TestJobAndUpdateCancels" file="awx/main/tests/functional/test_rbac_job.py" line="157" name="test_project_friend_cancel" time="0.135870218277"></testcase><testcase classname="awx.main.tests.functional.test_rbac_job_start" file="awx/main/tests/functional/test_rbac_job_start.py" line="10" name="test_admin_executing_permissions" time="0.419398784637"></testcase><testcase classname="awx.main.tests.functional.test_rbac_job_start" file="awx/main/tests/functional/test_rbac_job_start.py" line="21" name="test_job_template_start_access" time="0.339730978012"></testcase><testcase classname="awx.main.tests.functional.test_rbac_job_start" file="awx/main/tests/functional/test_rbac_job_start.py" line="30" name="test_credential_use_access" time="0.0887670516968"></testcase><testcase classname="awx.main.tests.functional.test_rbac_job_start" file="awx/main/tests/functional/test_rbac_job_start.py" line="39" name="test_inventory_use_access" time="0.12556219101"></testcase><testcase classname="awx.main.tests.functional.test_rbac_job_templates" file="awx/main/tests/functional/test_rbac_job_templates.py" line="22" name="test_job_template_migration_check" time="0.640437841415"></testcase><testcase classname="awx.main.tests.functional.test_rbac_job_templates" file="awx/main/tests/functional/test_rbac_job_templates.py" line="53" name="test_job_template_migration_deploy" time="0.647712945938"></testcase><testcase classname="awx.main.tests.functional.test_rbac_job_templates" file="awx/main/tests/functional/test_rbac_job_templates.py" line="84" name="test_job_template_team_migration_check" time="0.725261926651"></testcase><testcase classname="awx.main.tests.functional.test_rbac_job_templates" file="awx/main/tests/functional/test_rbac_job_templates.py" line="120" name="test_job_template_team_deploy_migration" time="0.753837347031"></testcase><testcase classname="awx.main.tests.functional.test_rbac_job_templates" file="awx/main/tests/functional/test_rbac_job_templates.py" line="157" name="test_job_template_access_superuser" time="0.333741903305"></testcase><testcase classname="awx.main.tests.functional.test_rbac_job_templates" file="awx/main/tests/functional/test_rbac_job_templates.py" line="168" name="test_job_template_access_read_level" time="0.577795743942"></testcase><testcase classname="awx.main.tests.functional.test_rbac_job_templates" file="awx/main/tests/functional/test_rbac_job_templates.py" line="184" name="test_job_template_access_use_level" time="0.589060306549"></testcase><testcase classname="awx.main.tests.functional.test_rbac_job_templates" file="awx/main/tests/functional/test_rbac_job_templates.py" line="200" name="test_job_template_access_org_admin" time="0.598625898361"></testcase><testcase classname="awx.main.tests.functional.test_rbac_job_templates" file="awx/main/tests/functional/test_rbac_job_templates.py" line="220" name="test_job_template_creator_access" time="0.282305002213"></testcase><testcase classname="awx.main.tests.functional.test_rbac_label" file="awx/main/tests/functional/test_rbac_label.py" line="8" name="test_label_get_queryset_user" time="0.10369682312"></testcase><testcase classname="awx.main.tests.functional.test_rbac_label" file="awx/main/tests/functional/test_rbac_label.py" line="14" name="test_label_get_queryset_su" time="0.0720949172974"></testcase><testcase classname="awx.main.tests.functional.test_rbac_label" file="awx/main/tests/functional/test_rbac_label.py" line="19" name="test_label_access" time="0.0756340026855"></testcase><testcase classname="awx.main.tests.functional.test_rbac_label" file="awx/main/tests/functional/test_rbac_label.py" line="24" name="test_label_access_superuser" time="0.0695056915283"></testcase><testcase classname="awx.main.tests.functional.test_rbac_label" file="awx/main/tests/functional/test_rbac_label.py" line="32" name="test_label_access_admin" time="0.172737121582"></testcase><testcase classname="awx.main.tests.functional.test_rbac_label" file="awx/main/tests/functional/test_rbac_label.py" line="51" name="test_label_access_user" time="0.105539798737"></testcase><testcase classname="awx.main.tests.functional.test_rbac_notifications" file="awx/main/tests/functional/test_rbac_notifications.py" line="7" name="test_notification_template_get_queryset_orgmember" time="0.112232923508"></testcase><testcase classname="awx.main.tests.functional.test_rbac_notifications" file="awx/main/tests/functional/test_rbac_notifications.py" line="13" name="test_notification_template_get_queryset_nonorgmember" time="0.0841341018677"></testcase><testcase classname="awx.main.tests.functional.test_rbac_notifications" file="awx/main/tests/functional/test_rbac_notifications.py" line="18" name="test_notification_template_get_queryset_su" time="0.0781412124634"></testcase><testcase classname="awx.main.tests.functional.test_rbac_notifications" file="awx/main/tests/functional/test_rbac_notifications.py" line="23" name="test_notification_template_get_queryset_orgadmin" time="0.0975708961487"></testcase><testcase classname="awx.main.tests.functional.test_rbac_notifications" file="awx/main/tests/functional/test_rbac_notifications.py" line="29" name="test_notification_template_get_queryset_org_auditor" time="0.121673345566"></testcase><testcase classname="awx.main.tests.functional.test_rbac_notifications" file="awx/main/tests/functional/test_rbac_notifications.py" line="34" name="test_notification_template_access_superuser" time="0.117388963699"></testcase><testcase classname="awx.main.tests.functional.test_rbac_notifications" file="awx/main/tests/functional/test_rbac_notifications.py" line="52" name="test_notification_template_access_admin" time="0.199479818344"></testcase><testcase classname="awx.main.tests.functional.test_rbac_notifications" file="awx/main/tests/functional/test_rbac_notifications.py" line="77" name="test_notification_template_access_org_user" time="0.11943602562"></testcase><testcase classname="awx.main.tests.functional.test_rbac_notifications" file="awx/main/tests/functional/test_rbac_notifications.py" line="86" name="test_notificaiton_template_orphan_access_org_admin" time="0.118087768555"></testcase><testcase classname="awx.main.tests.functional.test_rbac_notifications" file="awx/main/tests/functional/test_rbac_notifications.py" line="92" name="test_notification_access_get_queryset_org_admin" time="0.129678964615"></testcase><testcase classname="awx.main.tests.functional.test_rbac_notifications" file="awx/main/tests/functional/test_rbac_notifications.py" line="97" name="test_notification_access_get_queryset_org_auditor" time="0.129630088806"></testcase><testcase classname="awx.main.tests.functional.test_rbac_notifications" file="awx/main/tests/functional/test_rbac_notifications.py" line="102" name="test_notification_access_system_admin" time="0.0859861373901"></testcase><testcase classname="awx.main.tests.functional.test_rbac_notifications" file="awx/main/tests/functional/test_rbac_notifications.py" line="108" name="test_notification_access_org_admin" time="0.127447128296"></testcase><testcase classname="awx.main.tests.functional.test_rbac_notifications" file="awx/main/tests/functional/test_rbac_notifications.py" line="114" name="test_notification_access_org_auditor" time="0.130005121231"></testcase><testcase classname="awx.main.tests.functional.test_rbac_organization" file="awx/main/tests/functional/test_rbac_organization.py" line="11" name="test_organization_migration_admin" time="0.106055021286"></testcase><testcase classname="awx.main.tests.functional.test_rbac_organization" file="awx/main/tests/functional/test_rbac_organization.py" line="24" name="test_organization_migration_user" time="0.145049571991"></testcase><testcase classname="awx.main.tests.functional.test_rbac_organization" file="awx/main/tests/functional/test_rbac_organization.py" line="38" name="test_organization_access_superuser" time="0.104876995087"></testcase><testcase classname="awx.main.tests.functional.test_rbac_organization" file="awx/main/tests/functional/test_rbac_organization.py" line="52" name="test_organization_access_admin" time="0.137392282486"></testcase><testcase classname="awx.main.tests.functional.test_rbac_organization" file="awx/main/tests/functional/test_rbac_organization.py" line="69" name="test_organization_access_user" time="0.107606887817"></testcase><testcase classname="awx.main.tests.functional.test_rbac_project" file="awx/main/tests/functional/test_rbac_project.py" line="9" name="test_project_migration" time="1.06880521774"></testcase><testcase classname="awx.main.tests.functional.test_rbac_project" file="awx/main/tests/functional/test_rbac_project.py" line="94" name="test_single_org_project_migration" time="0.200070858002"></testcase><testcase classname="awx.main.tests.functional.test_rbac_project" file="awx/main/tests/functional/test_rbac_project.py" line="105" name="test_no_org_project_migration" time="0.143195867538"></testcase><testcase classname="awx.main.tests.functional.test_rbac_project" file="awx/main/tests/functional/test_rbac_project.py" line="114" name="test_multi_org_project_migration" time="0.384187936783"></testcase><testcase classname="awx.main.tests.functional.test_rbac_project" file="awx/main/tests/functional/test_rbac_project.py" line="134" name="test_project_user_project" time="0.289719820023"></testcase><testcase classname="awx.main.tests.functional.test_rbac_project" file="awx/main/tests/functional/test_rbac_project.py" line="147" name="test_project_accessible_by_sa" time="0.147569656372"><system-out>[&lt;Role: Role object&gt;, &lt;Role: Role object&gt;, &lt;Role: Role object&gt;]
[&lt;Role: Role object&gt;, &lt;Role: Role object&gt;, &lt;Role: Role object&gt;]
</system-out></testcase><testcase classname="awx.main.tests.functional.test_rbac_project" file="awx/main/tests/functional/test_rbac_project.py" line="161" name="test_project_org_members" time="0.224728822708"></testcase><testcase classname="awx.main.tests.functional.test_rbac_project" file="awx/main/tests/functional/test_rbac_project.py" line="178" name="test_project_team" time="0.231434345245"></testcase><testcase classname="awx.main.tests.functional.test_rbac_project" file="awx/main/tests/functional/test_rbac_project.py" line="196" name="test_project_explicit_permission" time="0.235371351242"></testcase><testcase classname="awx.main.tests.functional.test_rbac_project" file="awx/main/tests/functional/test_rbac_project.py" line="213" name="test_create_project_foreign_org_admin" time="0.159600019455"></testcase><testcase classname="awx.main.tests.functional.test_rbac_role" file="awx/main/tests/functional/test_rbac_role.py" line="8" name="test_team_access_attach" time="0.185106992722"></testcase><testcase classname="awx.main.tests.functional.test_rbac_role" file="awx/main/tests/functional/test_rbac_role.py" line="20" name="test_user_access_attach" time="0.139588832855"></testcase><testcase classname="awx.main.tests.functional.test_rbac_role" file="awx/main/tests/functional/test_rbac_role.py" line="27" name="test_role_access_attach" time="0.139017820358"></testcase><testcase classname="awx.main.tests.functional.test_rbac_team" file="awx/main/tests/functional/test_rbac_team.py" line="6" name="test_team_attach_unattach" time="0.173582077026"></testcase><testcase classname="awx.main.tests.functional.test_rbac_team" file="awx/main/tests/functional/test_rbac_team.py" line="24" name="test_team_access_superuser" time="0.126405000687"></testcase><testcase classname="awx.main.tests.functional.test_rbac_team" file="awx/main/tests/functional/test_rbac_team.py" line="38" name="test_team_access_org_admin" time="0.130344152451"></testcase><testcase classname="awx.main.tests.functional.test_rbac_team" file="awx/main/tests/functional/test_rbac_team.py" line="54" name="test_team_access_member" time="0.130601882935"></testcase><testcase classname="awx.main.tests.functional.test_rbac_team" file="awx/main/tests/functional/test_rbac_team.py" line="70" name="test_team_accessible_by" time="0.175703048706"></testcase><testcase classname="awx.main.tests.functional.test_rbac_team" file="awx/main/tests/functional/test_rbac_team.py" line="81" name="test_team_accessible_objects" time="0.184744119644"></testcase><testcase classname="awx.main.tests.functional.test_rbac_team" file="awx/main/tests/functional/test_rbac_team.py" line="92" name="test_team_admin_member_access" time="0.174427986145"></testcase><testcase classname="awx.main.tests.functional.test_rbac_team" file="awx/main/tests/functional/test_rbac_team.py" line="101" name="test_org_admin_team_access" time="0.18296790123"></testcase><testcase classname="awx.main.tests.functional.test_rbac_user" file="awx/main/tests/functional/test_rbac_user.py" line="9" name="test_user_admin" time="0.276289224625"></testcase><testcase classname="awx.main.tests.functional.test_rbac_user" file="awx/main/tests/functional/test_rbac_user.py" line="30" name="test_user_queryset" time="0.0288000106812"></testcase><testcase classname="awx.main.tests.functional.test_rbac_user" file="awx/main/tests/functional/test_rbac_user.py" line="38" name="test_user_accessible_objects" time="0.159829139709"></testcase><testcase classname="awx.main.tests.functional.test_rbac_user" file="awx/main/tests/functional/test_rbac_user.py" line="51" name="test_org_user_admin" time="0.155161380768"></testcase><testcase classname="awx.main.tests.functional.test_rbac_user" file="awx/main/tests/functional/test_rbac_user.py" line="65" name="test_org_user_removed" time="0.164355039597"></testcase><testcase classname="awx.main.tests.functional.test_teams" file="awx/main/tests/functional/test_teams.py" line="3" name="test_admin_not_member" time="0.0864682197571"></testcase><testcase classname="awx.main.tests.functional.api.test_activity_streams" file="awx/main/tests/functional/api/test_activity_streams.py" line="17" name="test_get_activity_stream_list" time="0.243206262589"></testcase><testcase classname="awx.main.tests.functional.api.test_activity_streams" file="awx/main/tests/functional/api/test_activity_streams.py" line="26" name="test_basic_fields" time="0.132505893707"></testcase><testcase classname="awx.main.tests.functional.api.test_activity_streams" file="awx/main/tests/functional/api/test_activity_streams.py" line="46" name="test_middleware_actor_added" time="0.149937152863"></testcase><testcase classname="awx.main.tests.functional.api.test_activity_streams" file="awx/main/tests/functional/api/test_activity_streams.py" line="68" name="test_rbac_stream_resource_roles" time="0.109712839127"></testcase><testcase classname="awx.main.tests.functional.api.test_activity_streams" file="awx/main/tests/functional/api/test_activity_streams.py" line="78" name="test_rbac_stream_user_roles" time="0.109978675842"></testcase><testcase classname="awx.main.tests.functional.api.test_activity_streams" file="awx/main/tests/functional/api/test_activity_streams.py" line="88" name="test_stream_access_cant_change" time="0.104768037796"></testcase><testcase classname="awx.main.tests.functional.api.test_activity_streams" file="awx/main/tests/functional/api/test_activity_streams.py" line="99" name="test_stream_queryset_hides_shows_items" time="0.970432043076"></testcase><testcase classname="awx.main.tests.functional.api.test_activity_streams" file="awx/main/tests/functional/api/test_activity_streams.py" line="134" name="test_stream_user_direct_role_updates" time="0.32183098793"></testcase><testcase classname="awx.main.tests.functional.api.test_adhoc" file="awx/main/tests/functional/api/test_adhoc.py" line="49" name="test_admin_post_ad_hoc_command_list" time="3.30592703819"></testcase><testcase classname="awx.main.tests.functional.api.test_adhoc" file="awx/main/tests/functional/api/test_adhoc.py" line="63" name="test_empty_post_403" time="0.0298140048981"></testcase><testcase classname="awx.main.tests.functional.api.test_adhoc" file="awx/main/tests/functional/api/test_adhoc.py" line="67" name="test_empty_put_405" time="0.0187089443207"></testcase><testcase classname="awx.main.tests.functional.api.test_adhoc" file="awx/main/tests/functional/api/test_adhoc.py" line="71" name="test_empty_patch_405" time="0.0197370052338"></testcase><testcase classname="awx.main.tests.functional.api.test_adhoc" file="awx/main/tests/functional/api/test_adhoc.py" line="75" name="test_empty_delete_405" time="0.018547296524"></testcase><testcase classname="awx.main.tests.functional.api.test_adhoc" file="awx/main/tests/functional/api/test_adhoc.py" line="79" name="test_user_post_ad_hoc_command_list" time="3.34616470337"></testcase><testcase classname="awx.main.tests.functional.api.test_adhoc" file="awx/main/tests/functional/api/test_adhoc.py" line="85" name="test_user_post_ad_hoc_command_list_xfail" time="0.268445014954"></testcase><testcase classname="awx.main.tests.functional.api.test_adhoc" file="awx/main/tests/functional/api/test_adhoc.py" line="91" name="test_user_post_ad_hoc_command_list_without_creds" time="0.245688199997"></testcase><testcase classname="awx.main.tests.functional.api.test_adhoc" file="awx/main/tests/functional/api/test_adhoc.py" line="96" name="test_user_post_ad_hoc_command_list_without_inventory" time="0.250942230225"></testcase><testcase classname="awx.main.tests.functional.api.test_adhoc" file="awx/main/tests/functional/api/test_adhoc.py" line="102" name="test_admin_post_inventory_ad_hoc_command_list" time="6.44938969612"></testcase><testcase classname="awx.main.tests.functional.api.test_adhoc" file="awx/main/tests/functional/api/test_adhoc.py" line="108" name="test_get_inventory_ad_hoc_command_list" time="6.82483530045"></testcase><testcase classname="awx.main.tests.functional.api.test_adhoc" file="awx/main/tests/functional/api/test_adhoc.py" line="132" name="test_bad_data1" time="0.263458013535"></testcase><testcase classname="awx.main.tests.functional.api.test_adhoc" file="awx/main/tests/functional/api/test_adhoc.py" line="136" name="test_bad_data2" time="0.263173103333"></testcase><testcase classname="awx.main.tests.functional.api.test_adhoc" file="awx/main/tests/functional/api/test_adhoc.py" line="140" name="test_bad_data3" time="0.263870000839"></testcase><testcase classname="awx.main.tests.functional.api.test_adhoc" file="awx/main/tests/functional/api/test_adhoc.py" line="144" name="test_bad_data4" time="0.263765335083"></testcase><testcase classname="awx.main.tests.functional.api.test_create_attach_views" file="awx/main/tests/functional/api/test_create_attach_views.py" line="5" name="test_user_role_view_access" time="0.147735118866"></testcase><testcase classname="awx.main.tests.functional.api.test_create_attach_views" file="awx/main/tests/functional/api/test_create_attach_views.py" line="18" name="test_team_role_view_access" time="0.195307970047"></testcase><testcase classname="awx.main.tests.functional.api.test_create_attach_views" file="awx/main/tests/functional/api/test_create_attach_views.py" line="32" name="test_role_team_view_access" time="0.174662828445"></testcase><testcase classname="awx.main.tests.functional.api.test_credential" file="awx/main/tests/functional/api/test_credential.py" line="10" name="test_create_user_credential_via_credentials_list" time="0.176631212234"></testcase><testcase classname="awx.main.tests.functional.api.test_credential" file="awx/main/tests/functional/api/test_credential.py" line="23" name="test_credential_validation_error_with_bad_user" time="0.030553817749"></testcase><testcase classname="awx.main.tests.functional.api.test_credential" file="awx/main/tests/functional/api/test_credential.py" line="33" name="test_create_user_credential_via_user_credentials_list" time="0.249891281128"></testcase><testcase classname="awx.main.tests.functional.api.test_credential" file="awx/main/tests/functional/api/test_credential.py" line="46" name="test_create_user_credential_via_credentials_list_xfail" time="0.0334179401398"></testcase><testcase classname="awx.main.tests.functional.api.test_credential" file="awx/main/tests/functional/api/test_credential.py" line="55" name="test_create_user_credential_via_user_credentials_list_xfail" time="0.0488796234131"></testcase><testcase classname="awx.main.tests.functional.api.test_credential" file="awx/main/tests/functional/api/test_credential.py" line="69" name="test_create_team_credential" time="0.368085861206"></testcase><testcase classname="awx.main.tests.functional.api.test_credential" file="awx/main/tests/functional/api/test_credential.py" line="82" name="test_create_team_credential_via_team_credentials_list" time="0.385966062546"></testcase><testcase classname="awx.main.tests.functional.api.test_credential" file="awx/main/tests/functional/api/test_credential.py" line="95" name="test_create_team_credential_by_urelated_user_xfail" time="0.136392831802"></testcase><testcase classname="awx.main.tests.functional.api.test_credential" file="awx/main/tests/functional/api/test_credential.py" line="104" name="test_create_team_credential_by_team_member_xfail" time="0.139652013779"></testcase><testcase classname="awx.main.tests.functional.api.test_credential" file="awx/main/tests/functional/api/test_credential.py" line="120" name="test_create_org_credential_as_not_admin" time="0.111866235733"></testcase><testcase classname="awx.main.tests.functional.api.test_credential" file="awx/main/tests/functional/api/test_credential.py" line="129" name="test_create_org_credential_as_admin" time="0.225308895111"></testcase><testcase classname="awx.main.tests.functional.api.test_credential" file="awx/main/tests/functional/api/test_credential.py" line="138" name="test_credential_detail" time="0.256157159805"></testcase><testcase classname="awx.main.tests.functional.api.test_credential" file="awx/main/tests/functional/api/test_credential.py" line="153" name="test_list_created_org_credentials" time="0.376617908478"></testcase><testcase classname="awx.main.tests.functional.api.test_credential" file="awx/main/tests/functional/api/test_credential.py" line="184" name="test_openstack_create_ok" time="0.179043054581"></testcase><testcase classname="awx.main.tests.functional.api.test_credential" file="awx/main/tests/functional/api/test_credential.py" line="198" name="test_openstack_create_fail_required_fields" time="0.0956041812897"></testcase><testcase classname="awx.main.tests.functional.api.test_credential" file="awx/main/tests/functional/api/test_credential.py" line="217" name="test_create_credential_missing_user_team_org_xfail" time="0.0306799411774"></testcase><testcase classname="awx.main.tests.functional.api.test_credential" file="awx/main/tests/functional/api/test_credential.py" line="226" name="test_create_credential_with_user_and_org_xfail" time="0.0925769805908"></testcase><testcase classname="awx.main.tests.functional.api.test_credential" file="awx/main/tests/functional/api/test_credential.py" line="237" name="test_create_credential_with_team_and_org_xfail" time="0.129504919052"></testcase><testcase classname="awx.main.tests.functional.api.test_credential" file="awx/main/tests/functional/api/test_credential.py" line="247" name="test_create_credential_with_user_and_team_xfail" time="0.12418794632"></testcase><testcase classname="awx.main.tests.functional.api.test_fact_versions" file="awx/main/tests/functional/api/test_fact_versions.py" line="51" name="test_system_tracking_license_get" time="0.164109945297"></testcase><testcase classname="awx.main.tests.functional.api.test_fact_versions" file="awx/main/tests/functional/api/test_fact_versions.py" line="61" name="test_system_tracking_license_options" time="0.171552181244"></testcase><testcase classname="awx.main.tests.functional.api.test_fact_versions" file="awx/main/tests/functional/api/test_fact_versions.py" line="71" name="test_no_facts_db" time="0.166939973831"></testcase><testcase classname="awx.main.tests.functional.api.test_fact_versions" file="awx/main/tests/functional/api/test_fact_versions.py" line="84" name="test_basic_fields" time="0.212705850601"></testcase><testcase classname="awx.main.tests.functional.api.test_fact_versions" file="awx/main/tests/functional/api/test_fact_versions.py" line="100" name="test_basic_options_fields" time="0.202819824219"></testcase><testcase classname="awx.main.tests.functional.api.test_fact_versions" file="awx/main/tests/functional/api/test_fact_versions.py" line="116" name="test_related_fact_view" time="0.248177051544"></testcase><testcase classname="awx.main.tests.functional.api.test_fact_versions" file="awx/main/tests/functional/api/test_fact_versions.py" line="129" name="test_multiple_hosts" time="0.304980039597"></testcase><testcase classname="awx.main.tests.functional.api.test_fact_versions" file="awx/main/tests/functional/api/test_fact_versions.py" line="142" name="test_param_to_from" time="0.250169992447"></testcase><testcase classname="awx.main.tests.functional.api.test_fact_versions" file="awx/main/tests/functional/api/test_fact_versions.py" line="158" name="test_param_module" time="0.214521884918"></testcase><testcase classname="awx.main.tests.functional.api.test_fact_versions" file="awx/main/tests/functional/api/test_fact_versions.py" line="173" name="test_param_from" time="0.20894575119"></testcase><testcase classname="awx.main.tests.functional.api.test_fact_versions" file="awx/main/tests/functional/api/test_fact_versions.py" line="188" name="test_param_to" time="0.231381893158"></testcase><testcase classname="awx.main.tests.functional.api.test_fact_versions" file="awx/main/tests/functional/api/test_fact_versions.py" line="213" name="test_normal_user_403" time="0.226520061493"></testcase><testcase classname="awx.main.tests.functional.api.test_fact_versions" file="awx/main/tests/functional/api/test_fact_versions.py" line="223" name="test_super_user_ok" time="0.229876995087"></testcase><testcase classname="awx.main.tests.functional.api.test_fact_versions" file="awx/main/tests/functional/api/test_fact_versions.py" line="232" name="test_user_admin_ok" time="0.247689008713"></testcase><testcase classname="awx.main.tests.functional.api.test_fact_versions" file="awx/main/tests/functional/api/test_fact_versions.py" line="243" name="test_user_admin_403" time="0.289216041565"></testcase><testcase classname="awx.main.tests.functional.api.test_fact_view" file="awx/main/tests/functional/api/test_fact_view.py" line="35" name="test_system_tracking_license_get" time="0.160029172897"></testcase><testcase classname="awx.main.tests.functional.api.test_fact_view" file="awx/main/tests/functional/api/test_fact_view.py" line="45" name="test_system_tracking_license_options" time="0.158713817596"></testcase><testcase classname="awx.main.tests.functional.api.test_fact_view" file="awx/main/tests/functional/api/test_fact_view.py" line="55" name="test_no_fact_found" time="0.161899328232"></testcase><testcase classname="awx.main.tests.functional.api.test_fact_view" file="awx/main/tests/functional/api/test_fact_view.py" line="68" name="test_basic_fields" time="0.181376695633"></testcase><testcase classname="awx.main.tests.functional.api.test_fact_view" file="awx/main/tests/functional/api/test_fact_view.py" line="90" name="test_content" time="0.181769132614"></testcase><testcase classname="awx.main.tests.functional.api.test_fact_view" file="awx/main/tests/functional/api/test_fact_view.py" line="110" name="test_search_by_module_packages" time="0.195571899414"></testcase><testcase classname="awx.main.tests.functional.api.test_fact_view" file="awx/main/tests/functional/api/test_fact_view.py" line="115" name="test_search_by_module_services" time="0.182324886322"></testcase><testcase classname="awx.main.tests.functional.api.test_fact_view" file="awx/main/tests/functional/api/test_fact_view.py" line="120" name="test_search_by_timestamp_and_module" time="0.192181825638"></testcase><testcase classname="awx.main.tests.functional.api.test_fact_view" file="awx/main/tests/functional/api/test_fact_view.py" line="140" name="test_normal_user_403" time="0.223326206207"></testcase><testcase classname="awx.main.tests.functional.api.test_fact_view" file="awx/main/tests/functional/api/test_fact_view.py" line="150" name="test_super_user_ok" time="0.226280927658"></testcase><testcase classname="awx.main.tests.functional.api.test_fact_view" file="awx/main/tests/functional/api/test_fact_view.py" line="159" name="test_user_admin_ok" time="0.255973100662"></testcase><testcase classname="awx.main.tests.functional.api.test_fact_view" file="awx/main/tests/functional/api/test_fact_view.py" line="170" name="test_user_admin_403" time="0.306234121323"></testcase><testcase classname="awx.main.tests.functional.api.test_host_detail" file="awx/main/tests/functional/api/test_host_detail.py" line="6" name="test_basic_fields" time="0.199037075043"></testcase><testcase classname="awx.main.tests.functional.api.test_inventory" file="awx/main/tests/functional/api/test_inventory.py" line="4" name="test_inventory_source_notification_on_cloud_only" time="0.311533927917"></testcase><testcase classname="awx.main.tests.functional.api.test_inventory" file="awx/main/tests/functional/api/test_inventory.py" line="21" name="test_edit_inventory[None-403]" time="0.138739824295"></testcase><testcase classname="awx.main.tests.functional.api.test_inventory" file="awx/main/tests/functional/api/test_inventory.py" line="21" name="test_edit_inventory[admin_role-200]" time="0.200289011002"></testcase><testcase classname="awx.main.tests.functional.api.test_inventory" file="awx/main/tests/functional/api/test_inventory.py" line="21" name="test_edit_inventory[update_role-403]" time="0.150126695633"></testcase><testcase classname="awx.main.tests.functional.api.test_inventory" file="awx/main/tests/functional/api/test_inventory.py" line="21" name="test_edit_inventory[adhoc_role-403]" time="0.149719953537"></testcase><testcase classname="awx.main.tests.functional.api.test_inventory" file="awx/main/tests/functional/api/test_inventory.py" line="21" name="test_edit_inventory[use_role-403]" time="0.149423122406"></testcase><testcase classname="awx.main.tests.functional.api.test_inventory" file="awx/main/tests/functional/api/test_inventory.py" line="36" name="test_create_inventory_group[None-403]" time="0.138170003891"></testcase><testcase classname="awx.main.tests.functional.api.test_inventory" file="awx/main/tests/functional/api/test_inventory.py" line="36" name="test_create_inventory_group[admin_role-201]" time="0.237695932388"></testcase><testcase classname="awx.main.tests.functional.api.test_inventory" file="awx/main/tests/functional/api/test_inventory.py" line="36" name="test_create_inventory_group[update_role-403]" time="0.159426689148"></testcase><testcase classname="awx.main.tests.functional.api.test_inventory" file="awx/main/tests/functional/api/test_inventory.py" line="36" name="test_create_inventory_group[adhoc_role-403]" time="0.159183979034"></testcase><testcase classname="awx.main.tests.functional.api.test_inventory" file="awx/main/tests/functional/api/test_inventory.py" line="36" name="test_create_inventory_group[use_role-403]" time="0.159663677216"></testcase><testcase classname="awx.main.tests.functional.api.test_inventory" file="awx/main/tests/functional/api/test_inventory.py" line="50" name="test_create_inventory_group_child[None-403]" time="0.144088029861"></testcase><testcase classname="awx.main.tests.functional.api.test_inventory" file="awx/main/tests/functional/api/test_inventory.py" line="50" name="test_create_inventory_group_child[admin_role-201]" time="0.257781028748"></testcase><testcase classname="awx.main.tests.functional.api.test_inventory" file="awx/main/tests/functional/api/test_inventory.py" line="50" name="test_create_inventory_group_child[update_role-403]" time="0.171535015106"></testcase><testcase classname="awx.main.tests.functional.api.test_inventory" file="awx/main/tests/functional/api/test_inventory.py" line="50" name="test_create_inventory_group_child[adhoc_role-403]" time="0.170522928238"></testcase><testcase classname="awx.main.tests.functional.api.test_inventory" file="awx/main/tests/functional/api/test_inventory.py" line="50" name="test_create_inventory_group_child[use_role-403]" time="0.172068119049"></testcase><testcase classname="awx.main.tests.functional.api.test_inventory" file="awx/main/tests/functional/api/test_inventory.py" line="65" name="test_edit_inventory_group[None-403]" time="0.144613742828"></testcase><testcase classname="awx.main.tests.functional.api.test_inventory" file="awx/main/tests/functional/api/test_inventory.py" line="65" name="test_edit_inventory_group[admin_role-200]" time="0.21911907196"></testcase><testcase classname="awx.main.tests.functional.api.test_inventory" file="awx/main/tests/functional/api/test_inventory.py" line="65" name="test_edit_inventory_group[update_role-403]" time="0.155677556992"></testcase><testcase classname="awx.main.tests.functional.api.test_inventory" file="awx/main/tests/functional/api/test_inventory.py" line="65" name="test_edit_inventory_group[adhoc_role-403]" time="0.155040025711"></testcase><testcase classname="awx.main.tests.functional.api.test_inventory" file="awx/main/tests/functional/api/test_inventory.py" line="65" name="test_edit_inventory_group[use_role-403]" time="0.156694889069"></testcase><testcase classname="awx.main.tests.functional.api.test_inventory" file="awx/main/tests/functional/api/test_inventory.py" line="80" name="test_delete_inventory_group[None-403]" time="0.145457744598"></testcase><testcase classname="awx.main.tests.functional.api.test_inventory" file="awx/main/tests/functional/api/test_inventory.py" line="80" name="test_delete_inventory_group[admin_role-204]" time="0.199319839478"></testcase><testcase classname="awx.main.tests.functional.api.test_inventory" file="awx/main/tests/functional/api/test_inventory.py" line="80" name="test_delete_inventory_group[update_role-403]" time="0.155038833618"></testcase><testcase classname="awx.main.tests.functional.api.test_inventory" file="awx/main/tests/functional/api/test_inventory.py" line="80" name="test_delete_inventory_group[adhoc_role-403]" time="0.155869960785"></testcase><testcase classname="awx.main.tests.functional.api.test_inventory" file="awx/main/tests/functional/api/test_inventory.py" line="80" name="test_delete_inventory_group[use_role-403]" time="0.156278848648"></testcase><testcase classname="awx.main.tests.functional.api.test_inventory" file="awx/main/tests/functional/api/test_inventory.py" line="94" name="test_create_inventory_host[None-403]" time="0.133720636368"></testcase><testcase classname="awx.main.tests.functional.api.test_inventory" file="awx/main/tests/functional/api/test_inventory.py" line="94" name="test_create_inventory_host[admin_role-201]" time="0.192774057388"></testcase><testcase classname="awx.main.tests.functional.api.test_inventory" file="awx/main/tests/functional/api/test_inventory.py" line="94" name="test_create_inventory_host[update_role-403]" time="0.161079883575"></testcase><testcase classname="awx.main.tests.functional.api.test_inventory" file="awx/main/tests/functional/api/test_inventory.py" line="94" name="test_create_inventory_host[adhoc_role-403]" time="0.160941839218"></testcase><testcase classname="awx.main.tests.functional.api.test_inventory" file="awx/main/tests/functional/api/test_inventory.py" line="94" name="test_create_inventory_host[use_role-403]" time="0.161096811295"></testcase><testcase classname="awx.main.tests.functional.api.test_inventory" file="awx/main/tests/functional/api/test_inventory.py" line="108" name="test_create_inventory_group_host[None-403]" time="0.145301103592"></testcase><testcase classname="awx.main.tests.functional.api.test_inventory" file="awx/main/tests/functional/api/test_inventory.py" line="108" name="test_create_inventory_group_host[admin_role-201]" time="0.219659090042"></testcase><testcase classname="awx.main.tests.functional.api.test_inventory" file="awx/main/tests/functional/api/test_inventory.py" line="108" name="test_create_inventory_group_host[update_role-403]" time="0.175266027451"></testcase><testcase classname="awx.main.tests.functional.api.test_inventory" file="awx/main/tests/functional/api/test_inventory.py" line="108" name="test_create_inventory_group_host[adhoc_role-403]" time="0.176961183548"></testcase><testcase classname="awx.main.tests.functional.api.test_inventory" file="awx/main/tests/functional/api/test_inventory.py" line="108" name="test_create_inventory_group_host[use_role-403]" time="0.177034854889"></testcase><testcase classname="awx.main.tests.functional.api.test_inventory" file="awx/main/tests/functional/api/test_inventory.py" line="123" name="test_edit_inventory_host[None-403]" time="0.166291952133"></testcase><testcase classname="awx.main.tests.functional.api.test_inventory" file="awx/main/tests/functional/api/test_inventory.py" line="123" name="test_edit_inventory_host[admin_role-200]" time="0.202522039413"></testcase><testcase classname="awx.main.tests.functional.api.test_inventory" file="awx/main/tests/functional/api/test_inventory.py" line="123" name="test_edit_inventory_host[update_role-403]" time="0.175824165344"></testcase><testcase classname="awx.main.tests.functional.api.test_inventory" file="awx/main/tests/functional/api/test_inventory.py" line="123" name="test_edit_inventory_host[adhoc_role-403]" time="0.176487207413"></testcase><testcase classname="awx.main.tests.functional.api.test_inventory" file="awx/main/tests/functional/api/test_inventory.py" line="123" name="test_edit_inventory_host[use_role-403]" time="0.179029226303"></testcase><testcase classname="awx.main.tests.functional.api.test_inventory" file="awx/main/tests/functional/api/test_inventory.py" line="138" name="test_delete_inventory_host[None-403]" time="0.164720058441"></testcase><testcase classname="awx.main.tests.functional.api.test_inventory" file="awx/main/tests/functional/api/test_inventory.py" line="138" name="test_delete_inventory_host[admin_role-204]" time="0.195390701294"></testcase><testcase classname="awx.main.tests.functional.api.test_inventory" file="awx/main/tests/functional/api/test_inventory.py" line="138" name="test_delete_inventory_host[update_role-403]" time="0.1762342453"></testcase><testcase classname="awx.main.tests.functional.api.test_inventory" file="awx/main/tests/functional/api/test_inventory.py" line="138" name="test_delete_inventory_host[adhoc_role-403]" time="0.17512011528"></testcase><testcase classname="awx.main.tests.functional.api.test_inventory" file="awx/main/tests/functional/api/test_inventory.py" line="138" name="test_delete_inventory_host[use_role-403]" time="0.175836801529"></testcase><testcase classname="awx.main.tests.functional.api.test_inventory" file="awx/main/tests/functional/api/test_inventory.py" line="151" name="test_inventory_source_update[None-403]" time="0.181645870209"></testcase><testcase classname="awx.main.tests.functional.api.test_inventory" file="awx/main/tests/functional/api/test_inventory.py" line="151" name="test_inventory_source_update[admin_role-202]" time="0.206830978394"></testcase><testcase classname="awx.main.tests.functional.api.test_inventory" file="awx/main/tests/functional/api/test_inventory.py" line="151" name="test_inventory_source_update[update_role-202]" time="0.203607797623"></testcase><testcase classname="awx.main.tests.functional.api.test_inventory" file="awx/main/tests/functional/api/test_inventory.py" line="151" name="test_inventory_source_update[adhoc_role-403]" time="0.189913272858"></testcase><testcase classname="awx.main.tests.functional.api.test_inventory" file="awx/main/tests/functional/api/test_inventory.py" line="151" name="test_inventory_source_update[use_role-403]" time="0.189787864685"></testcase><testcase classname="awx.main.tests.functional.api.test_job_runtime_params" file="awx/main/tests/functional/api/test_job_runtime_params.py" line="70" name="test_job_ignore_unprompted_vars" time="0.580060243607"></testcase><testcase classname="awx.main.tests.functional.api.test_job_runtime_params" file="awx/main/tests/functional/api/test_job_runtime_params.py" line="98" name="test_job_accept_prompted_vars" time="0.583645820618"></testcase><testcase classname="awx.main.tests.functional.api.test_job_runtime_params" file="awx/main/tests/functional/api/test_job_runtime_params.py" line="115" name="test_job_accept_prompted_vars_null" time="0.477980852127"></testcase><testcase classname="awx.main.tests.functional.api.test_job_runtime_params" file="awx/main/tests/functional/api/test_job_runtime_params.py" line="140" name="test_job_reject_invalid_prompted_vars" time="0.558842897415"></testcase><testcase classname="awx.main.tests.functional.api.test_job_runtime_params" file="awx/main/tests/functional/api/test_job_runtime_params.py" line="154" name="test_job_reject_invalid_prompted_extra_vars" time="0.551200866699"></testcase><testcase classname="awx.main.tests.functional.api.test_job_runtime_params" file="awx/main/tests/functional/api/test_job_runtime_params.py" line="165" name="test_job_launch_fails_without_inventory" time="0.416411161423"></testcase><testcase classname="awx.main.tests.functional.api.test_job_runtime_params" file="awx/main/tests/functional/api/test_job_runtime_params.py" line="176" name="test_job_launch_fails_without_inventory_access" time="0.569879055023"></testcase><testcase classname="awx.main.tests.functional.api.test_job_runtime_params" file="awx/main/tests/functional/api/test_job_runtime_params.py" line="188" name="test_job_launch_fails_without_credential_access" time="0.570717811584"></testcase><testcase classname="awx.main.tests.functional.api.test_job_runtime_params" file="awx/main/tests/functional/api/test_job_runtime_params.py" line="200" name="test_job_block_scan_job_type_change" time="0.394129276276"></testcase><testcase classname="awx.main.tests.functional.api.test_job_runtime_params" file="awx/main/tests/functional/api/test_job_runtime_params.py" line="211" name="test_job_block_scan_job_inv_change" time="0.56680393219"></testcase><testcase classname="awx.main.tests.functional.api.test_job_runtime_params" file="awx/main/tests/functional/api/test_job_runtime_params.py" line="222" name="test_job_relaunch_copy_vars" time="0.725076913834"></testcase><testcase classname="awx.main.tests.functional.api.test_job_runtime_params" file="awx/main/tests/functional/api/test_job_runtime_params.py" line="237" name="test_job_relaunch_resource_access" time="0.324579954147"></testcase><testcase classname="awx.main.tests.functional.api.test_job_runtime_params" file="awx/main/tests/functional/api/test_job_runtime_params.py" line="257" name="test_job_launch_JT_with_validation" time="0.586597204208"></testcase><testcase classname="awx.main.tests.functional.api.test_job_runtime_params" file="awx/main/tests/functional/api/test_job_runtime_params.py" line="277" name="test_job_launch_unprompted_vars_with_survey" time="0.430818796158"></testcase><testcase classname="awx.main.tests.functional.api.test_job_template" file="awx/main/tests/functional/api/test_job_template.py" line="16" name="test_create[True-True-True-201]" time="0.507933855057"></testcase><testcase classname="awx.main.tests.functional.api.test_job_template" file="awx/main/tests/functional/api/test_job_template.py" line="16" name="test_create[True-True-False-403]" time="0.315559864044"></testcase><testcase classname="awx.main.tests.functional.api.test_job_template" file="awx/main/tests/functional/api/test_job_template.py" line="16" name="test_create[True-False-True-403]" time="0.31173491478"></testcase><testcase classname="awx.main.tests.functional.api.test_job_template" file="awx/main/tests/functional/api/test_job_template.py" line="16" name="test_create[False-True-True-403]" time="0.324447870255"></testcase><testcase classname="awx.main.tests.functional.api.test_job_template" file="awx/main/tests/functional/api/test_job_template.py" line="42" name="test_edit_sensitive_fields[True-True-True-200]" time="0.555340051651"></testcase><testcase classname="awx.main.tests.functional.api.test_job_template" file="awx/main/tests/functional/api/test_job_template.py" line="42" name="test_edit_sensitive_fields[True-True-False-403]" time="0.454930067062"></testcase><testcase classname="awx.main.tests.functional.api.test_job_template" file="awx/main/tests/functional/api/test_job_template.py" line="42" name="test_edit_sensitive_fields[True-False-True-403]" time="0.460911989212"></testcase><testcase classname="awx.main.tests.functional.api.test_job_template" file="awx/main/tests/functional/api/test_job_template.py" line="42" name="test_edit_sensitive_fields[False-True-True-403]" time="0.47005200386"></testcase><testcase classname="awx.main.tests.functional.api.test_job_template" file="awx/main/tests/functional/api/test_job_template.py" line="71" name="test_edit_playbook" time="0.622535228729"></testcase><testcase classname="awx.main.tests.functional.api.test_job_template" file="awx/main/tests/functional/api/test_job_template.py" line="89" name="test_edit_nonsenstive" time="0.510483026505"><system-out>{&apos;network_credential&apos;: None, &apos;ask_tags_on_launch&apos;: True, &apos;job_type&apos;: &apos;run&apos;, &apos;related&apos;: OrderedDict([(&apos;labels&apos;, u&apos;/api/v1/job_templates/2/labels/&apos;), (&apos;inventory&apos;, u&apos;/api/v1/inventories/1/&apos;), (&apos;project&apos;, u&apos;/api/v1/projects/1/&apos;), (&apos;credential&apos;, u&apos;/api/v1/credentials/1/&apos;), (&apos;notification_templates_error&apos;, u&apos;/api/v1/job_templates/2/notification_templates_error/&apos;), (&apos;notification_templates_success&apos;, u&apos;/api/v1/job_templates/2/notification_templates_success/&apos;), (&apos;jobs&apos;, u&apos;/api/v1/job_templates/2/jobs/&apos;), (&apos;object_roles&apos;, u&apos;/api/v1/job_templates/2/object_roles/&apos;), (&apos;notification_templates_any&apos;, u&apos;/api/v1/job_templates/2/notification_templates_any/&apos;), (&apos;access_list&apos;, u&apos;/api/v1/job_templates/2/access_list/&apos;), (&apos;launch&apos;, u&apos;/api/v1/job_templates/2/launch/&apos;), (&apos;schedules&apos;, u&apos;/api/v1/job_templates/2/schedules/&apos;), (&apos;activity_stream&apos;, u&apos;/api/v1/job_templates/2/activity_stream/&apos;), (&apos;survey_spec&apos;, u&apos;/api/v1/job_templates/2/survey_spec/&apos;)]), &apos;skip_tags&apos;: u&apos;True&apos;, &apos;playbook&apos;: u&apos;mocked&apos;, &apos;id&apos;: 2, &apos;survey_enabled&apos;: False, &apos;description&apos;: u&apos;bar&apos;, &apos;job_tags&apos;: u&apos;sometags&apos;, &apos;summary_fields&apos;: OrderedDict([(&apos;inventory&apos;, OrderedDict([(&apos;id&apos;, 1), (&apos;name&apos;, u&apos;inv&apos;), (&apos;description&apos;, u&apos;&apos;), (&apos;has_active_failures&apos;, False), (&apos;total_hosts&apos;, 0), (&apos;hosts_with_active_failures&apos;, 0), (&apos;total_groups&apos;, 0), (&apos;groups_with_active_failures&apos;, 0), (&apos;has_inventory_sources&apos;, False), (&apos;total_inventory_sources&apos;, 0), (&apos;inventory_sources_with_failures&apos;, 0)])), (&apos;credential&apos;, OrderedDict([(&apos;id&apos;, 1), (&apos;name&apos;, u&apos;cred&apos;), (&apos;description&apos;, u&apos;&apos;), (&apos;kind&apos;, u&apos;ssh&apos;), (&apos;cloud&apos;, False)])), (&apos;project&apos;, OrderedDict([(&apos;id&apos;, 1), (&apos;name&apos;, u&apos;prj&apos;), (&apos;description&apos;, u&apos;prj-description&apos;), (&apos;status&apos;, u&apos;missing&apos;)])), (&apos;object_roles&apos;, {&apos;admin_role&apos;: {&apos;description&apos;: &apos;Can manage all aspects of the job template&apos;, &apos;id&apos;: 20, &apos;name&apos;: &apos;Admin&apos;}, &apos;execute_role&apos;: {&apos;description&apos;: &apos;May run the job template&apos;, &apos;id&apos;: 22, &apos;name&apos;: &apos;Execute&apos;}, &apos;read_role&apos;: {&apos;description&apos;: &apos;May view settings for the job template&apos;, &apos;id&apos;: 21, &apos;name&apos;: &apos;Read&apos;}}), (&apos;labels&apos;, {&apos;count&apos;: 0, &apos;results&apos;: []}), (&apos;can_copy&apos;, False), (&apos;can_edit&apos;, True), (&apos;recent_jobs&apos;, [])]), &apos;allow_simultaneous&apos;: False, &apos;has_schedules&apos;: False, &apos;ask_inventory_on_launch&apos;: True, &apos;inventory&apos;: 1, &apos;forks&apos;: 14, &apos;last_job_failed&apos;: False, &apos;type&apos;: &apos;job_template&apos;, &apos;cloud_credential&apos;: None, &apos;become_enabled&apos;: False, &apos;status&apos;: &apos;never updated&apos;, &apos;credential&apos;: 1, &apos;force_handlers&apos;: True, &apos;last_job_run&apos;: None, &apos;ask_variables_on_launch&apos;: True, &apos;ask_job_type_on_launch&apos;: True, &apos;start_at_task&apos;: u&apos;&apos;, &apos;ask_limit_on_launch&apos;: False, &apos;host_config_key&apos;: u&apos;&apos;, &apos;next_job_run&apos;: None, &apos;name&apos;: u&apos;updated&apos;, &apos;created&apos;: datetime.datetime(2016, 7, 15, 17, 1, 34, 616715, tzinfo=&lt;UTC&gt;), &apos;url&apos;: u&apos;/api/v1/job_templates/2/&apos;, &apos;extra_vars&apos;: u&apos;--&apos;, &apos;verbosity&apos;: 5, &apos;ask_credential_on_launch&apos;: True, &apos;modified&apos;: datetime.datetime(2016, 7, 15, 17, 1, 34, 758310, tzinfo=&lt;UTC&gt;), &apos;project&apos;: 1, &apos;limit&apos;: u&apos;something&apos;}
</system-out></testcase><testcase classname="awx.main.tests.functional.api.test_job_template" file="awx/main/tests/functional/api/test_job_template.py" line="125" name="test_job_template_role_user" time="0.382829666138"></testcase><testcase classname="awx.main.tests.functional.api.test_job_template" file="awx/main/tests/functional/api/test_job_template.py" line="142" name="test_bad_data_copy_edit" time="0.257897138596"></testcase><testcase classname="awx.main.tests.functional.api.test_job_template" file="awx/main/tests/functional/api/test_job_template.py" line="166" name="test_admin_copy_edit" time="0.24237370491"></testcase><testcase classname="awx.main.tests.functional.api.test_job_template" file="awx/main/tests/functional/api/test_job_template.py" line="179" name="test_org_admin_copy_edit" time="0.281867980957"></testcase><testcase classname="awx.main.tests.functional.api.test_job_template" file="awx/main/tests/functional/api/test_job_template.py" line="192" name="test_org_admin_foreign_cred_no_copy_edit" time="0.410696029663"></testcase><testcase classname="awx.main.tests.functional.api.test_job_template" file="awx/main/tests/functional/api/test_job_template.py" line="213" name="test_jt_admin_copy_edit" time="0.27127289772"></testcase><testcase classname="awx.main.tests.functional.api.test_job_template" file="awx/main/tests/functional/api/test_job_template.py" line="232" name="test_proj_jt_admin_copy_edit" time="0.303610086441"></testcase><testcase classname="awx.main.tests.functional.api.test_job_template" file="awx/main/tests/functional/api/test_job_template.py" line="253" name="test_org_admin_copy_edit_functional" time="0.459834337234"></testcase><testcase classname="awx.main.tests.functional.api.test_job_template" file="awx/main/tests/functional/api/test_job_template.py" line="266" name="test_jt_admin_copy_edit_functional" time="0.29841709137"></testcase><testcase classname="awx.main.tests.functional.api.test_job_template" file="awx/main/tests/functional/api/test_job_template.py" line="283" name="test_scan_jt_no_inventory" time="0.403714895248"></testcase><testcase classname="awx.main.tests.functional.api.test_job_template" file="awx/main/tests/functional/api/test_job_template.py" line="315" name="test_scan_jt_surveys" time="0.127477884293"></testcase><testcase classname="awx.main.tests.functional.api.test_job_template" file="awx/main/tests/functional/api/test_job_template.py" line="323" name="test_jt_without_project" time="0.153108596802"></testcase><testcase classname="awx.main.tests.functional.api.test_job_template" file="awx/main/tests/functional/api/test_job_template.py" line="338" name="test_disallow_template_delete_on_running_job" time="0.529030799866"></testcase><testcase classname="awx.main.tests.functional.api.test_organization_counts" file="awx/main/tests/functional/api/test_organization_counts.py" line="63" name="test_org_counts_detail_admin" time="1.67366695404"></testcase><testcase classname="awx.main.tests.functional.api.test_organization_counts" file="awx/main/tests/functional/api/test_organization_counts.py" line="74" name="test_org_counts_detail_member" time="1.63457608223"></testcase><testcase classname="awx.main.tests.functional.api.test_organization_counts" file="awx/main/tests/functional/api/test_organization_counts.py" line="92" name="test_org_counts_list_admin" time="1.64999079704"></testcase><testcase classname="awx.main.tests.functional.api.test_organization_counts" file="awx/main/tests/functional/api/test_organization_counts.py" line="102" name="test_org_counts_list_member" time="1.68001508713"></testcase><testcase classname="awx.main.tests.functional.api.test_organization_counts" file="awx/main/tests/functional/api/test_organization_counts.py" line="121" name="test_new_org_zero_counts" time="0.0930516719818"></testcase><testcase classname="awx.main.tests.functional.api.test_organization_counts" file="awx/main/tests/functional/api/test_organization_counts.py" line="134" name="test_two_organizations" time="1.73285913467"></testcase><testcase classname="awx.main.tests.functional.api.test_organization_counts" file="awx/main/tests/functional/api/test_organization_counts.py" line="152" name="test_scan_JT_counted" time="1.80069565773"></testcase><testcase classname="awx.main.tests.functional.api.test_organization_counts" file="awx/main/tests/functional/api/test_organization_counts.py" line="172" name="test_JT_associated_with_project" time="0.529878616333"></testcase><testcase classname="awx.main.tests.functional.api.test_organizations" file="awx/main/tests/functional/api/test_organizations.py" line="15" name="test_organization_list_access_tests" time="0.192766189575"></testcase><testcase classname="awx.main.tests.functional.api.test_organizations" file="awx/main/tests/functional/api/test_organizations.py" line="28" name="test_organization_access_tests" time="0.224050045013"></testcase><testcase classname="awx.main.tests.functional.api.test_organizations" file="awx/main/tests/functional/api/test_organizations.py" line="37" name="test_organization_list_integrity" time="0.135522842407"></testcase><testcase classname="awx.main.tests.functional.api.test_organizations" file="awx/main/tests/functional/api/test_organizations.py" line="44" name="test_organization_list_visibility" time="0.295492887497"></testcase><testcase classname="awx.main.tests.functional.api.test_organizations" file="awx/main/tests/functional/api/test_organizations.py" line="63" name="test_organization_project_list" time="0.387312173843"></testcase><testcase classname="awx.main.tests.functional.api.test_organizations" file="awx/main/tests/functional/api/test_organizations.py" line="75" name="test_organization_user_list" time="0.384583711624"></testcase><testcase classname="awx.main.tests.functional.api.test_organizations" file="awx/main/tests/functional/api/test_organizations.py" line="88" name="test_organization_inventory_list" time="0.360407114029"></testcase><testcase classname="awx.main.tests.functional.api.test_organizations" file="awx/main/tests/functional/api/test_organizations.py" line="100" name="test_create_organization" time="0.144617557526"></testcase><testcase classname="awx.main.tests.functional.api.test_organizations" file="awx/main/tests/functional/api/test_organizations.py" line="112" name="test_create_organization_xfail" time="0.0187828540802"></testcase><testcase classname="awx.main.tests.functional.api.test_organizations" file="awx/main/tests/functional/api/test_organizations.py" line="122" name="test_add_user_to_organization" time="0.211570978165"></testcase><testcase classname="awx.main.tests.functional.api.test_organizations" file="awx/main/tests/functional/api/test_organizations.py" line="131" name="test_add_user_to_organization_xfail" time="0.12983584404"></testcase><testcase classname="awx.main.tests.functional.api.test_organizations" file="awx/main/tests/functional/api/test_organizations.py" line="137" name="test_add_admin_to_organization" time="0.164908885956"></testcase><testcase classname="awx.main.tests.functional.api.test_organizations" file="awx/main/tests/functional/api/test_organizations.py" line="148" name="test_add_admin_to_organization_xfail" time="0.12740111351"></testcase><testcase classname="awx.main.tests.functional.api.test_organizations" file="awx/main/tests/functional/api/test_organizations.py" line="154" name="test_update_organization" time="0.207005977631"></testcase><testcase classname="awx.main.tests.functional.api.test_organizations" file="awx/main/tests/functional/api/test_organizations.py" line="166" name="test_delete_organization" time="0.179242134094"></testcase><testcase classname="awx.main.tests.functional.api.test_organizations" file="awx/main/tests/functional/api/test_organizations.py" line="172" name="test_delete_organization2" time="0.206320047379"></testcase><testcase classname="awx.main.tests.functional.api.test_organizations" file="awx/main/tests/functional/api/test_organizations.py" line="179" name="test_delete_organization_xfail1" time="0.11073923111"></testcase><testcase classname="awx.main.tests.functional.api.test_organizations" file="awx/main/tests/functional/api/test_organizations.py" line="186" name="test_delete_organization_xfail2" time="0.0636837482452"></testcase><testcase classname="awx.main.tests.functional.api.test_resource_access_lists" file="awx/main/tests/functional/api/test_resource_access_lists.py" line="5" name="test_indirect_access_list" time="0.457430839539"></testcase><testcase classname="awx.main.tests.functional.api.test_survey_spec" file="awx/main/tests/functional/api/test_survey_spec.py" line="24" name="test_survey_spec_view_denied" time="0.127560853958"></testcase><testcase classname="awx.main.tests.functional.api.test_survey_spec" file="awx/main/tests/functional/api/test_survey_spec.py" line="33" name="test_deny_enabling_survey" time="0.39682674408"></testcase><testcase classname="awx.main.tests.functional.api.test_survey_spec" file="awx/main/tests/functional/api/test_survey_spec.py" line="41" name="test_job_start_blocked_without_survey_license" time="0.120177030563"></testcase><testcase classname="awx.main.tests.functional.api.test_survey_spec" file="awx/main/tests/functional/api/test_survey_spec.py" line="50" name="test_deny_creating_with_survey" time="0.135418891907"></testcase><testcase classname="awx.main.tests.functional.api.test_survey_spec" file="awx/main/tests/functional/api/test_survey_spec.py" line="68" name="test_survey_spec_view_allowed" time="0.384042263031"></testcase><testcase classname="awx.main.tests.functional.api.test_survey_spec" file="awx/main/tests/functional/api/test_survey_spec.py" line="75" name="test_survey_spec_sucessful_creation" time="0.146610975266"></testcase><testcase classname="awx.main.tests.functional.api.test_survey_spec" file="awx/main/tests/functional/api/test_survey_spec.py" line="86" name="test_survey_spec_non_dict_error" time="0.386497974396"></testcase><testcase classname="awx.main.tests.functional.api.test_survey_spec" file="awx/main/tests/functional/api/test_survey_spec.py" line="98" name="test_survey_spec_dual_names_error" time="0.379047632217"></testcase><testcase classname="awx.main.tests.functional.api.test_survey_spec" file="awx/main/tests/functional/api/test_survey_spec.py" line="109" name="test_disable_survey_access_without_license" time="0.116858959198"></testcase><testcase classname="awx.main.tests.functional.api.test_survey_spec" file="awx/main/tests/functional/api/test_survey_spec.py" line="117" name="test_delete_survey_access_without_license" time="0.119806051254"></testcase><testcase classname="awx.main.tests.functional.api.test_survey_spec" file="awx/main/tests/functional/api/test_survey_spec.py" line="126" name="test_job_start_allowed_with_survey_spec" time="0.139719724655"></testcase><testcase classname="awx.main.tests.functional.api.test_survey_spec" file="awx/main/tests/functional/api/test_survey_spec.py" line="139" name="test_job_template_delete_access_with_survey" time="0.11958193779"><failure message="assert &lt;bound method JobTemplateAccess.can_delete of &lt;awx.main.access.JobTemplateAccess object at 0x65d2290&gt;&gt;(&lt;JobTemplate: jt-2&gt;)
 +  where &lt;bound method JobTemplateAccess.can_delete of &lt;awx.main.access.JobTemplateAccess object at 0x65d2290&gt;&gt; = &lt;awx.main.access.JobTemplateAccess object at 0x65d2290&gt;.can_delete">job_template_with_survey = &lt;JobTemplate: jt-2&gt;, admin_user = &lt;User: admin&gt;

    @mock.patch(&apos;awx.main.access.BaseAccess.check_license&apos;, new=mock_no_surveys)
    @pytest.mark.django_db
    @pytest.mark.survey
    def test_job_template_delete_access_with_survey(job_template_with_survey, admin_user):
        &quot;&quot;&quot;The survey_spec view relies on JT `can_delete` to determine permission
        to delete the survey. This checks that system admins can delete the survey on a JT.&quot;&quot;&quot;
        access = JobTemplateAccess(admin_user)
&gt;       assert access.can_delete(job_template_with_survey)
E       assert &lt;bound method JobTemplateAccess.can_delete of &lt;awx.main.access.JobTemplateAccess object at 0x65d2290&gt;&gt;(&lt;JobTemplate: jt-2&gt;)
E        +  where &lt;bound method JobTemplateAccess.can_delete of &lt;awx.main.access.JobTemplateAccess object at 0x65d2290&gt;&gt; = &lt;awx.main.access.JobTemplateAccess object at 0x65d2290&gt;.can_delete

awx/main/tests/functional/api/test_survey_spec.py:147: AssertionError</failure></testcase><testcase classname="awx.main.tests.functional.api.test_survey_spec" file="awx/main/tests/functional/api/test_survey_spec.py" line="148" name="test_delete_survey_spec_without_license" time="0.125483036041"><failure message="assert 403 == 200
 +  where 403 = &lt;rest_framework.response.Response object at 0x6070390&gt;.status_code">job_template_with_survey = &lt;JobTemplate: jt-2&gt;
delete = &lt;function rf at 0x684f488&gt;, admin_user = &lt;User: admin&gt;

    @mock.patch(&apos;awx.api.views.feature_enabled&apos;, lambda feature: False)
    @mock.patch(&apos;awx.main.access.BaseAccess.check_license&apos;, new=mock_no_surveys)
    @pytest.mark.django_db
    @pytest.mark.survey
    def test_delete_survey_spec_without_license(job_template_with_survey, delete, admin_user):
        &quot;&quot;&quot;Functional delete test through the survey_spec view.&quot;&quot;&quot;
        delete(reverse(&apos;api:job_template_survey_spec&apos;, args=[job_template_with_survey.pk]),
&gt;              admin_user, expect=200)

awx/main/tests/functional/api/test_survey_spec.py:156: 
_ _ _ _ _ _ _ _ _ _ _ _ _ _ _ _ _ _ _ _ _ _ _ _ _ _ _ _ _ _ _ _ _ _ _ _ _ _ _ _ 

url = &apos;/api/v1/job_templates/2/survey_spec/&apos;, data_or_user = &lt;User: admin&gt;
user = &lt;User: admin&gt;, middleware = None, expect = 200
kwargs = {&apos;format&apos;: &apos;json&apos;}
view = &lt;function JobTemplateSurveySpec at 0x5be29b0&gt;, view_args = ()
view_kwargs = {&apos;pk&apos;: &apos;2&apos;}
request = &lt;WSGIRequest: DELETE &apos;/api/v1/job_templates/2/survey_spec/&apos;&gt;
response = &lt;rest_framework.response.Response object at 0x6070390&gt;
@py_assert1 = 403, @py_assert3 = False

    def rf(url, data_or_user=None, user=None, middleware=None, expect=None, **kwargs):
        if type(data_or_user) is User and user is None:
            user = data_or_user
        elif &apos;data&apos; not in kwargs:
            kwargs[&apos;data&apos;] = data_or_user
        if &apos;format&apos; not in kwargs:
            kwargs[&apos;format&apos;] = &apos;json&apos;
    
        view, view_args, view_kwargs = resolve(urlparse(url)[2])
        request = getattr(APIRequestFactory(), verb)(url, **kwargs)
        if middleware:
            middleware.process_request(request)
        if user:
            force_authenticate(request, user=user)
    
        response = view(request, *view_args, **view_kwargs)
        if middleware:
            middleware.process_response(request, response)
        if expect:
            if response.status_code != expect:
                print(response.data)
&gt;           assert response.status_code == expect
E           assert 403 == 200
E            +  where 403 = &lt;rest_framework.response.Response object at 0x6070390&gt;.status_code

awx/main/tests/functional/conftest.py:336: AssertionError</failure><system-out>{u&apos;detail&apos;: u&apos;You do not have permission to perform this action.&apos;}
</system-out></testcase><testcase classname="awx.main.tests.functional.api.test_survey_spec" file="awx/main/tests/functional/api/test_survey_spec.py" line="159" name="test_launch_survey_enabled_but_no_survey_spec" time="0.445072889328"></testcase><testcase classname="awx.main.tests.functional.api.test_survey_spec" file="awx/main/tests/functional/api/test_survey_spec.py" line="176" name="test_launch_with_non_empty_survey_spec_no_license" time="0.44428396225"></testcase><testcase classname="awx.main.tests.functional.api.test_survey_spec" file="awx/main/tests/functional/api/test_survey_spec.py" line="193" name="test_redact_survey_passwords_in_activity_stream" time="0.142761230469"></testcase><testcase classname="awx.main.tests.functional.api.test_unified_jobs_view" file="awx/main/tests/functional/api/test_unified_jobs_view.py" line="55" name="test_project_update_redaction_enabled[json-application/json]" time="0.165277242661"></testcase><testcase classname="awx.main.tests.functional.api.test_unified_jobs_view" file="awx/main/tests/functional/api/test_unified_jobs_view.py" line="55" name="test_project_update_redaction_enabled[ansi-text/plain]" time="0.159669876099"></testcase><testcase classname="awx.main.tests.functional.api.test_unified_jobs_view" file="awx/main/tests/functional/api/test_unified_jobs_view.py" line="55" name="test_project_update_redaction_enabled[txt-text/plain]" time="0.160245895386"></testcase><testcase classname="awx.main.tests.functional.api.test_unified_jobs_view" file="awx/main/tests/functional/api/test_unified_jobs_view.py" line="55" name="test_project_update_redaction_enabled[html-text/html]" time="0.160886764526"></testcase><testcase classname="awx.main.tests.functional.api.test_unified_jobs_view" file="awx/main/tests/functional/api/test_unified_jobs_view.py" line="68" name="test_job_redaction_disabled[json-application/json]" time="0.465848207474"></testcase><testcase classname="awx.main.tests.functional.api.test_unified_jobs_view" file="awx/main/tests/functional/api/test_unified_jobs_view.py" line="68" name="test_job_redaction_disabled[ansi-text/plain]" time="0.372328996658"></testcase><testcase classname="awx.main.tests.functional.api.test_unified_jobs_view" file="awx/main/tests/functional/api/test_unified_jobs_view.py" line="68" name="test_job_redaction_disabled[txt-text/plain]" time="0.386467218399"></testcase><testcase classname="awx.main.tests.functional.api.test_unified_jobs_view" file="awx/main/tests/functional/api/test_unified_jobs_view.py" line="68" name="test_job_redaction_disabled[html-text/html]" time="0.469263076782"></testcase><testcase classname="awx.main.tests.functional.api.test_unified_jobs_view" file="awx/main/tests/functional/api/test_unified_jobs_view.py" line="80" name="test_options_fields_choices" time="0.0657932758331"></testcase><testcase classname="awx.main.tests.functional.api.test_user" file="awx/main/tests/functional/api/test_user.py" line="9" name="test_user_create" time="0.0595979690552"></testcase><testcase classname="awx.main.tests.functional.api.test_user" file="awx/main/tests/functional/api/test_user.py" line="21" name="test_fail_double_create_user" time="0.0657250881195"></testcase><testcase classname="awx.main.tests.functional.api.test_user" file="awx/main/tests/functional/api/test_user.py" line="43" name="test_create_delete_create_user" time="0.169404029846"><system-out>{&apos;username&apos;: u&apos;affable&apos;, &apos;first_name&apos;: u&apos;a&apos;, &apos;last_name&apos;: u&apos;a&apos;, &apos;created&apos;: datetime.datetime(2016, 7, 15, 17, 2, 0, 334453, tzinfo=&lt;UTC&gt;), &apos;url&apos;: u&apos;/api/v1/users/3/&apos;, &apos;is_system_auditor&apos;: False, &apos;ldap_dn&apos;: u&apos;&apos;, &apos;external_account&apos;: None, &apos;related&apos;: OrderedDict([(&apos;admin_of_organizations&apos;, u&apos;/api/v1/users/3/admin_of_organizations/&apos;), (&apos;organizations&apos;, u&apos;/api/v1/users/3/organizations/&apos;), (&apos;roles&apos;, u&apos;/api/v1/users/3/roles/&apos;), (&apos;access_list&apos;, u&apos;/api/v1/users/3/access_list/&apos;), (&apos;teams&apos;, u&apos;/api/v1/users/3/teams/&apos;), (&apos;credentials&apos;, u&apos;/api/v1/users/3/credentials/&apos;), (&apos;activity_stream&apos;, u&apos;/api/v1/users/3/activity_stream/&apos;), (&apos;projects&apos;, u&apos;/api/v1/users/3/projects/&apos;)]), &apos;email&apos;: u&apos;a@a.com&apos;, &apos;is_superuser&apos;: False, &apos;auth&apos;: [], &apos;type&apos;: &apos;user&apos;, &apos;id&apos;: 3}
</system-out></testcase><testcase classname="awx.main.tests.functional.commands.test_cleanup_facts" file="awx/main/tests/functional/commands/test_cleanup_facts.py" line="24" name="test_cleanup_granularity" time="0.978553295135"></testcase><testcase classname="awx.main.tests.functional.commands.test_cleanup_facts" file="awx/main/tests/functional/commands/test_cleanup_facts.py" line="40" name="test_cleanup_older_than" time="0.783033847809"></testcase><testcase classname="awx.main.tests.functional.commands.test_cleanup_facts" file="awx/main/tests/functional/commands/test_cleanup_facts.py" line="53" name="test_cleanup_older_than_granularity_module" time="1.0541779995"></testcase><testcase classname="awx.main.tests.functional.commands.test_cleanup_facts" file="awx/main/tests/functional/commands/test_cleanup_facts.py" line="70" name="test_cleanup_logic" time="1.48366785049"></testcase><testcase classname="awx.main.tests.functional.commands.test_cleanup_facts" file="awx/main/tests/functional/commands/test_cleanup_facts.py" line="97" name="test_system_tracking_feature_disabled" time="0.00236082077026"></testcase><testcase classname="awx.main.tests.functional.commands.test_cleanup_facts" file="awx/main/tests/functional/commands/test_cleanup_facts.py" line="106" name="test_parameters_ok" time="0.00343227386475"></testcase><testcase classname="awx.main.tests.functional.commands.test_cleanup_facts" file="awx/main/tests/functional/commands/test_cleanup_facts.py" line="119" name="test_string_time_to_timestamp_ok" time="0.00203204154968"></testcase><testcase classname="awx.main.tests.functional.commands.test_cleanup_facts" file="awx/main/tests/functional/commands/test_cleanup_facts.py" line="148" name="test_string_time_to_timestamp_invalid" time="0.00235605239868"></testcase><testcase classname="awx.main.tests.functional.commands.test_cleanup_facts" file="awx/main/tests/functional/commands/test_cleanup_facts.py" line="177" name="test_parameters_fail" time="0.00295472145081"></testcase><testcase classname="awx.main.tests.functional.commands.test_commands" file="awx/main/tests/functional/commands/test_commands.py" line="41" name="test_update_password_command[admin-dingleberry-Password updated
-True]" time="0.00419902801514"></testcase><testcase classname="awx.main.tests.functional.commands.test_commands" file="awx/main/tests/functional/commands/test_commands.py" line="41" name="test_update_password_command[admin-admin-Password not updated
-False]" time="0.00409197807312"></testcase><testcase classname="awx.main.tests.functional.commands.test_commands" file="awx/main/tests/functional/commands/test_commands.py" line="41" name="test_update_password_command[None-foo-username required-False]" time="0.00398397445679"></testcase><testcase classname="awx.main.tests.functional.commands.test_commands" file="awx/main/tests/functional/commands/test_commands.py" line="41" name="test_update_password_command[admin-None-password required-False]" time="0.00388503074646"></testcase><testcase classname="awx.main.tests.functional.commands.test_commands" file="awx/main/tests/functional/commands/test_commands.py" line="58" name="test_remove_instance_command[True-127.0.0.1-Cannot remove primary-None]" time="0.0124862194061"></testcase><testcase classname="awx.main.tests.functional.commands.test_commands" file="awx/main/tests/functional/commands/test_commands.py" line="58" name="test_remove_instance_command[False-127.0.0.2-Successfully removed-None]" time="0.010636806488"></testcase><testcase classname="awx.main.tests.functional.commands.test_commands" file="awx/main/tests/functional/commands/test_commands.py" line="58" name="test_remove_instance_command[False-127.0.0.3-No matching instance-DoesNotExist]" time="0.00780034065247"></testcase><testcase classname="awx.main.tests.functional.commands.test_run_fact_cache_receiver" file="awx/main/tests/functional/commands/test_run_fact_cache_receiver.py" line="38" name="test_process_fact_message_ansible" time="0.164701700211"></testcase><testcase classname="awx.main.tests.functional.commands.test_run_fact_cache_receiver" file="awx/main/tests/functional/commands/test_run_fact_cache_receiver.py" line="45" name="test_process_fact_message_packages" time="0.170783042908"></testcase><testcase classname="awx.main.tests.functional.commands.test_run_fact_cache_receiver" file="awx/main/tests/functional/commands/test_run_fact_cache_receiver.py" line="52" name="test_process_fact_message_services" time="0.16141295433"></testcase><testcase classname="awx.main.tests.functional.commands.test_run_fact_cache_receiver" file="awx/main/tests/functional/commands/test_run_fact_cache_receiver.py" line="66" name="test_process_facts_message_ansible_overwrite" time="0.197169065475"></testcase><testcase classname="awx.main.tests.functional.commands.test_run_fact_cache_receiver" file="awx/main/tests/functional/commands/test_run_fact_cache_receiver.py" line="85" name="test_run_receiver" time="0.148838996887"></testcase><testcase classname="awx.main.tests.functional.core.test_licenses" file="awx/main/tests/functional/core/test_licenses.py" line="15" name="test_license_writer" time="0.14116024971"></testcase><testcase classname="awx.main.tests.functional.core.test_licenses" file="awx/main/tests/functional/core/test_licenses.py" line="63" name="test_expired_licenses" time="0.00777888298035"></testcase><testcase classname="awx.main.tests.functional.core.test_licenses" file="awx/main/tests/functional/core/test_licenses.py" line="105" name="test_aws_license" time="0.00576329231262"></testcase><testcase classname="awx.main.tests.functional.migrations.test_fact" file="awx/main/tests/functional/migrations/test_fact.py" line="14" name="test_migrate_facts" time="0.917314767838"></testcase><testcase classname="awx.main.tests.functional.migrations.test_fact" file="awx/main/tests/functional/migrations/test_fact.py" line="37" name="test_migrate_facts_hostname_does_not_exist" time="0.719658851624"></testcase><testcase classname="awx.main.tests.functional.models.test_unified_job.TestCreateUnifiedJob" file="awx/main/tests/functional/models/test_unified_job.py" line="7" name="test_many_to_many" time="0.202783107758"></testcase><testcase classname="awx.main.tests.functional.models.test_unified_job.TestCreateUnifiedJob" file="awx/main/tests/functional/models/test_unified_job.py" line="21" name="test_many_to_many_kwargs" time="0.168176174164"></testcase><testcase classname="awx.main.tests.functional.models.fact.test_get_host_fact" file="awx/main/tests/functional/models/fact/test_get_host_fact.py" line="7" name="test_newest_scan_exact" time="0.201988935471"></testcase><testcase classname="awx.main.tests.functional.models.fact.test_get_host_fact" file="awx/main/tests/functional/models/fact/test_get_host_fact.py" line="32" name="test_newest_scan_less_than" time="0.200366020203"></testcase><testcase classname="awx.main.tests.functional.models.fact.test_get_host_fact" file="awx/main/tests/functional/models/fact/test_get_host_fact.py" line="53" name="test_query_middle_of_timeline" time="0.209254741669"></testcase><testcase classname="awx.main.tests.functional.models.fact.test_get_host_fact" file="awx/main/tests/functional/models/fact/test_get_host_fact.py" line="74" name="test_query_result_empty" time="0.201042890549"></testcase><testcase classname="awx.main.tests.functional.models.fact.test_get_host_fact" file="awx/main/tests/functional/models/fact/test_get_host_fact.py" line="88" name="test_by_module" time="0.215559959412"></testcase><testcase classname="awx.main.tests.functional.models.fact.test_get_timeline" file="awx/main/tests/functional/models/fact/test_get_timeline.py" line="22" name="test_all" time="0.203952074051"></testcase><testcase classname="awx.main.tests.functional.models.fact.test_get_timeline" file="awx/main/tests/functional/models/fact/test_get_timeline.py" line="32" name="test_all_ansible" time="0.200713157654"></testcase><testcase classname="awx.main.tests.functional.models.fact.test_get_timeline" file="awx/main/tests/functional/models/fact/test_get_timeline.py" line="45" name="test_empty_db" time="0.175336837769"></testcase><testcase classname="awx.main.tests.functional.models.fact.test_get_timeline" file="awx/main/tests/functional/models/fact/test_get_timeline.py" line="56" name="test_no_results" time="0.205021858215"></testcase><testcase classname="awx.main.tests.functional.models.fact.test_get_timeline" file="awx/main/tests/functional/models/fact/test_get_timeline.py" line="65" name="test_exact_same_equal" time="0.202853679657"></testcase><testcase classname="awx.main.tests.functional.models.fact.test_get_timeline" file="awx/main/tests/functional/models/fact/test_get_timeline.py" line="76" name="test_exact_from_exclusive_to_inclusive" time="0.206645011902"></testcase><testcase classname="awx.main.tests.functional.models.fact.test_get_timeline" file="awx/main/tests/functional/models/fact/test_get_timeline.py" line="89" name="test_to_lte" time="0.199194908142"></testcase><testcase classname="awx.main.tests.functional.models.fact.test_get_timeline" file="awx/main/tests/functional/models/fact/test_get_timeline.py" line="103" name="test_from_gt" time="0.202415943146"></testcase><testcase classname="awx.main.tests.functional.models.fact.test_get_timeline" file="awx/main/tests/functional/models/fact/test_get_timeline.py" line="117" name="test_no_ts" time="0.199639797211"></testcase><testcase classname="awx.main.tests.old.ad_hoc.RunAdHocCommandTest" file="awx/main/tests/old/ad_hoc.py" line="158" name="test_ad_hoc_command_options" time="0.0381088256836"><skipped message="Skipping slow test" type="pytest.skip">awx/main/tests/old/ad_hoc.py:158: &lt;py._xmlgen.raw object at 0x6858490&gt;</skipped></testcase><testcase classname="awx.main.tests.old.ad_hoc.RunAdHocCommandTest" file="awx/main/tests/old/ad_hoc.py" line="136" name="test_cancel_ad_hoc_command" time="0.00202178955078"><skipped message="Skipping slow test" type="pytest.skip">awx/main/tests/old/ad_hoc.py:136: &lt;py._xmlgen.raw object at 0x5abf050&gt;</skipped></testcase><testcase classname="awx.main.tests.old.ad_hoc.RunAdHocCommandTest" file="awx/main/tests/old/ad_hoc.py" line="109" name="test_check_mode_ad_hoc_command" time="0.00159978866577"><skipped message="Skipping slow test" type="pytest.skip">awx/main/tests/old/ad_hoc.py:109: &lt;py._xmlgen.raw object at 0x68ea790&gt;</skipped></testcase><testcase classname="awx.main.tests.old.ad_hoc.RunAdHocCommandTest" file="awx/main/tests/old/ad_hoc.py" line="127" name="test_check_mode_where_command_would_fail" time="0.00162696838379"><skipped message="Skipping slow test" type="pytest.skip">awx/main/tests/old/ad_hoc.py:127: &lt;py._xmlgen.raw object at 0x63fc690&gt;</skipped></testcase><testcase classname="awx.main.tests.old.ad_hoc.RunAdHocCommandTest" file="awx/main/tests/old/ad_hoc.py" line="177" name="test_limit_option" time="0.00167417526245"><skipped message="Skipping slow test" type="pytest.skip">awx/main/tests/old/ad_hoc.py:177: &lt;py._xmlgen.raw object at 0x6d98510&gt;</skipped></testcase><testcase classname="awx.main.tests.old.ad_hoc.RunAdHocCommandTest" file="awx/main/tests/old/ad_hoc.py" line="297" name="test_locked_ssh_key_ask_password" time="0.0017671585083"><skipped message="Skipping slow test" type="pytest.skip">awx/main/tests/old/ad_hoc.py:297: &lt;py._xmlgen.raw object at 0x63fca50&gt;</skipped></testcase><testcase classname="awx.main.tests.old.ad_hoc.RunAdHocCommandTest" file="awx/main/tests/old/ad_hoc.py" line="285" name="test_locked_ssh_key_with_bad_password" time="0.00158309936523"><skipped message="Skipping slow test" type="pytest.skip">awx/main/tests/old/ad_hoc.py:285: &lt;py._xmlgen.raw object at 0x68ded90&gt;</skipped></testcase><testcase classname="awx.main.tests.old.ad_hoc.RunAdHocCommandTest" file="awx/main/tests/old/ad_hoc.py" line="273" name="test_locked_ssh_key_with_password" time="0.00161623954773"><skipped message="Skipping slow test" type="pytest.skip">awx/main/tests/old/ad_hoc.py:273: &lt;py._xmlgen.raw object at 0x68eb4d0&gt;</skipped></testcase><testcase classname="awx.main.tests.old.ad_hoc.RunAdHocCommandTest" file="awx/main/tests/old/ad_hoc.py" line="100" name="test_run_ad_hoc_command" time="0.00175619125366"><skipped message="Skipping slow test" type="pytest.skip">awx/main/tests/old/ad_hoc.py:100: &lt;py._xmlgen.raw object at 0x683e610&gt;</skipped></testcase><testcase classname="awx.main.tests.old.ad_hoc.RunAdHocCommandTest" file="awx/main/tests/old/ad_hoc.py" line="118" name="test_run_ad_hoc_command_that_fails" time="0.00150465965271"><skipped message="Skipping slow test" type="pytest.skip">awx/main/tests/old/ad_hoc.py:118: &lt;py._xmlgen.raw object at 0x6863cd0&gt;</skipped></testcase><testcase classname="awx.main.tests.old.ad_hoc.RunAdHocCommandTest" file="awx/main/tests/old/ad_hoc.py" line="322" name="test_run_with_proot" time="0.00149202346802"><skipped message="Skipping slow test" type="pytest.skip">awx/main/tests/old/ad_hoc.py:322: &lt;py._xmlgen.raw object at 0x6841410&gt;</skipped></testcase><testcase classname="awx.main.tests.old.ad_hoc.RunAdHocCommandTest" file="awx/main/tests/old/ad_hoc.py" line="364" name="test_run_with_proot_not_installed" time="0.00163698196411"><skipped message="Skipping slow test" type="pytest.skip">awx/main/tests/old/ad_hoc.py:364: &lt;py._xmlgen.raw object at 0x6835710&gt;</skipped></testcase><testcase classname="awx.main.tests.old.ad_hoc.RunAdHocCommandTest" file="awx/main/tests/old/ad_hoc.py" line="217" name="test_ssh_ask_password" time="0.00159931182861"><skipped message="Skipping slow test" type="pytest.skip">awx/main/tests/old/ad_hoc.py:217: &lt;py._xmlgen.raw object at 0x6d6ec90&gt;</skipped></testcase><testcase classname="awx.main.tests.old.ad_hoc.RunAdHocCommandTest" file="awx/main/tests/old/ad_hoc.py" line="205" name="test_ssh_username_and_password" time="0.00220203399658"><skipped message="Skipping slow test" type="pytest.skip">awx/main/tests/old/ad_hoc.py:205: &lt;py._xmlgen.raw object at 0x6835610&gt;</skipped></testcase><testcase classname="awx.main.tests.old.ad_hoc.RunAdHocCommandTest" file="awx/main/tests/old/ad_hoc.py" line="246" name="test_sudo_ask_password" time="0.00171303749084"><skipped message="Skipping slow test" type="pytest.skip">awx/main/tests/old/ad_hoc.py:246: &lt;py._xmlgen.raw object at 0x6d9c4d0&gt;</skipped></testcase><testcase classname="awx.main.tests.old.ad_hoc.RunAdHocCommandTest" file="awx/main/tests/old/ad_hoc.py" line="230" name="test_sudo_username_and_password" time="0.00155305862427"><skipped message="Skipping slow test" type="pytest.skip">awx/main/tests/old/ad_hoc.py:230: &lt;py._xmlgen.raw object at 0x6da9b90&gt;</skipped></testcase><testcase classname="awx.main.tests.old.ad_hoc.RunAdHocCommandTest" file="awx/main/tests/old/ad_hoc.py" line="261" name="test_unlocked_ssh_key" time="0.452549934387"><skipped message="Skipping slow test" type="pytest.skip">awx/main/tests/old/ad_hoc.py:261: &lt;py._xmlgen.raw object at 0x6daacd0&gt;</skipped></testcase><testcase classname="awx.main.tests.old.ad_hoc.AdHocCommandApiTest" file="awx/main/tests/old/ad_hoc.py" line="744" name="test_ad_hoc_command_activity_stream" time="0.00501489639282"><skipped message="Skipping slow test" type="pytest.skip">awx/main/tests/old/ad_hoc.py:744: &lt;py._xmlgen.raw object at 0x6d7b7d0&gt;</skipped></testcase><testcase classname="awx.main.tests.old.ad_hoc.AdHocCommandApiTest" file="awx/main/tests/old/ad_hoc.py" line="472" name="test_ad_hoc_command_cancel" time="0.00193977355957"><skipped message="Skipping slow test" type="pytest.skip">awx/main/tests/old/ad_hoc.py:472: &lt;py._xmlgen.raw object at 0x6dacf10&gt;</skipped></testcase><testcase classname="awx.main.tests.old.ad_hoc.AdHocCommandApiTest" file="awx/main/tests/old/ad_hoc.py" line="407" name="test_ad_hoc_command_detail" time="0.00155901908875"><skipped message="Skipping slow test" type="pytest.skip">awx/main/tests/old/ad_hoc.py:407: &lt;py._xmlgen.raw object at 0x6dab190&gt;</skipped></testcase><testcase classname="awx.main.tests.old.ad_hoc.AdHocCommandApiTest" file="awx/main/tests/old/ad_hoc.py" line="687" name="test_ad_hoc_command_event_detail" time="0.0014979839325"><skipped message="Skipping slow test" type="pytest.skip">awx/main/tests/old/ad_hoc.py:687: &lt;py._xmlgen.raw object at 0x6d87890&gt;</skipped></testcase><testcase classname="awx.main.tests.old.ad_hoc.AdHocCommandApiTest" file="awx/main/tests/old/ad_hoc.py" line="597" name="test_ad_hoc_command_events_list" time="0.00175404548645"><skipped message="Skipping slow test" type="pytest.skip">awx/main/tests/old/ad_hoc.py:597: &lt;py._xmlgen.raw object at 0x6d87710&gt;</skipped></testcase><testcase classname="awx.main.tests.old.ad_hoc.AdHocCommandApiTest" file="awx/main/tests/old/ad_hoc.py" line="525" name="test_ad_hoc_command_relaunch" time="0.00154495239258"><skipped message="Skipping slow test" type="pytest.skip">awx/main/tests/old/ad_hoc.py:525: &lt;py._xmlgen.raw object at 0x6d74250&gt;</skipped></testcase><testcase classname="awx.main.tests.old.ad_hoc.AdHocCommandApiTest" file="awx/main/tests/old/ad_hoc.py" line="856" name="test_group_ad_hoc_commands_list" time="0.00150513648987"><skipped message="Skipping slow test" type="pytest.skip">awx/main/tests/old/ad_hoc.py:856: &lt;py._xmlgen.raw object at 0x6d75950&gt;</skipped></testcase><testcase classname="awx.main.tests.old.ad_hoc.AdHocCommandApiTest" file="awx/main/tests/old/ad_hoc.py" line="919" name="test_host_ad_hoc_command_events_list" time="0.00202298164368"><skipped message="Skipping slow test" type="pytest.skip">awx/main/tests/old/ad_hoc.py:919: &lt;py._xmlgen.raw object at 0x6d77a50&gt;</skipped></testcase><testcase classname="awx.main.tests.old.ad_hoc.AdHocCommandApiTest" file="awx/main/tests/old/ad_hoc.py" line="798" name="test_host_ad_hoc_commands_list" time="0.478943824768"><skipped message="Skipping slow test" type="pytest.skip">awx/main/tests/old/ad_hoc.py:798: &lt;py._xmlgen.raw object at 0x6d7a190&gt;</skipped></testcase><testcase classname="awx.main.tests.old.inventory.InventoryTest" file="awx/main/tests/old/inventory.py" line="279" name="test_create_inventory_script" time="0.0039370059967"><skipped message="Skipping slow test" type="pytest.skip">awx/main/tests/old/inventory.py:279: &lt;py._xmlgen.raw object at 0x6d7c910&gt;</skipped></testcase><testcase classname="awx.main.tests.old.inventory.InventoryTest" file="awx/main/tests/old/inventory.py" line="1061" name="test_dashboard_hosts_count" time="0.00146508216858"><skipped message="Skipping slow test" type="pytest.skip">awx/main/tests/old/inventory.py:1061: &lt;py._xmlgen.raw object at 0x6d7da90&gt;</skipped></testcase><testcase classname="awx.main.tests.old.inventory.InventoryTest" file="awx/main/tests/old/inventory.py" line="217" name="test_delete_inventory_detail" time="0.00147795677185"><skipped message="Skipping slow test" type="pytest.skip">awx/main/tests/old/inventory.py:217: &lt;py._xmlgen.raw object at 0x6d7f2d0&gt;</skipped></testcase><testcase classname="awx.main.tests.old.inventory.InventoryTest" file="awx/main/tests/old/inventory.py" line="118" name="test_get_inventory_detail" time="0.00170683860779"><skipped message="Skipping slow test" type="pytest.skip">awx/main/tests/old/inventory.py:118: &lt;py._xmlgen.raw object at 0x6d7f390&gt;</skipped></testcase><testcase classname="awx.main.tests.old.inventory.InventoryTest" file="awx/main/tests/old/inventory.py" line="67" name="test_get_inventory_list" time="0.00150394439697"><skipped message="Skipping slow test" type="pytest.skip">awx/main/tests/old/inventory.py:67: &lt;py._xmlgen.raw object at 0x6d81bd0&gt;</skipped></testcase><testcase classname="awx.main.tests.old.inventory.InventoryTest" file="awx/main/tests/old/inventory.py" line="786" name="test_get_inventory_script_view" time="0.00159096717834"><skipped message="Skipping slow test" type="pytest.skip">awx/main/tests/old/inventory.py:786: &lt;py._xmlgen.raw object at 0x6d84410&gt;</skipped></testcase><testcase classname="awx.main.tests.old.inventory.InventoryTest" file="awx/main/tests/old/inventory.py" line="848" name="test_get_inventory_tree_view" time="0.00171566009521"><skipped message="Skipping slow test" type="pytest.skip">awx/main/tests/old/inventory.py:848: &lt;py._xmlgen.raw object at 0x6d86510&gt;</skipped></testcase><testcase classname="awx.main.tests.old.inventory.InventoryTest" file="awx/main/tests/old/inventory.py" line="967" name="test_group_parents_and_children" time="0.00149083137512"><skipped message="Skipping slow test" type="pytest.skip">awx/main/tests/old/inventory.py:967: &lt;py._xmlgen.raw object at 0x6d89c10&gt;</skipped></testcase><testcase classname="awx.main.tests.old.inventory.InventoryTest" file="awx/main/tests/old/inventory.py" line="261" name="test_inventory_access_deleted_permissions" time="0.00147891044617"><skipped message="Skipping slow test" type="pytest.skip">awx/main/tests/old/inventory.py:261: &lt;py._xmlgen.raw object at 0x6d8b350&gt;</skipped></testcase><testcase classname="awx.main.tests.old.inventory.InventoryTest" file="awx/main/tests/old/inventory.py" line="294" name="test_main_line" time="0.00146722793579"><skipped message="Skipping slow test" type="pytest.skip">awx/main/tests/old/inventory.py:294: &lt;py._xmlgen.raw object at 0x6d8c5d0&gt;</skipped></testcase><testcase classname="awx.main.tests.old.inventory.InventoryTest" file="awx/main/tests/old/inventory.py" line="877" name="test_migrate_children_when_group_removed" time="0.00158619880676"><skipped message="Skipping slow test" type="pytest.skip">awx/main/tests/old/inventory.py:877: &lt;py._xmlgen.raw object at 0x6d8dcd0&gt;</skipped></testcase><testcase classname="awx.main.tests.old.inventory.InventoryTest" file="awx/main/tests/old/inventory.py" line="89" name="test_post_inventory_list" time="0.00221276283264"><skipped message="Skipping slow test" type="pytest.skip">awx/main/tests/old/inventory.py:89: &lt;py._xmlgen.raw object at 0x6d8dd90&gt;</skipped></testcase><testcase classname="awx.main.tests.old.inventory.InventoryTest" file="awx/main/tests/old/inventory.py" line="148" name="test_put_inventory_detail" time="0.00152206420898"><skipped message="Skipping slow test" type="pytest.skip">awx/main/tests/old/inventory.py:148: &lt;py._xmlgen.raw object at 0x6d91590&gt;</skipped></testcase><testcase classname="awx.main.tests.old.inventory.InventoryTest" file="awx/main/tests/old/inventory.py" line="926" name="test_safe_delete_recursion" time="0.00329780578613"><skipped message="Skipping slow test" type="pytest.skip">awx/main/tests/old/inventory.py:926: &lt;py._xmlgen.raw object at 0x6d92c90&gt;</skipped></testcase><testcase classname="awx.main.tests.old.inventory.InventoryUpdatesTest" file="awx/main/tests/old/inventory.py" line="1262" name="test_put_inventory_source_detail_with_regions" time="0.00209999084473"><skipped message="Skipping slow test" type="pytest.skip">awx/main/tests/old/inventory.py:1262: &lt;py._xmlgen.raw object at 0x6d96450&gt;</skipped></testcase><testcase classname="awx.main.tests.old.inventory.InventoryUpdatesTest" file="awx/main/tests/old/inventory.py" line="1863" name="test_update_expired_license" time="0.00178790092468"><skipped message="Skipping slow test" type="pytest.skip">awx/main/tests/old/inventory.py:1863: &lt;py._xmlgen.raw object at 0x6d9e350&gt;</skipped></testcase><testcase classname="awx.main.tests.old.inventory.InventoryUpdatesTest" file="awx/main/tests/old/inventory.py" line="1923" name="test_update_from_azure" time="0.00148582458496"><skipped message="Skipping slow test" type="pytest.skip">awx/main/tests/old/inventory.py:1923: &lt;py._xmlgen.raw object at 0x6d9da50&gt;</skipped></testcase><testcase classname="awx.main.tests.old.inventory.InventoryUpdatesTest" file="awx/main/tests/old/inventory.py" line="1806" name="test_update_from_custom_script" time="0.00173306465149"><skipped message="Skipping slow test" type="pytest.skip">awx/main/tests/old/inventory.py:1806: &lt;py._xmlgen.raw object at 0x6e07190&gt;</skipped></testcase><testcase classname="awx.main.tests.old.inventory.InventoryUpdatesTest" file="awx/main/tests/old/inventory.py" line="1426" name="test_update_from_ec2" time="0.00147819519043"><skipped message="Skipping slow test" type="pytest.skip">awx/main/tests/old/inventory.py:1426: &lt;py._xmlgen.raw object at 0x6e113d0&gt;</skipped></testcase><testcase classname="awx.main.tests.old.inventory.InventoryUpdatesTest" file="awx/main/tests/old/inventory.py" line="1511" name="test_update_from_ec2_sts_iam" time="0.00145792961121"><skipped message="Skipping slow test" type="pytest.skip">awx/main/tests/old/inventory.py:1511: &lt;py._xmlgen.raw object at 0x6e13ad0&gt;</skipped></testcase><testcase classname="awx.main.tests.old.inventory.InventoryUpdatesTest" file="awx/main/tests/old/inventory.py" line="1536" name="test_update_from_ec2_sts_iam_bad_token" time="0.00300002098083"><skipped message="Skipping slow test" type="pytest.skip">awx/main/tests/old/inventory.py:1536: &lt;py._xmlgen.raw object at 0x6e13c90&gt;</skipped></testcase><testcase classname="awx.main.tests.old.inventory.InventoryUpdatesTest" file="awx/main/tests/old/inventory.py" line="1570" name="test_update_from_ec2_with_nested_groups" time="0.00150513648987"><skipped message="Skipping slow test" type="pytest.skip">awx/main/tests/old/inventory.py:1570: &lt;py._xmlgen.raw object at 0x6e0d090&gt;</skipped></testcase><testcase classname="awx.main.tests.old.inventory.InventoryUpdatesTest" file="awx/main/tests/old/inventory.py" line="1559" name="test_update_from_ec2_without_credential" time="0.00147581100464"><skipped message="Skipping slow test" type="pytest.skip">awx/main/tests/old/inventory.py:1559: &lt;py._xmlgen.raw object at 0x6e0e790&gt;</skipped></testcase><testcase classname="awx.main.tests.old.inventory.InventoryUpdatesTest" file="awx/main/tests/old/inventory.py" line="1886" name="test_update_from_openstack" time="0.00186204910278"><skipped message="Skipping slow test" type="pytest.skip">awx/main/tests/old/inventory.py:1886: &lt;py._xmlgen.raw object at 0x6e08890&gt;</skipped></testcase><testcase classname="awx.main.tests.old.inventory.InventoryUpdatesTest" file="awx/main/tests/old/inventory.py" line="1903" name="test_update_from_openstack_with_domain" time="0.00153923034668"><skipped message="Skipping slow test" type="pytest.skip">awx/main/tests/old/inventory.py:1903: &lt;py._xmlgen.raw object at 0x6e16090&gt;</skipped></testcase><testcase classname="awx.main.tests.old.inventory.InventoryUpdatesTest" file="awx/main/tests/old/inventory.py" line="1697" name="test_update_from_rax" time="0.00149202346802"><skipped message="Skipping slow test" type="pytest.skip">awx/main/tests/old/inventory.py:1697: &lt;py._xmlgen.raw object at 0x6e196d0&gt;</skipped></testcase><testcase classname="awx.main.tests.old.inventory.InventoryUpdatesTest" file="awx/main/tests/old/inventory.py" line="1750" name="test_update_from_vmware" time="0.00192618370056"><skipped message="Skipping slow test" type="pytest.skip">awx/main/tests/old/inventory.py:1750: &lt;py._xmlgen.raw object at 0x6e1a910&gt;</skipped></testcase><testcase classname="awx.main.tests.old.projects.ProjectsTest" file="awx/main/tests/old/projects.py" line="155" name="test_api_config" time="20.6495501995"></testcase><testcase classname="awx.main.tests.old.projects.ProjectsTest" file="awx/main/tests/old/projects.py" line="191" name="test_dashboard" time="3.7494969368"></testcase><testcase classname="awx.main.tests.old.projects.ProjectsTest" file="awx/main/tests/old/projects.py" line="204" name="test_mainline" time="6.75546479225"></testcase><testcase classname="awx.main.tests.old.projects.ProjectsTest" file="awx/main/tests/old/projects.py" line="104" name="test_playbooks" time="3.68580269814"></testcase><testcase classname="awx.main.tests.old.projects.ProjectUpdatesTest" file="awx/main/tests/old/projects.py" line="951" name="test_create_project_with_scm" time="10.820898056"></testcase><testcase classname="awx.main.tests.old.projects.ProjectUpdatesTest" file="awx/main/tests/old/projects.py" line="1029" name="test_delete_project_update_as_org_admin" time="8.17387676239"></testcase><testcase classname="awx.main.tests.old.projects.ProjectUpdatesTest" file="awx/main/tests/old/projects.py" line="1186" name="test_git_project_via_ssh_loopback" time="0.547190904617"><skipped message="no ssh loopback username/password defined!" type="pytest.skip">awx/main/tests/old/projects.py:1186: &lt;py._xmlgen.raw object at 0x3391ed0&gt;</skipped></testcase><testcase classname="awx.main.tests.old.projects.ProjectUpdatesTest" file="awx/main/tests/old/projects.py" line="1077" name="test_private_git_project_over_https" time="0.545605897903"><skipped message="no private git repo defined for https!" type="pytest.skip">awx/main/tests/old/projects.py:1077: &lt;py._xmlgen.raw object at 0x666cc10&gt;</skipped></testcase><testcase classname="awx.main.tests.old.projects.ProjectUpdatesTest" file="awx/main/tests/old/projects.py" line="1092" name="test_private_git_project_over_ssh" time="0.557582139969"><skipped message="no private git repo defined for ssh!" type="pytest.skip">awx/main/tests/old/projects.py:1092: &lt;py._xmlgen.raw object at 0x7496750&gt;</skipped></testcase><testcase classname="awx.main.tests.old.projects.ProjectUpdatesTest" file="awx/main/tests/old/projects.py" line="1227" name="test_private_hg_project_over_https" time="0.55418586731"><skipped message="no private hg repo defined for https!" type="pytest.skip">awx/main/tests/old/projects.py:1227: &lt;py._xmlgen.raw object at 0x7410490&gt;</skipped></testcase><testcase classname="awx.main.tests.old.projects.ProjectUpdatesTest" file="awx/main/tests/old/projects.py" line="1242" name="test_private_hg_project_over_ssh" time="0.559771299362"><skipped message="no private hg repo defined for ssh!" type="pytest.skip">awx/main/tests/old/projects.py:1242: &lt;py._xmlgen.raw object at 0x761c590&gt;</skipped></testcase><testcase classname="awx.main.tests.old.projects.ProjectUpdatesTest" file="awx/main/tests/old/projects.py" line="1310" name="test_private_svn_project_over_https" time="0.549918889999"><skipped message="no private svn repo defined for https!" type="pytest.skip">awx/main/tests/old/projects.py:1310: &lt;py._xmlgen.raw object at 0x7482810&gt;</skipped></testcase><testcase classname="awx.main.tests.old.projects.ProjectUpdatesTest" file="awx/main/tests/old/projects.py" line="1052" name="test_public_git_project_over_https" time="7.46952915192"></testcase><testcase classname="awx.main.tests.old.projects.ProjectUpdatesTest" file="awx/main/tests/old/projects.py" line="1202" name="test_public_hg_project_over_https" time="6.27283787727"></testcase><testcase classname="awx.main.tests.old.projects.ProjectUpdatesTest" file="awx/main/tests/old/projects.py" line="1298" name="test_public_svn_project_over_https" time="6.28155899048"></testcase><testcase classname="awx.main.tests.old.projects.ProjectUpdatesTest" file="awx/main/tests/old/projects.py" line="1118" name="test_scm_key_unlock_on_project_update" time="9.05556583405"></testcase><testcase classname="awx.main.tests.old.projects.ProjectUpdatesTest" file="awx/main/tests/old/projects.py" line="1351" name="test_svn_project_via_ssh_loopback" time="0.564289808273"><skipped message="no ssh loopback username/password defined!" type="pytest.skip">awx/main/tests/old/projects.py:1351: &lt;py._xmlgen.raw object at 0x763ce50&gt;</skipped></testcase><testcase classname="awx.main.tests.old.projects.ProjectUpdatesTest" file="awx/main/tests/old/projects.py" line="515" name="test_update_scm_url" time="0.599414825439"></testcase><testcase classname="awx.main.tests.old.schedules.ScheduleTest" file="awx/main/tests/old/schedules.py" line="169" name="test_infinite_schedule" time="1.31894278526"></testcase><testcase classname="awx.main.tests.old.schedules.ScheduleTest" file="awx/main/tests/old/schedules.py" line="114" name="test_post_new_schedule" time="1.34234833717"></testcase><testcase classname="awx.main.tests.old.schedules.ScheduleTest" file="awx/main/tests/old/schedules.py" line="147" name="test_post_schedule_to_non_cloud_source" time="1.00905203819"></testcase><testcase classname="awx.main.tests.old.schedules.ScheduleTest" file="awx/main/tests/old/schedules.py" line="199" name="test_rrule_validation" time="3.48388195038"></testcase><testcase classname="awx.main.tests.old.schedules.ScheduleTest" file="awx/main/tests/old/schedules.py" line="182" name="test_schedule_filtering" time="1.19108223915"></testcase><testcase classname="awx.main.tests.old.schedules.ScheduleTest" file="awx/main/tests/old/schedules.py" line="96" name="test_schedules_list" time="1.53247284889"></testcase><testcase classname="awx.main.tests.old.schedules.ScheduleTest" file="awx/main/tests/old/schedules.py" line="154" name="test_update_existing_schedule" time="1.19899392128"></testcase><testcase classname="awx.main.tests.old.scripts.InventoryScriptTest" file="awx/main/tests/old/scripts.py" line="288" name="test_invalid_host" time="6.53049874306"></testcase><testcase classname="awx.main.tests.old.scripts.InventoryScriptTest" file="awx/main/tests/old/scripts.py" line="222" name="test_list_with_hostvars_inline" time="6.64580702782"></testcase><testcase classname="awx.main.tests.old.scripts.InventoryScriptTest" file="awx/main/tests/old/scripts.py" line="154" name="test_list_with_inventory_id_as_argument" time="6.05891394615"></testcase><testcase classname="awx.main.tests.old.scripts.InventoryScriptTest" file="awx/main/tests/old/scripts.py" line="193" name="test_list_with_inventory_id_in_environment" time="5.70444512367"></testcase><testcase classname="awx.main.tests.old.scripts.InventoryScriptTest" file="awx/main/tests/old/scripts.py" line="270" name="test_valid_host" time="5.77190470695"></testcase><testcase classname="awx.main.tests.old.scripts.InventoryScriptTest" file="awx/main/tests/old/scripts.py" line="337" name="test_with_both_list_and_host_arguments" time="5.56513214111"></testcase><testcase classname="awx.main.tests.old.scripts.InventoryScriptTest" file="awx/main/tests/old/scripts.py" line="321" name="test_with_deleted_inventory" time="6.8613140583"></testcase><testcase classname="awx.main.tests.old.scripts.InventoryScriptTest" file="awx/main/tests/old/scripts.py" line="344" name="test_with_disabled_hosts" time="6.88944816589"></testcase><testcase classname="awx.main.tests.old.scripts.InventoryScriptTest" file="awx/main/tests/old/scripts.py" line="301" name="test_with_invalid_inventory_id" time="7.07853794098"></testcase><testcase classname="awx.main.tests.old.scripts.InventoryScriptTest" file="awx/main/tests/old/scripts.py" line="146" name="test_without_inventory_id" time="6.4970741272"></testcase><testcase classname="awx.main.tests.old.scripts.InventoryScriptTest" file="awx/main/tests/old/scripts.py" line="330" name="test_without_list_or_host_argument" time="6.87297511101"></testcase><testcase classname="awx.main.tests.old.settings.SettingsPlaceholder" file="awx/main/tests/old/settings.py" line="110" name="test_clear_all_settings" time="0.000348091125488"><skipped message="Settings deferred to 3.1" type="pytest.skip">awx/main/tests/old/settings.py:110: &lt;py._xmlgen.raw object at 0x7dcc690&gt;</skipped></testcase><testcase classname="awx.main.tests.old.settings.SettingsPlaceholder" file="awx/main/tests/old/settings.py" line="76" name="test_get_settings" time="0.000630378723145"><skipped message="Settings deferred to 3.1" type="pytest.skip">awx/main/tests/old/settings.py:76: &lt;py._xmlgen.raw object at 0x7dc7310&gt;</skipped></testcase><testcase classname="awx.main.tests.old.settings.SettingsPlaceholder" file="awx/main/tests/old/settings.py" line="101" name="test_set_and_reset_settings" time="0.000278949737549"><skipped message="Settings deferred to 3.1" type="pytest.skip">awx/main/tests/old/settings.py:101: &lt;py._xmlgen.raw object at 0x7dd2450&gt;</skipped></testcase><testcase classname="awx.main.tests.old.tasks.RunJobTest" file="awx/main/tests/old/tasks.py" line="1031" name="test_aws_cloud_credential_environment_variables" time="0.00446701049805"><skipped message="Skipping slow test" type="pytest.skip">awx/main/tests/old/tasks.py:1031: &lt;py._xmlgen.raw object at 0x6a17990&gt;</skipped></testcase><testcase classname="awx.main.tests.old.tasks.RunJobTest" file="awx/main/tests/old/tasks.py" line="1040" name="test_azure_cloud_credential_environment_variables" time="0.00148177146912"><skipped message="Skipping slow test" type="pytest.skip">awx/main/tests/old/tasks.py:1040: &lt;py._xmlgen.raw object at 0x57e1510&gt;</skipped></testcase><testcase classname="awx.main.tests.old.tasks.RunJobTest" file="awx/main/tests/old/tasks.py" line="826" name="test_become_ask_password" time="0.00157308578491"><skipped message="Skipping slow test" type="pytest.skip">awx/main/tests/old/tasks.py:826: &lt;py._xmlgen.raw object at 0x77b83d0&gt;</skipped></testcase><testcase classname="awx.main.tests.old.tasks.RunJobTest" file="awx/main/tests/old/tasks.py" line="860" name="test_become_enabled_with_username_and_password" time="0.00183629989624"><skipped message="Skipping slow test" type="pytest.skip">awx/main/tests/old/tasks.py:860: &lt;py._xmlgen.raw object at 0x7970c50&gt;</skipped></testcase><testcase classname="awx.main.tests.old.tasks.RunJobTest" file="awx/main/tests/old/tasks.py" line="808" name="test_become_username_and_password" time="0.00150299072266"><skipped message="Skipping slow test" type="pytest.skip">awx/main/tests/old/tasks.py:808: &lt;py._xmlgen.raw object at 0x7afbe50&gt;</skipped></testcase><testcase classname="awx.main.tests.old.tasks.RunJobTest" file="awx/main/tests/old/tasks.py" line="666" name="test_cancel_job" time="0.00155162811279"><skipped message="Skipping slow test" type="pytest.skip">awx/main/tests/old/tasks.py:666: &lt;py._xmlgen.raw object at 0x7975190&gt;</skipped></testcase><testcase classname="awx.main.tests.old.tasks.RunJobTest" file="awx/main/tests/old/tasks.py" line="494" name="test_check_job" time="0.00155591964722"><skipped message="Skipping slow test" type="pytest.skip">awx/main/tests/old/tasks.py:494: &lt;py._xmlgen.raw object at 0x7dcf810&gt;</skipped></testcase><testcase classname="awx.main.tests.old.tasks.RunJobTest" file="awx/main/tests/old/tasks.py" line="632" name="test_check_job_where_task_would_fail" time="0.00157189369202"><skipped message="Skipping slow test" type="pytest.skip">awx/main/tests/old/tasks.py:632: &lt;py._xmlgen.raw object at 0x7dd3050&gt;</skipped></testcase><testcase classname="awx.main.tests.old.tasks.RunJobTest" file="awx/main/tests/old/tasks.py" line="692" name="test_extra_job_options" time="0.00177621841431"><skipped message="Skipping slow test" type="pytest.skip">awx/main/tests/old/tasks.py:692: &lt;py._xmlgen.raw object at 0x7975190&gt;</skipped></testcase><testcase classname="awx.main.tests.old.tasks.RunJobTest" file="awx/main/tests/old/tasks.py" line="1037" name="test_gce_cloud_credential_environment_variables" time="0.00148797035217"><skipped message="Skipping slow test" type="pytest.skip">awx/main/tests/old/tasks.py:1037: &lt;py._xmlgen.raw object at 0x7de34d0&gt;</skipped></testcase><testcase classname="awx.main.tests.old.tasks.RunJobTest" file="awx/main/tests/old/tasks.py" line="844" name="test_job_template_become_enabled" time="0.00155901908875"><skipped message="Skipping slow test" type="pytest.skip">awx/main/tests/old/tasks.py:844: &lt;py._xmlgen.raw object at 0x7de4bd0&gt;</skipped></testcase><testcase classname="awx.main.tests.old.tasks.RunJobTest" file="awx/main/tests/old/tasks.py" line="739" name="test_limit_option" time="0.00173187255859"><skipped message="Skipping slow test" type="pytest.skip">awx/main/tests/old/tasks.py:739: &lt;py._xmlgen.raw object at 0x7de5cd0&gt;</skipped></testcase><testcase classname="awx.main.tests.old.tasks.RunJobTest" file="awx/main/tests/old/tasks.py" line="751" name="test_limit_option_with_group_pattern_and_ssh_key" time="0.00151419639587"><skipped message="Skipping slow test" type="pytest.skip">awx/main/tests/old/tasks.py:751: &lt;py._xmlgen.raw object at 0x7de8410&gt;</skipped></testcase><testcase classname="awx.main.tests.old.tasks.RunJobTest" file="awx/main/tests/old/tasks.py" line="938" name="test_locked_ssh_key_ask_password" time="0.00155186653137"><skipped message="Skipping slow test" type="pytest.skip">awx/main/tests/old/tasks.py:938: &lt;py._xmlgen.raw object at 0x7de83d0&gt;</skipped></testcase><testcase classname="awx.main.tests.old.tasks.RunJobTest" file="awx/main/tests/old/tasks.py" line="924" name="test_locked_ssh_key_with_bad_password" time="0.00164484977722"><skipped message="Skipping slow test" type="pytest.skip">awx/main/tests/old/tasks.py:924: &lt;py._xmlgen.raw object at 0x7deae10&gt;</skipped></testcase><testcase classname="awx.main.tests.old.tasks.RunJobTest" file="awx/main/tests/old/tasks.py" line="910" name="test_locked_ssh_key_with_password" time="0.00152087211609"><skipped message="Skipping slow test" type="pytest.skip">awx/main/tests/old/tasks.py:910: &lt;py._xmlgen.raw object at 0x7dec550&gt;</skipped></testcase><testcase classname="awx.main.tests.old.tasks.RunJobTest" file="awx/main/tests/old/tasks.py" line="725" name="test_lots_of_extra_vars" time="0.00173401832581"><skipped message="Skipping slow test" type="pytest.skip">awx/main/tests/old/tasks.py:725: &lt;py._xmlgen.raw object at 0x7ded750&gt;</skipped></testcase><testcase classname="awx.main.tests.old.tasks.RunJobTest" file="awx/main/tests/old/tasks.py" line="892" name="test_openssh_key_format" time="0.00154638290405"><skipped message="Skipping slow test" type="pytest.skip">awx/main/tests/old/tasks.py:892: &lt;py._xmlgen.raw object at 0x7deee50&gt;</skipped></testcase><testcase classname="awx.main.tests.old.tasks.RunJobTest" file="awx/main/tests/old/tasks.py" line="1034" name="test_rax_cloud_credential_environment_variables" time="0.00153589248657"><skipped message="Skipping slow test" type="pytest.skip">awx/main/tests/old/tasks.py:1034: &lt;py._xmlgen.raw object at 0x7df0550&gt;</skipped></testcase><testcase classname="awx.main.tests.old.tasks.RunJobTest" file="awx/main/tests/old/tasks.py" line="1046" name="test_run_async_job" time="0.00286817550659"><skipped message="Skipping slow test" type="pytest.skip">awx/main/tests/old/tasks.py:1046: &lt;py._xmlgen.raw object at 0x7df0b50&gt;</skipped></testcase><testcase classname="awx.main.tests.old.tasks.RunJobTest" file="awx/main/tests/old/tasks.py" line="1137" name="test_run_async_job_fire_and_forget" time="0.00154614448547"><skipped message="Skipping slow test" type="pytest.skip">awx/main/tests/old/tasks.py:1137: &lt;py._xmlgen.raw object at 0x7df2290&gt;</skipped></testcase><testcase classname="awx.main.tests.old.tasks.RunJobTest" file="awx/main/tests/old/tasks.py" line="1074" name="test_run_async_job_that_fails" time="0.00154399871826"><skipped message="Skipping slow test" type="pytest.skip">awx/main/tests/old/tasks.py:1074: &lt;py._xmlgen.raw object at 0x7df2250&gt;</skipped></testcase><testcase classname="awx.main.tests.old.tasks.RunJobTest" file="awx/main/tests/old/tasks.py" line="1105" name="test_run_async_job_that_times_out" time="0.00154399871826"><skipped message="Skipping slow test" type="pytest.skip">awx/main/tests/old/tasks.py:1105: &lt;py._xmlgen.raw object at 0x7df4c90&gt;</skipped></testcase><testcase classname="awx.main.tests.old.tasks.RunJobTest" file="awx/main/tests/old/tasks.py" line="465" name="test_run_job" time="0.00160384178162"><skipped message="Skipping slow test" type="pytest.skip">awx/main/tests/old/tasks.py:465: &lt;py._xmlgen.raw object at 0x7df6410&gt;</skipped></testcase><testcase classname="awx.main.tests.old.tasks.RunJobTest" file="awx/main/tests/old/tasks.py" line="522" name="test_run_job_that_fails" time="0.00182890892029"><skipped message="Skipping slow test" type="pytest.skip">awx/main/tests/old/tasks.py:522: &lt;py._xmlgen.raw object at 0x7df8610&gt;</skipped></testcase><testcase classname="awx.main.tests.old.tasks.RunJobTest" file="awx/main/tests/old/tasks.py" line="550" name="test_run_job_with_ignore_errors" time="0.00147914886475"><skipped message="Skipping slow test" type="pytest.skip">awx/main/tests/old/tasks.py:550: &lt;py._xmlgen.raw object at 0x7df9cd0&gt;</skipped></testcase><testcase classname="awx.main.tests.old.tasks.RunJobTest" file="awx/main/tests/old/tasks.py" line="1177" name="test_run_job_with_proot" time="0.00152993202209"><skipped message="Skipping slow test" type="pytest.skip">awx/main/tests/old/tasks.py:1177: &lt;py._xmlgen.raw object at 0x7dfb450&gt;</skipped></testcase><testcase classname="awx.main.tests.old.tasks.RunJobTest" file="awx/main/tests/old/tasks.py" line="1229" name="test_run_job_with_proot_not_installed" time="0.00172829627991"><skipped message="Skipping slow test" type="pytest.skip">awx/main/tests/old/tasks.py:1229: &lt;py._xmlgen.raw object at 0x7dfc510&gt;</skipped></testcase><testcase classname="awx.main.tests.old.tasks.RunJobTest" file="awx/main/tests/old/tasks.py" line="1165" name="test_run_job_with_roles" time="0.00150966644287"><skipped message="Skipping slow test" type="pytest.skip">awx/main/tests/old/tasks.py:1165: &lt;py._xmlgen.raw object at 0x7dfdc50&gt;</skipped></testcase><testcase classname="awx.main.tests.old.tasks.RunJobTest" file="awx/main/tests/old/tasks.py" line="793" name="test_ssh_ask_password" time="0.0017032623291"><skipped message="Skipping slow test" type="pytest.skip">awx/main/tests/old/tasks.py:793: &lt;py._xmlgen.raw object at 0x7dfdc50&gt;</skipped></testcase><testcase classname="awx.main.tests.old.tasks.RunJobTest" file="awx/main/tests/old/tasks.py" line="780" name="test_ssh_username_and_password" time="0.00145506858826"><skipped message="Skipping slow test" type="pytest.skip">awx/main/tests/old/tasks.py:780: &lt;py._xmlgen.raw object at 0x7e00650&gt;</skipped></testcase><testcase classname="awx.main.tests.old.tasks.RunJobTest" file="awx/main/tests/old/tasks.py" line="764" name="test_tag_and_task_options" time="0.0016348361969"><skipped message="Skipping slow test" type="pytest.skip">awx/main/tests/old/tasks.py:764: &lt;py._xmlgen.raw object at 0x7e02d90&gt;</skipped></testcase><testcase classname="awx.main.tests.old.tasks.RunJobTest" file="awx/main/tests/old/tasks.py" line="879" name="test_unlocked_ssh_key" time="0.00172305107117"><skipped message="Skipping slow test" type="pytest.skip">awx/main/tests/old/tasks.py:879: &lt;py._xmlgen.raw object at 0x7e03f50&gt;</skipped></testcase><testcase classname="awx.main.tests.old.tasks.RunJobTest" file="awx/main/tests/old/tasks.py" line="577" name="test_update_has_active_failures_when_inventory_changes" time="0.00148391723633"><skipped message="Skipping slow test" type="pytest.skip">awx/main/tests/old/tasks.py:577: &lt;py._xmlgen.raw object at 0x7e99650&gt;</skipped></testcase><testcase classname="awx.main.tests.old.tasks.RunJobTest" file="awx/main/tests/old/tasks.py" line="604" name="test_update_has_active_failures_when_job_removed" time="0.00148701667786"><skipped message="Skipping slow test" type="pytest.skip">awx/main/tests/old/tasks.py:604: &lt;py._xmlgen.raw object at 0x7e9bd50&gt;</skipped></testcase><testcase classname="awx.main.tests.old.tasks.RunJobTest" file="awx/main/tests/old/tasks.py" line="615" name="test_update_host_last_job_when_job_removed" time="0.00169610977173"><skipped message="Skipping slow test" type="pytest.skip">awx/main/tests/old/tasks.py:615: &lt;py._xmlgen.raw object at 0x7e9ce50&gt;</skipped></testcase><testcase classname="awx.main.tests.old.tasks.RunJobTest" file="awx/main/tests/old/tasks.py" line="970" name="test_vault_ask_password" time="0.00147986412048"><skipped message="Skipping slow test" type="pytest.skip">awx/main/tests/old/tasks.py:970: &lt;py._xmlgen.raw object at 0x7e9e5d0&gt;</skipped></testcase><testcase classname="awx.main.tests.old.tasks.RunJobTest" file="awx/main/tests/old/tasks.py" line="985" name="test_vault_bad_password" time="0.00148606300354"><skipped message="Skipping slow test" type="pytest.skip">awx/main/tests/old/tasks.py:985: &lt;py._xmlgen.raw object at 0x7e9e5d0&gt;</skipped></testcase><testcase classname="awx.main.tests.old.tasks.RunJobTest" file="awx/main/tests/old/tasks.py" line="958" name="test_vault_password" time="0.00157523155212"><skipped message="Skipping slow test" type="pytest.skip">awx/main/tests/old/tasks.py:958: &lt;py._xmlgen.raw object at 0x7ea0f90&gt;</skipped></testcase><testcase classname="awx.main.tests.old.tasks.RunJobTest" file="awx/main/tests/old/tasks.py" line="1043" name="test_vmware_cloud_credential_environment_variables" time="0.389518976212"><skipped message="Skipping slow test" type="pytest.skip">awx/main/tests/old/tasks.py:1043: &lt;py._xmlgen.raw object at 0x7ea26d0&gt;</skipped></testcase><testcase classname="awx.main.tests.old.users.AuthTokenTimeoutTest" file="awx/main/tests/old/users.py" line="28" name="test_auth_token_timeout_exists" time="0.20673084259"></testcase><testcase classname="awx.main.tests.old.users.AuthTokenLimitTest" file="awx/main/tests/old/users.py" line="48" name="test_invalidate_first_session" time="0.198401927948"></testcase><testcase classname="awx.main.tests.old.users.AuthTokenProxyTest" file="awx/main/tests/old/users.py" line="156" name="test_blank_header_fallback" time="0.356616020203"></testcase><testcase classname="awx.main.tests.old.users.AuthTokenProxyTest" file="awx/main/tests/old/users.py" line="130" name="test_honor_ip" time="0.366043806076"></testcase><testcase classname="awx.main.tests.old.users.AuthTokenProxyTest" file="awx/main/tests/old/users.py" line="144" name="test_honor_ip_fail" time="0.336399078369"></testcase><testcase classname="awx.main.tests.old.users.UsersTest" file="awx/main/tests/old/users.py" line="211" name="test_auth_token_login" time="0.835058927536"></testcase><testcase classname="awx.main.tests.old.users.UsersTest" file="awx/main/tests/old/users.py" line="438" name="test_non_org_admin_user_cannot_delete_any_user_including_himself" time="0.499348163605"></testcase><testcase classname="awx.main.tests.old.users.UsersTest" file="awx/main/tests/old/users.py" line="201" name="test_only_super_user_can_use_superuser_flag" time="0.658366203308"></testcase><testcase classname="awx.main.tests.old.users.UsersTest" file="awx/main/tests/old/users.py" line="185" name="test_only_super_user_or_org_admin_can_add_users" time="0.792997837067"></testcase><testcase classname="awx.main.tests.old.users.UsersTest" file="awx/main/tests/old/users.py" line="322" name="test_ordinary_user_can_modify_some_fields_about_himself_but_not_all_and_passwords_work" time="0.771661043167"></testcase><testcase classname="awx.main.tests.old.users.UsersTest" file="awx/main/tests/old/users.py" line="396" name="test_password_not_shown_in_get_operations_for_list_or_detail" time="0.508676052094"></testcase><testcase classname="awx.main.tests.old.users.UsersTest" file="awx/main/tests/old/users.py" line="460" name="test_superuser_can_change_admin_only_fields_about_himself" time="0.535753965378"></testcase><testcase classname="awx.main.tests.old.users.UsersTest" file="awx/main/tests/old/users.py" line="446" name="test_there_exists_an_obvious_url_where_a_user_may_find_his_user_record" time="0.526080131531"></testcase><testcase classname="awx.main.tests.old.users.UsersTest" file="awx/main/tests/old/users.py" line="363" name="test_user_created_with_password_can_login" time="0.803015947342"></testcase><testcase classname="awx.main.tests.old.users.UsersTest" file="awx/main/tests/old/users.py" line="180" name="test_user_creation_fails_without_password" time="0.468808889389"></testcase><testcase classname="awx.main.tests.old.users.UsersTest" file="awx/main/tests/old/users.py" line="389" name="test_user_delete_non_existant_user" time="0.461491823196"></testcase><testcase classname="awx.main.tests.old.users.UsersTest" file="awx/main/tests/old/users.py" line="405" name="test_user_list_filtered" time="0.773393154144"></testcase><testcase classname="awx.main.tests.old.users.UsersTest" file="awx/main/tests/old/users.py" line="556" name="test_user_list_filtering" time="4.78695011139"></testcase><testcase classname="awx.main.tests.old.users.UsersTest" file="awx/main/tests/old/users.py" line="529" name="test_user_list_ordering" time="1.01939511299"></testcase><testcase classname="awx.main.tests.old.users.UsersTest" file="awx/main/tests/old/users.py" line="787" name="test_user_list_pagination" time="1.07274007797"></testcase><testcase classname="awx.main.tests.old.users.UsersTest" file="awx/main/tests/old/users.py" line="818" name="test_user_list_searching" time="0.738219738007"></testcase><testcase classname="awx.main.tests.old.users.UsersTest" file="awx/main/tests/old/users.py" line="471" name="test_user_related_resources" time="1.23697805405"></testcase><testcase classname="awx.main.tests.old.users.LdapTest" file="awx/main/tests/old/users.py" line="869" name="test_ldap_auth" time="0.00472497940063"><skipped message="no test LDAP auth server defined" type="pytest.skip">awx/main/tests/old/users.py:869: &lt;py._xmlgen.raw object at 0x8182950&gt;</skipped></testcase><testcase classname="awx.main.tests.old.users.LdapTest" file="awx/main/tests/old/users.py" line="926" name="test_ldap_organization_mapping" time="0.0043408870697"><skipped message="no test LDAP auth server defined" type="pytest.skip">awx/main/tests/old/users.py:926: &lt;py._xmlgen.raw object at 0x8314850&gt;</skipped></testcase><testcase classname="awx.main.tests.old.users.LdapTest" file="awx/main/tests/old/users.py" line="967" name="test_ldap_team_mapping" time="0.00374126434326"><skipped message="no test LDAP auth server defined" type="pytest.skip">awx/main/tests/old/users.py:967: &lt;py._xmlgen.raw object at 0x8742410&gt;</skipped></testcase><testcase classname="awx.main.tests.old.users.LdapTest" file="awx/main/tests/old/users.py" line="1000" name="test_prevent_changing_ldap_user_fields" time="0.00405311584473"><skipped message="no test LDAP auth server defined" type="pytest.skip">awx/main/tests/old/users.py:1000: &lt;py._xmlgen.raw object at 0x8663c50&gt;</skipped></testcase><testcase classname="awx.main.tests.old.api.decorator_paginated.PaginatedDecoratorTests" file="awx/main/tests/old/api/decorator_paginated.py" line="31" name="test_implicit_first_page" time="0.00384640693665"></testcase><testcase classname="awx.main.tests.old.api.decorator_paginated.PaginatedDecoratorTests" file="awx/main/tests/old/api/decorator_paginated.py" line="61" name="test_last_page" time="0.00288510322571"></testcase><testcase classname="awx.main.tests.old.api.decorator_paginated.PaginatedDecoratorTests" file="awx/main/tests/old/api/decorator_paginated.py" line="46" name="test_mid_page" time="0.00341987609863"></testcase><testcase classname="awx.main.tests.old.api.job_tasks.JobTasksTests" file="awx/main/tests/old/api/job_tasks.py" line="25" name="test_tasks_endpoint" time="0.505572080612"><skipped message="Skipping slow test" type="pytest.skip">awx/main/tests/old/api/job_tasks.py:25: &lt;py._xmlgen.raw object at 0x873f310&gt;</skipped></testcase><testcase classname="awx.main.tests.old.commands.commands_monolithic.CreateDefaultOrgTest" file="awx/main/tests/old/commands/commands_monolithic.py" line="196" name="test_create_default_org" time="0.913750886917"></testcase><testcase classname="awx.main.tests.old.commands.commands_monolithic.DumpDataTest" file="awx/main/tests/old/commands/commands_monolithic.py" line="220" name="test_dumpdata" time="6.51444888115"></testcase><testcase classname="awx.main.tests.old.commands.commands_monolithic.CleanupJobsTest" file="awx/main/tests/old/commands/commands_monolithic.py" line="312" name="test_cleanup_jobs" time="10.231959343"></testcase><testcase classname="awx.main.tests.old.commands.commands_monolithic.CleanupActivityStreamTest" file="awx/main/tests/old/commands/commands_monolithic.py" line="399" name="test_cleanup" time="0.00280785560608"><skipped message="Skipping slow test" type="pytest.skip">awx/main/tests/old/commands/commands_monolithic.py:399: &lt;py._xmlgen.raw object at 0x8166d50&gt;</skipped></testcase><testcase classname="awx.main.tests.old.commands.commands_monolithic.InventoryImportTest" file="awx/main/tests/old/commands/commands_monolithic.py" line="650" name="test_dir_with_ini_file" time="0.00352096557617"><skipped message="Skipping slow test" type="pytest.skip">awx/main/tests/old/commands/commands_monolithic.py:650: &lt;py._xmlgen.raw object at 0x816c110&gt;</skipped></testcase><testcase classname="awx.main.tests.old.commands.commands_monolithic.InventoryImportTest" file="awx/main/tests/old/commands/commands_monolithic.py" line="868" name="test_executable_file" time="0.00209879875183"><skipped message="Skipping slow test" type="pytest.skip">awx/main/tests/old/commands/commands_monolithic.py:868: &lt;py._xmlgen.raw object at 0x831d710&gt;</skipped></testcase><testcase classname="awx.main.tests.old.commands.commands_monolithic.InventoryImportTest" file="awx/main/tests/old/commands/commands_monolithic.py" line="917" name="test_executable_file_with_meta_hostvars" time="0.00150609016418"><skipped message="Skipping slow test" type="pytest.skip">awx/main/tests/old/commands/commands_monolithic.py:917: &lt;py._xmlgen.raw object at 0x8171350&gt;</skipped></testcase><testcase classname="awx.main.tests.old.commands.commands_monolithic.InventoryImportTest" file="awx/main/tests/old/commands/commands_monolithic.py" line="585" name="test_ini_file" time="0.00165486335754"><skipped message="Skipping slow test" type="pytest.skip">awx/main/tests/old/commands/commands_monolithic.py:585: &lt;py._xmlgen.raw object at 0x8171050&gt;</skipped></testcase><testcase classname="awx.main.tests.old.commands.commands_monolithic.InventoryImportTest" file="awx/main/tests/old/commands/commands_monolithic.py" line="763" name="test_ini_file_with_host_patterns" time="0.00157308578491"><skipped message="Skipping slow test" type="pytest.skip">awx/main/tests/old/commands/commands_monolithic.py:763: &lt;py._xmlgen.raw object at 0x7fd6610&gt;</skipped></testcase><testcase classname="awx.main.tests.old.commands.commands_monolithic.InventoryImportTest" file="awx/main/tests/old/commands/commands_monolithic.py" line="858" name="test_ini_file_with_recursive_groups" time="0.00159025192261"><skipped message="Skipping slow test" type="pytest.skip">awx/main/tests/old/commands/commands_monolithic.py:858: &lt;py._xmlgen.raw object at 0x7eb2ad0&gt;</skipped></testcase><testcase classname="awx.main.tests.old.commands.commands_monolithic.InventoryImportTest" file="awx/main/tests/old/commands/commands_monolithic.py" line="527" name="test_invalid_options" time="0.00190687179565"><skipped message="Skipping slow test" type="pytest.skip">awx/main/tests/old/commands/commands_monolithic.py:527: &lt;py._xmlgen.raw object at 0x7eb0fd0&gt;</skipped></testcase><testcase classname="awx.main.tests.old.commands.commands_monolithic.InventoryImportTest" file="awx/main/tests/old/commands/commands_monolithic.py" line="921" name="test_large_executable_file" time="0.00155258178711"><skipped message="Skipping slow test" type="pytest.skip">awx/main/tests/old/commands/commands_monolithic.py:921: &lt;py._xmlgen.raw object at 0x79661d0&gt;</skipped></testcase><testcase classname="awx.main.tests.old.commands.commands_monolithic.InventoryImportTest" file="awx/main/tests/old/commands/commands_monolithic.py" line="965" name="test_large_inventory_file" time="0.00157713890076"><skipped message="Skipping slow test" type="pytest.skip">awx/main/tests/old/commands/commands_monolithic.py:965: &lt;py._xmlgen.raw object at 0x7af41d0&gt;</skipped></testcase><testcase classname="awx.main.tests.old.commands.commands_monolithic.InventoryImportTest" file="awx/main/tests/old/commands/commands_monolithic.py" line="664" name="test_merge_from_ini_file" time="0.00178503990173"><skipped message="Skipping slow test" type="pytest.skip">awx/main/tests/old/commands/commands_monolithic.py:664: &lt;py._xmlgen.raw object at 0x72097d0&gt;</skipped></testcase><testcase classname="awx.main.tests.old.commands.commands_monolithic.InventoryImportTest" file="awx/main/tests/old/commands/commands_monolithic.py" line="760" name="test_overwrite_from_ini_file" time="0.00202488899231"><skipped message="Skipping slow test" type="pytest.skip">awx/main/tests/old/commands/commands_monolithic.py:760: &lt;py._xmlgen.raw object at 0x7eaa710&gt;</skipped></testcase><testcase classname="awx.main.tests.old.commands.commands_monolithic.InventoryImportTest" file="awx/main/tests/old/commands/commands_monolithic.py" line="757" name="test_overwrite_vars_from_ini_file" time="0.468751907349"><skipped message="Skipping slow test" type="pytest.skip">awx/main/tests/old/commands/commands_monolithic.py:757: &lt;py._xmlgen.raw object at 0x7eaa710&gt;</skipped></testcase><testcase classname="awx.main.tests.old.commands.run_socketio_service.SocketSessionManagerUnitTest" file="awx/main/tests/old/commands/run_socketio_service.py" line="31" name="test_multiple_session_diff_token" time="0.00181102752686"></testcase><testcase classname="awx.main.tests.old.commands.run_socketio_service.SocketSessionManagerUnitTest" file="awx/main/tests/old/commands/run_socketio_service.py" line="39" name="test_multiple_session_same_token" time="0.00133895874023"></testcase><testcase classname="awx.main.tests.old.commands.run_socketio_service.SocketSessionManagerUnitTest" file="awx/main/tests/old/commands/run_socketio_service.py" line="48" name="test_prune_sessions_max" time="0.0135140419006"></testcase><testcase classname="awx.main.tests.old.commands.run_socketio_service.SocketControllerUnitTest" file="awx/main/tests/old/commands/run_socketio_service.py" line="83" name="test_broadcast_packet" time="0.0066339969635"></testcase><testcase classname="awx.main.tests.old.commands.run_socketio_service.SocketControllerUnitTest" file="awx/main/tests/old/commands/run_socketio_service.py" line="92" name="test_send_packet" time="0.00493741035461"></testcase><testcase classname="awx.main.tests.old.commands.run_socketio_service.SocketControllerUnitTest" file="awx/main/tests/old/commands/run_socketio_service.py" line="104" name="test_send_packet_multiple_sessions_one_token" time="0.00599980354309"></testcase><testcase classname="awx.main.tests.old.jobs.job_launch.JobTemplateLaunchTest" file="awx/main/tests/old/jobs/job_launch.py" line="136" name="test_bad_credential_launch_fail" time="0.00177979469299"><skipped message="Skipping slow test" type="pytest.skip">awx/main/tests/old/jobs/job_launch.py:136: &lt;py._xmlgen.raw object at 0x877d710&gt;</skipped></testcase><testcase classname="awx.main.tests.old.jobs.job_launch.JobTemplateLaunchTest" file="awx/main/tests/old/jobs/job_launch.py" line="102" name="test_credential_explicit" time="0.00167012214661"><skipped message="Skipping slow test" type="pytest.skip">awx/main/tests/old/jobs/job_launch.py:102: &lt;py._xmlgen.raw object at 0x8850c10&gt;</skipped></testcase><testcase classname="awx.main.tests.old.jobs.job_launch.JobTemplateLaunchTest" file="awx/main/tests/old/jobs/job_launch.py" line="111" name="test_credential_explicit_via_credential_id" time="0.00157928466797"><skipped message="Skipping slow test" type="pytest.skip">awx/main/tests/old/jobs/job_launch.py:111: &lt;py._xmlgen.raw object at 0x8845350&gt;</skipped></testcase><testcase classname="awx.main.tests.old.jobs.job_launch.JobTemplateLaunchTest" file="awx/main/tests/old/jobs/job_launch.py" line="73" name="test_credential_implicit" time="0.00171613693237"><skipped message="Skipping slow test" type="pytest.skip">awx/main/tests/old/jobs/job_launch.py:73: &lt;py._xmlgen.raw object at 0x8845550&gt;</skipped></testcase><testcase classname="awx.main.tests.old.jobs.job_launch.JobTemplateLaunchTest" file="awx/main/tests/old/jobs/job_launch.py" line="120" name="test_credential_override" time="0.00150609016418"><skipped message="Skipping slow test" type="pytest.skip">awx/main/tests/old/jobs/job_launch.py:120: &lt;py._xmlgen.raw object at 0x882fd50&gt;</skipped></testcase><testcase classname="awx.main.tests.old.jobs.job_launch.JobTemplateLaunchTest" file="awx/main/tests/old/jobs/job_launch.py" line="128" name="test_credential_override_via_credential_id" time="0.00148177146912"><skipped message="Skipping slow test" type="pytest.skip">awx/main/tests/old/jobs/job_launch.py:128: &lt;py._xmlgen.raw object at 0x882e490&gt;</skipped></testcase><testcase classname="awx.main.tests.old.jobs.job_launch.JobTemplateLaunchTest" file="awx/main/tests/old/jobs/job_launch.py" line="182" name="test_deleted_credential_fail" time="0.00174331665039"><skipped message="Skipping slow test" type="pytest.skip">awx/main/tests/old/jobs/job_launch.py:182: &lt;py._xmlgen.raw object at 0x8845310&gt;</skipped></testcase><testcase classname="awx.main.tests.old.jobs.job_launch.JobTemplateLaunchTest" file="awx/main/tests/old/jobs/job_launch.py" line="151" name="test_explicit_unowned_cred" time="0.00147700309753"><skipped message="Skipping slow test" type="pytest.skip">awx/main/tests/old/jobs/job_launch.py:151: &lt;py._xmlgen.raw object at 0x882cd50&gt;</skipped></testcase><testcase classname="awx.main.tests.old.jobs.job_launch.JobTemplateLaunchTest" file="awx/main/tests/old/jobs/job_launch.py" line="69" name="test_invalid_auth_unauthorized" time="0.00148916244507"><skipped message="Skipping slow test" type="pytest.skip">awx/main/tests/old/jobs/job_launch.py:69: &lt;py._xmlgen.raw object at 0x8831490&gt;</skipped></testcase><testcase classname="awx.main.tests.old.jobs.job_launch.JobTemplateLaunchTest" file="awx/main/tests/old/jobs/job_launch.py" line="80" name="test_launch_extra_vars_json" time="0.00169825553894"><skipped message="Skipping slow test" type="pytest.skip">awx/main/tests/old/jobs/job_launch.py:80: &lt;py._xmlgen.raw object at 0x8833590&gt;</skipped></testcase><testcase classname="awx.main.tests.old.jobs.job_launch.JobTemplateLaunchTest" file="awx/main/tests/old/jobs/job_launch.py" line="91" name="test_launch_extra_vars_yaml" time="0.00153112411499"><skipped message="Skipping slow test" type="pytest.skip">awx/main/tests/old/jobs/job_launch.py:91: &lt;py._xmlgen.raw object at 0x8837c90&gt;</skipped></testcase><testcase classname="awx.main.tests.old.jobs.job_launch.JobTemplateLaunchTest" file="awx/main/tests/old/jobs/job_launch.py" line="53" name="test_launch_job_template" time="0.00153732299805"><skipped message="Skipping slow test" type="pytest.skip">awx/main/tests/old/jobs/job_launch.py:53: &lt;py._xmlgen.raw object at 0x8837e90&gt;</skipped></testcase><testcase classname="awx.main.tests.old.jobs.job_launch.JobTemplateLaunchTest" file="awx/main/tests/old/jobs/job_launch.py" line="61" name="test_no_cred_update_template" time="0.00146579742432"><skipped message="Skipping slow test" type="pytest.skip">awx/main/tests/old/jobs/job_launch.py:61: &lt;py._xmlgen.raw object at 0x88396d0&gt;</skipped></testcase><testcase classname="awx.main.tests.old.jobs.job_launch.JobTemplateLaunchTest" file="awx/main/tests/old/jobs/job_launch.py" line="170" name="test_no_inventory_fail" time="0.0014967918396"><skipped message="Skipping slow test" type="pytest.skip">awx/main/tests/old/jobs/job_launch.py:170: &lt;py._xmlgen.raw object at 0x883add0&gt;</skipped></testcase><testcase classname="awx.main.tests.old.jobs.job_launch.JobTemplateLaunchTest" file="awx/main/tests/old/jobs/job_launch.py" line="158" name="test_no_project_fail" time="0.00181889533997"><skipped message="Skipping slow test" type="pytest.skip">awx/main/tests/old/jobs/job_launch.py:158: &lt;py._xmlgen.raw object at 0x8837cd0&gt;</skipped></testcase><testcase classname="awx.main.tests.old.jobs.job_launch.JobTemplateLaunchPasswordsTest" file="awx/main/tests/old/jobs/job_launch.py" line="220" name="test_explicit_cred_with_ask_password" time="0.00171399116516"><skipped message="Skipping slow test" type="pytest.skip">awx/main/tests/old/jobs/job_launch.py:220: &lt;py._xmlgen.raw object at 0x883d810&gt;</skipped></testcase><testcase classname="awx.main.tests.old.jobs.job_launch.JobTemplateLaunchPasswordsTest" file="awx/main/tests/old/jobs/job_launch.py" line="226" name="test_explicit_cred_with_ask_password_empty_string_fail" time="0.00152015686035"><skipped message="Skipping slow test" type="pytest.skip">awx/main/tests/old/jobs/job_launch.py:226: &lt;py._xmlgen.raw object at 0x883ef10&gt;</skipped></testcase><testcase classname="awx.main.tests.old.jobs.job_launch.JobTemplateLaunchPasswordsTest" file="awx/main/tests/old/jobs/job_launch.py" line="210" name="test_explicit_cred_with_ask_passwords_fail" time="0.00175595283508"><skipped message="Skipping slow test" type="pytest.skip">awx/main/tests/old/jobs/job_launch.py:210: &lt;py._xmlgen.raw object at 0x883f050&gt;</skipped></testcase><testcase classname="awx.main.tests.old.jobs.job_relaunch.JobRelaunchTest" file="awx/main/tests/old/jobs/job_relaunch.py" line="22" name="test_job_relaunch" time="0.00329327583313"><skipped message="Skipping slow test" type="pytest.skip">awx/main/tests/old/jobs/job_relaunch.py:22: &lt;py._xmlgen.raw object at 0x8841bd0&gt;</skipped></testcase><testcase classname="awx.main.tests.old.jobs.job_relaunch.JobRelaunchTest" file="awx/main/tests/old/jobs/job_relaunch.py" line="52" name="test_relaunch_job_does_not_inherit_jt_extra_vars" time="0.499266862869"><skipped message="Skipping slow test" type="pytest.skip">awx/main/tests/old/jobs/job_relaunch.py:52: &lt;py._xmlgen.raw object at 0x8841990&gt;</skipped></testcase><testcase classname="awx.main.tests.old.jobs.jobs_monolithic.JobTemplateTest" file="awx/main/tests/old/jobs/jobs_monolithic.py" line="279" name="test_credentials_list" time="0.00205588340759"><skipped message="Skipping slow test" type="pytest.skip">awx/main/tests/old/jobs/jobs_monolithic.py:279: &lt;py._xmlgen.raw object at 0x8846590&gt;</skipped></testcase><testcase classname="awx.main.tests.old.jobs.jobs_monolithic.JobTemplateTest" file="awx/main/tests/old/jobs/jobs_monolithic.py" line="402" name="test_get_job_template_detail" time="0.00161027908325"><skipped message="Skipping slow test" type="pytest.skip">awx/main/tests/old/jobs/jobs_monolithic.py:402: &lt;py._xmlgen.raw object at 0x8848dd0&gt;</skipped></testcase><testcase classname="awx.main.tests.old.jobs.jobs_monolithic.JobTemplateTest" file="awx/main/tests/old/jobs/jobs_monolithic.py" line="439" name="test_get_job_template_job_list" time="0.00190925598145"><skipped message="Skipping slow test" type="pytest.skip">awx/main/tests/old/jobs/jobs_monolithic.py:439: &lt;py._xmlgen.raw object at 0x884ced0&gt;</skipped></testcase><testcase classname="awx.main.tests.old.jobs.jobs_monolithic.JobTemplateTest" file="awx/main/tests/old/jobs/jobs_monolithic.py" line="202" name="test_get_job_template_list" time="0.00154089927673"><skipped message="Skipping slow test" type="pytest.skip">awx/main/tests/old/jobs/jobs_monolithic.py:202: &lt;py._xmlgen.raw object at 0x8853510&gt;</skipped></testcase><testcase classname="awx.main.tests.old.jobs.jobs_monolithic.JobTemplateTest" file="awx/main/tests/old/jobs/jobs_monolithic.py" line="457" name="test_post_job_template_job_list" time="0.00155758857727"><skipped message="Skipping slow test" type="pytest.skip">awx/main/tests/old/jobs/jobs_monolithic.py:457: &lt;py._xmlgen.raw object at 0x885ed10&gt;</skipped></testcase><testcase classname="awx.main.tests.old.jobs.jobs_monolithic.JobTemplateTest" file="awx/main/tests/old/jobs/jobs_monolithic.py" line="299" name="test_post_job_template_list" time="0.0015811920166"><skipped message="Skipping slow test" type="pytest.skip">awx/main/tests/old/jobs/jobs_monolithic.py:299: &lt;py._xmlgen.raw object at 0x885be50&gt;</skipped></testcase><testcase classname="awx.main.tests.old.jobs.jobs_monolithic.JobTemplateTest" file="awx/main/tests/old/jobs/jobs_monolithic.py" line="473" name="test_post_scan_job_template" time="0.00180387496948"><skipped message="Skipping slow test" type="pytest.skip">awx/main/tests/old/jobs/jobs_monolithic.py:473: &lt;py._xmlgen.raw object at 0x885f590&gt;</skipped></testcase><testcase classname="awx.main.tests.old.jobs.jobs_monolithic.JobTemplateTest" file="awx/main/tests/old/jobs/jobs_monolithic.py" line="424" name="test_put_job_template_detail" time="0.00178575515747"><skipped message="Skipping slow test" type="pytest.skip">awx/main/tests/old/jobs/jobs_monolithic.py:424: &lt;py._xmlgen.raw object at 0x885f550&gt;</skipped></testcase><testcase classname="awx.main.tests.old.jobs.jobs_monolithic.JobTest" file="awx/main/tests/old/jobs/jobs_monolithic.py" line="563" name="test_get_job_detail" time="0.0017352104187"><skipped message="Skipping slow test" type="pytest.skip">awx/main/tests/old/jobs/jobs_monolithic.py:563: &lt;py._xmlgen.raw object at 0x8864150&gt;</skipped></testcase><testcase classname="awx.main.tests.old.jobs.jobs_monolithic.JobTest" file="awx/main/tests/old/jobs/jobs_monolithic.py" line="510" name="test_get_job_list" time="0.00162506103516"><skipped message="Skipping slow test" type="pytest.skip">awx/main/tests/old/jobs/jobs_monolithic.py:510: &lt;py._xmlgen.raw object at 0x8865890&gt;</skipped></testcase><testcase classname="awx.main.tests.old.jobs.jobs_monolithic.JobTest" file="awx/main/tests/old/jobs/jobs_monolithic.py" line="528" name="test_post_job_list" time="0.00174975395203"><skipped message="Skipping slow test" type="pytest.skip">awx/main/tests/old/jobs/jobs_monolithic.py:528: &lt;py._xmlgen.raw object at 0x88669d0&gt;</skipped></testcase><testcase classname="awx.main.tests.old.jobs.jobs_monolithic.JobTest" file="awx/main/tests/old/jobs/jobs_monolithic.py" line="581" name="test_put_job_detail" time="0.00153708457947"><skipped message="Skipping slow test" type="pytest.skip">awx/main/tests/old/jobs/jobs_monolithic.py:581: &lt;py._xmlgen.raw object at 0x8868150&gt;</skipped></testcase><testcase classname="awx.main.tests.old.jobs.jobs_monolithic.JobTemplateCallbackTest" file="awx/main/tests/old/jobs/jobs_monolithic.py" line="723" name="test_dummy_host_ip_lookup" time="0.00336003303528"><skipped message="Skipping slow test" type="pytest.skip">awx/main/tests/old/jobs/jobs_monolithic.py:723: &lt;py._xmlgen.raw object at 0x8868250&gt;</skipped></testcase><testcase classname="awx.main.tests.old.jobs.jobs_monolithic.JobTemplateCallbackTest" file="awx/main/tests/old/jobs/jobs_monolithic.py" line="771" name="test_job_template_callback" time="0.498389959335"><skipped message="Skipping slow test" type="pytest.skip">awx/main/tests/old/jobs/jobs_monolithic.py:771: &lt;py._xmlgen.raw object at 0x886de50&gt;</skipped></testcase><testcase classname="awx.main.tests.old.jobs.jobs_monolithic.JobTransactionTest" file="awx/main/tests/old/jobs/jobs_monolithic.py" line="1074" name="test_for_job_deadlocks" time="0.502999782562"><skipped message="Skipping slow test" type="pytest.skip">awx/main/tests/old/jobs/jobs_monolithic.py:1074: &lt;py._xmlgen.raw object at 0x886f810&gt;</skipped></testcase><testcase classname="awx.main.tests.old.jobs.jobs_monolithic.JobTemplateSurveyTest" file="awx/main/tests/old/jobs/jobs_monolithic.py" line="1111" name="test_post_job_template_survey" time="0.00381231307983"><skipped message="Skipping slow test" type="pytest.skip">awx/main/tests/old/jobs/jobs_monolithic.py:1111: &lt;py._xmlgen.raw object at 0x88707d0&gt;</skipped></testcase><testcase classname="awx.main.tests.old.jobs.start_cancel.JobStartCancelTest" file="awx/main/tests/old/jobs/start_cancel.py" line="146" name="test_get_job_results" time="0.0030620098114"><skipped message="Skipping slow test" type="pytest.skip">awx/main/tests/old/jobs/start_cancel.py:146: &lt;py._xmlgen.raw object at 0x8872390&gt;</skipped></testcase><testcase classname="awx.main.tests.old.jobs.start_cancel.JobStartCancelTest" file="awx/main/tests/old/jobs/start_cancel.py" line="120" name="test_job_cancel" time="0.00182414054871"><skipped message="Skipping slow test" type="pytest.skip">awx/main/tests/old/jobs/start_cancel.py:120: &lt;py._xmlgen.raw object at 0x8874c10&gt;</skipped></testcase><testcase classname="awx.main.tests.old.jobs.start_cancel.JobStartCancelTest" file="awx/main/tests/old/jobs/start_cancel.py" line="22" name="test_job_start" time="0.49533367157"><skipped message="Skipping slow test" type="pytest.skip">awx/main/tests/old/jobs/start_cancel.py:22: &lt;py._xmlgen.raw object at 0x8875e90&gt;</skipped></testcase><testcase classname="awx.main.tests.old.jobs.survey_password.SurveyPasswordRedactedTest" file="awx/main/tests/old/jobs/survey_password.py" line="233" name="test_redact_job_extra_vars" time="2.77184486389"></testcase><testcase classname="awx.main.tests.old.jobs.survey_password.SurveyPasswordRedactedTest" file="awx/main/tests/old/jobs/survey_password.py" line="227" name="test_redact_stdout_complex_survey" time="2.59156513214"></testcase><testcase classname="awx.main.tests.old.jobs.survey_password.SurveyPasswordRedactedTest" file="awx/main/tests/old/jobs/survey_password.py" line="221" name="test_redact_stdout_simple_survey" time="2.44000816345"></testcase><testcase classname="awx.main.tests.unit.test_access" file="awx/main/tests/unit/test_access.py" line="33" name="test_superuser" time="0.00345396995544"></testcase><testcase classname="awx.main.tests.unit.test_access" file="awx/main/tests/unit/test_access.py" line="40" name="test_not_superuser" time="0.00250625610352"></testcase><testcase classname="awx.main.tests.unit.test_access" file="awx/main/tests/unit/test_access.py" line="47" name="test_jt_existing_values_are_nonsensitive" time="0.00721526145935"></testcase><testcase classname="awx.main.tests.unit.test_access" file="awx/main/tests/unit/test_access.py" line="56" name="test_change_jt_sensitive_data" time="0.00846791267395"></testcase><testcase classname="awx.main.tests.unit.test_access" file="awx/main/tests/unit/test_access.py" line="78" name="test_jt_add_scan_job_check" time="0.00590205192566"></testcase><testcase classname="awx.main.tests.unit.test_access" file="awx/main/tests/unit/test_access.py" line="107" name="test_jt_can_add_bad_data" time="0.00152587890625"></testcase><testcase classname="awx.main.tests.unit.test_credentials" file="awx/main/tests/unit/test_credentials.py" line="5" name="test_valid_rsa_key" time="0.00487399101257"></testcase><testcase classname="awx.main.tests.unit.test_credentials" file="awx/main/tests/unit/test_credentials.py" line="12" name="test_invalid_key" time="0.00145173072815"></testcase><testcase classname="awx.main.tests.unit.test_credentials" file="awx/main/tests/unit/test_credentials.py" line="17" name="test_key_type_empty" time="0.00159478187561"></testcase><testcase classname="awx.main.tests.unit.test_ha" file="awx/main/tests/unit/test_ha.py" line="8" name="test_multiple_instances" time="0.00136494636536"></testcase><testcase classname="awx.main.tests.unit.test_ha" file="awx/main/tests/unit/test_ha.py" line="12" name="test_db_localhost" time="0.00139403343201"></testcase><testcase classname="awx.main.tests.unit.test_network_credential" file="awx/main/tests/unit/test_network_credential.py" line="19" name="test_net_cred_parse" time="0.00891184806824"></testcase><testcase classname="awx.main.tests.unit.test_network_credential" file="awx/main/tests/unit/test_network_credential.py" line="35" name="test_net_cred_ssh_agent" time="0.732081890106"></testcase><testcase classname="awx.main.tests.unit.test_redact" file="awx/main/tests/unit/test_redact.py" line="82" name="test_uri_scm_simple_redacted" time="0.00400018692017"></testcase><testcase classname="awx.main.tests.unit.test_redact" file="awx/main/tests/unit/test_redact.py" line="91" name="test_uri_scm_simple_replaced" time="0.0029730796814"></testcase><testcase classname="awx.main.tests.unit.test_redact" file="awx/main/tests/unit/test_redact.py" line="97" name="test_uri_scm_multiple" time="0.00169110298157"></testcase><testcase classname="awx.main.tests.unit.test_redact" file="awx/main/tests/unit/test_redact.py" line="111" name="test_uri_scm_multiple_replaced" time="0.00293302536011"></testcase><testcase classname="awx.main.tests.unit.test_redact" file="awx/main/tests/unit/test_redact.py" line="126" name="test_uri_scm_cleartext_redact_and_replace" time="0.0018937587738"></testcase><testcase classname="awx.main.tests.unit.test_signals.TestCleanupDetachedLabels" file="awx/main/tests/unit/test_signals.py" line="3" name="test_cleanup_detached_labels_on_deleted_parent" time="0.00523900985718"></testcase><testcase classname="awx.main.tests.unit.test_tasks" file="awx/main/tests/unit/test_tasks.py" line="23" name="test_run_label_cleanup" time="0.00248384475708"></testcase><testcase classname="awx.main.tests.unit.test_tasks" file="awx/main/tests/unit/test_tasks.py" line="33" name="test_send_notifications_not_list" time="0.00157308578491"></testcase><testcase classname="awx.main.tests.unit.test_tasks" file="awx/main/tests/unit/test_tasks.py" line="37" name="test_send_notifications_job_id" time="0.00422120094299"></testcase><testcase classname="awx.main.tests.unit.test_tasks" file="awx/main/tests/unit/test_tasks.py" line="43" name="test_send_notifications_list" time="0.0133228302002"></testcase><testcase classname="awx.main.tests.unit.test_tasks" file="awx/main/tests/unit/test_tasks.py" line="61" name="test_run_admin_checks_usage[91-2]" time="0.0105090141296"></testcase><testcase classname="awx.main.tests.unit.test_tasks" file="awx/main/tests/unit/test_tasks.py" line="61" name="test_run_admin_checks_usage[89-1]" time="0.012220621109"></testcase><testcase classname="awx.main.tests.unit.test_unified_jobs" file="awx/main/tests/unit/test_unified_jobs.py" line="14" name="test_result_stdout_raw_handle_file__found" time="0.00286602973938"></testcase><testcase classname="awx.main.tests.unit.test_unified_jobs" file="awx/main/tests/unit/test_unified_jobs.py" line="26" name="test_result_stdout_raw_handle__missing" time="0.0018949508667"></testcase><testcase classname="awx.main.tests.unit.test_unified_jobs" file="awx/main/tests/unit/test_unified_jobs.py" line="38" name="test_result_stdout_raw_handle__pending" time="0.00192809104919"></testcase><testcase classname="awx.main.tests.unit.api.test_filters" file="awx/main/tests/unit/api/test_filters.py" line="5" name="test_empty_in[0]" time="0.00159978866577"></testcase><testcase classname="awx.main.tests.unit.api.test_filters" file="awx/main/tests/unit/api/test_filters.py" line="5" name="test_empty_in[1]" time="0.00173115730286"></testcase><testcase classname="awx.main.tests.unit.api.test_filters" file="awx/main/tests/unit/api/test_filters.py" line="12" name="test_valid_in[foo]" time="0.00148415565491"></testcase><testcase classname="awx.main.tests.unit.api.test_filters" file="awx/main/tests/unit/api/test_filters.py" line="12" name="test_valid_in[foo,]" time="0.00144219398499"></testcase><testcase classname="awx.main.tests.unit.api.test_generics.TestSubListCreateAttachDetachAPIView" file="awx/main/tests/unit/api/test_generics.py" line="43" name="test_attach_create_and_associate" time="0.00947189331055"></testcase><testcase classname="awx.main.tests.unit.api.test_generics.TestSubListCreateAttachDetachAPIView" file="awx/main/tests/unit/api/test_generics.py" line="56" name="test_attach_associate_only" time="0.00902271270752"></testcase><testcase classname="awx.main.tests.unit.api.test_generics.TestSubListCreateAttachDetachAPIView" file="awx/main/tests/unit/api/test_generics.py" line="68" name="test_unattach_validate_ok" time="0.00175404548645"></testcase><testcase classname="awx.main.tests.unit.api.test_generics.TestSubListCreateAttachDetachAPIView" file="awx/main/tests/unit/api/test_generics.py" line="77" name="test_unattach_validate_missing_id" time="0.155231952667"></testcase><testcase classname="awx.main.tests.unit.api.test_generics.TestSubListCreateAttachDetachAPIView" file="awx/main/tests/unit/api/test_generics.py" line="86" name="test_unattach_by_id_ok" time="0.00625205039978"></testcase><testcase classname="awx.main.tests.unit.api.test_generics.TestSubListCreateAttachDetachAPIView" file="awx/main/tests/unit/api/test_generics.py" line="98" name="test_unattach_ok" time="0.00285720825195"></testcase><testcase classname="awx.main.tests.unit.api.test_generics.TestSubListCreateAttachDetachAPIView" file="awx/main/tests/unit/api/test_generics.py" line="111" name="test_unattach_invalid" time="0.00297093391418"></testcase><testcase classname="awx.main.tests.unit.api.test_generics.TestDeleteLastUnattachLabelMixin" file="awx/main/tests/unit/api/test_generics.py" line="125" name="test_unattach_ok" time="0.00499725341797"></testcase><testcase classname="awx.main.tests.unit.api.test_generics.TestDeleteLastUnattachLabelMixin" file="awx/main/tests/unit/api/test_generics.py" line="148" name="test_unattach_fail" time="0.00324487686157"></testcase><testcase classname="awx.main.tests.unit.api.test_generics.TestParentMixin" file="awx/main/tests/unit/api/test_generics.py" line="162" name="test_get_parent_object" time="0.00320100784302"></testcase><testcase classname="awx.main.tests.unit.api.test_serializers.TestJobTemplateSerializerGetRelated" file="awx/main/tests/unit/api/test_serializers.py" line="64" name="test_get_related[jobs]" time="0.013463973999"></testcase><testcase classname="awx.main.tests.unit.api.test_serializers.TestJobTemplateSerializerGetRelated" file="awx/main/tests/unit/api/test_serializers.py" line="64" name="test_get_related[schedules]" time="0.00507473945618"></testcase><testcase classname="awx.main.tests.unit.api.test_serializers.TestJobTemplateSerializerGetRelated" file="awx/main/tests/unit/api/test_serializers.py" line="64" name="test_get_related[activity_stream]" time="0.00483918190002"></testcase><testcase classname="awx.main.tests.unit.api.test_serializers.TestJobTemplateSerializerGetRelated" file="awx/main/tests/unit/api/test_serializers.py" line="64" name="test_get_related[launch]" time="0.00486302375793"></testcase><testcase classname="awx.main.tests.unit.api.test_serializers.TestJobTemplateSerializerGetRelated" file="awx/main/tests/unit/api/test_serializers.py" line="64" name="test_get_related[notification_templates_any]" time="0.00471806526184"></testcase><testcase classname="awx.main.tests.unit.api.test_serializers.TestJobTemplateSerializerGetRelated" file="awx/main/tests/unit/api/test_serializers.py" line="64" name="test_get_related[notification_templates_success]" time="0.00485897064209"></testcase><testcase classname="awx.main.tests.unit.api.test_serializers.TestJobTemplateSerializerGetRelated" file="awx/main/tests/unit/api/test_serializers.py" line="64" name="test_get_related[notification_templates_error]" time="0.00495481491089"></testcase><testcase classname="awx.main.tests.unit.api.test_serializers.TestJobTemplateSerializerGetRelated" file="awx/main/tests/unit/api/test_serializers.py" line="64" name="test_get_related[survey_spec]" time="0.00484299659729"></testcase><testcase classname="awx.main.tests.unit.api.test_serializers.TestJobTemplateSerializerGetRelated" file="awx/main/tests/unit/api/test_serializers.py" line="64" name="test_get_related[labels]" time="0.00486612319946"></testcase><testcase classname="awx.main.tests.unit.api.test_serializers.TestJobTemplateSerializerGetRelated" file="awx/main/tests/unit/api/test_serializers.py" line="64" name="test_get_related[callback]" time="0.00472068786621"></testcase><testcase classname="awx.main.tests.unit.api.test_serializers.TestJobTemplateSerializerGetRelated" file="awx/main/tests/unit/api/test_serializers.py" line="79" name="test_callback_absent" time="0.00399494171143"></testcase><testcase classname="awx.main.tests.unit.api.test_serializers.TestJobTemplateSerializerGetSummaryFields" file="awx/main/tests/unit/api/test_serializers.py" line="85" name="test__recent_jobs" time="0.011029958725"></testcase><testcase classname="awx.main.tests.unit.api.test_serializers.TestJobTemplateSerializerGetSummaryFields" file="awx/main/tests/unit/api/test_serializers.py" line="99" name="test_survey_spec_exists" time="0.0661656856537"></testcase><testcase classname="awx.main.tests.unit.api.test_serializers.TestJobTemplateSerializerGetSummaryFields" file="awx/main/tests/unit/api/test_serializers.py" line="103" name="test_survey_spec_absent" time="0.067449092865"></testcase><testcase classname="awx.main.tests.unit.api.test_serializers.TestJobTemplateSerializerGetSummaryFields" file="awx/main/tests/unit/api/test_serializers.py" line="108" name="test_can_copy_true" time="0.000296115875244"><skipped message="RBAC needs to land" type="pytest.skip">awx/main/tests/unit/api/test_serializers.py:108: &lt;py._xmlgen.raw object at 0x94f5f10&gt;</skipped></testcase><testcase classname="awx.main.tests.unit.api.test_serializers.TestJobTemplateSerializerGetSummaryFields" file="awx/main/tests/unit/api/test_serializers.py" line="112" name="test_can_copy_false" time="0.000283002853394"><skipped message="RBAC needs to land" type="pytest.skip">awx/main/tests/unit/api/test_serializers.py:112: &lt;py._xmlgen.raw object at 0x94f64d0&gt;</skipped></testcase><testcase classname="awx.main.tests.unit.api.test_serializers.TestJobTemplateSerializerGetSummaryFields" file="awx/main/tests/unit/api/test_serializers.py" line="116" name="test_can_edit_true" time="0.000271081924438"><skipped message="RBAC needs to land" type="pytest.skip">awx/main/tests/unit/api/test_serializers.py:116: &lt;py._xmlgen.raw object at 0x94f6a90&gt;</skipped></testcase><testcase classname="awx.main.tests.unit.api.test_serializers.TestJobTemplateSerializerGetSummaryFields" file="awx/main/tests/unit/api/test_serializers.py" line="120" name="test_can_edit_false" time="0.000295162200928"><skipped message="RBAC needs to land" type="pytest.skip">awx/main/tests/unit/api/test_serializers.py:120: &lt;py._xmlgen.raw object at 0x94f6690&gt;</skipped></testcase><testcase classname="awx.main.tests.unit.api.test_serializers.TestJobSerializerGetRelated" file="awx/main/tests/unit/api/test_serializers.py" line="127" name="test_get_related[job_events]" time="0.00944805145264"></testcase><testcase classname="awx.main.tests.unit.api.test_serializers.TestJobSerializerGetRelated" file="awx/main/tests/unit/api/test_serializers.py" line="127" name="test_get_related[job_plays]" time="0.00995206832886"></testcase><testcase classname="awx.main.tests.unit.api.test_serializers.TestJobSerializerGetRelated" file="awx/main/tests/unit/api/test_serializers.py" line="127" name="test_get_related[job_tasks]" time="0.00890707969666"></testcase><testcase classname="awx.main.tests.unit.api.test_serializers.TestJobSerializerGetRelated" file="awx/main/tests/unit/api/test_serializers.py" line="127" name="test_get_related[relaunch]" time="0.00930094718933"></testcase><testcase classname="awx.main.tests.unit.api.test_serializers.TestJobSerializerGetRelated" file="awx/main/tests/unit/api/test_serializers.py" line="127" name="test_get_related[labels]" time="0.0109059810638"></testcase><testcase classname="awx.main.tests.unit.api.test_serializers.TestJobSerializerGetRelated" file="awx/main/tests/unit/api/test_serializers.py" line="137" name="test_job_template_absent" time="0.170041799545"></testcase><testcase classname="awx.main.tests.unit.api.test_serializers.TestJobSerializerGetRelated" file="awx/main/tests/unit/api/test_serializers.py" line="143" name="test_job_template_present" time="0.00863599777222"></testcase><testcase classname="awx.main.tests.unit.api.test_serializers.TestJobSerializerSubstitution" file="awx/main/tests/unit/api/test_serializers.py" line="152" name="test_survey_password_hide" time="0.003910779953"></testcase><testcase classname="awx.main.tests.unit.api.test_serializers.TestJobOptionsSerializerGetSummaryFields" file="awx/main/tests/unit/api/test_serializers.py" line="165" name="test__summary_field_labels_10_max" time="0.00597596168518"></testcase><testcase classname="awx.main.tests.unit.api.test_serializers.TestJobOptionsSerializerGetSummaryFields" file="awx/main/tests/unit/api/test_serializers.py" line="176" name="test_labels_exists" time="0.00700902938843"></testcase><testcase classname="awx.main.tests.unit.api.test_serializers.TestJobTemplateSerializerValidation" file="awx/main/tests/unit/api/test_serializers.py" line="184" name="test_validate_extra_vars" time="0.00386810302734"></testcase><testcase classname="awx.main.tests.unit.api.test_views.TestApiV1RootView" file="awx/main/tests/unit/api/test_views.py" line="26" name="test_get_endpoints" time="0.0132067203522"></testcase><testcase classname="awx.main.tests.unit.api.test_views.TestJobTemplateLabelList" file="awx/main/tests/unit/api/test_views.py" line="66" name="test_inherited_mixin_unattach" time="0.00327277183533"></testcase><testcase classname="awx.main.tests.unit.api.test_views" file="awx/main/tests/unit/api/test_views.py" line="74" name="test_team_roles_list_post_org_roles[/team/1/roles]" time="0.006667137146"></testcase><testcase classname="awx.main.tests.unit.api.test_views" file="awx/main/tests/unit/api/test_views.py" line="74" name="test_team_roles_list_post_org_roles[/role/1/teams]" time="0.00633358955383"></testcase><testcase classname="awx.main.tests.unit.models.test_job_template_unit" file="awx/main/tests/unit/models/test_job_template_unit.py" line="3" name="test_missing_project_error" time="0.00412273406982"></testcase><testcase classname="awx.main.tests.unit.models.test_job_template_unit" file="awx/main/tests/unit/models/test_job_template_unit.py" line="15" name="test_inventory_credential_need_to_start" time="0.00293493270874"></testcase><testcase classname="awx.main.tests.unit.models.test_job_template_unit" file="awx/main/tests/unit/models/test_job_template_unit.py" line="24" name="test_inventory_credential_contradictions" time="0.00287985801697"></testcase><testcase classname="awx.main.tests.unit.models.test_job_template_unit" file="awx/main/tests/unit/models/test_job_template_unit.py" line="36" name="test_survey_password_list" time="0.00352191925049"></testcase><testcase classname="awx.main.tests.unit.models.test_job_unit" file="awx/main/tests/unit/models/test_job_unit.py" line="15" name="test_job_redacted_extra_vars" time="0.00367021560669"></testcase><testcase classname="awx.main.tests.unit.models.test_job_unit" file="awx/main/tests/unit/models/test_job_unit.py" line="23" name="test_job_safe_args_redacted_passwords" time="0.0188040733337"></testcase><testcase classname="awx.main.tests.unit.models.test_job_unit" file="awx/main/tests/unit/models/test_job_unit.py" line="32" name="test_job_args_unredacted_passwords" time="0.0168762207031"></testcase><testcase classname="awx.main.tests.unit.models.test_label" file="awx/main/tests/unit/models/test_label.py" line="6" name="test_get_orphaned_labels" time="0.00237393379211"></testcase><testcase classname="awx.main.tests.unit.models.test_label" file="awx/main/tests/unit/models/test_label.py" line="15" name="test_is_detached" time="0.00250601768494"></testcase><testcase classname="awx.main.tests.unit.models.test_label" file="awx/main/tests/unit/models/test_label.py" line="27" name="test_is_detached_not" time="0.00255393981934"></testcase><testcase classname="awx.main.tests.unit.models.test_label" file="awx/main/tests/unit/models/test_label.py" line="39" name="test_is_candidate_for_detach[1-0-True]" time="0.00402283668518"></testcase><testcase classname="awx.main.tests.unit.models.test_label" file="awx/main/tests/unit/models/test_label.py" line="39" name="test_is_candidate_for_detach[0-1-True]" time="0.00404596328735"></testcase><testcase classname="awx.main.tests.unit.models.test_label" file="awx/main/tests/unit/models/test_label.py" line="39" name="test_is_candidate_for_detach[1-1-False]" time="0.00527000427246"></testcase><testcase classname="awx.main.tests.unit.settings.test_defaults" file="awx/main/tests/unit/settings/test_defaults.py" line="5" name="test_CELERYBEAT_SCHEDULE[label_cleanup-awx.main.tasks.run_label_cleanup]" time="0.00197696685791"></testcase><testcase classname="awx.main.tests.unit.settings.test_defaults" file="awx/main/tests/unit/settings/test_defaults.py" line="5" name="test_CELERYBEAT_SCHEDULE[admin_checks-awx.main.tasks.run_administrative_checks]" time="0.00190401077271"></testcase><testcase classname="awx.main.tests.unit.settings.test_defaults" file="awx/main/tests/unit/settings/test_defaults.py" line="5" name="test_CELERYBEAT_SCHEDULE[tower_scheduler-awx.main.tasks.tower_periodic_scheduler]" time="0.0136108398438"></testcase></testsuite>
